<?xml version="1.0" encoding="UTF-8" ?>
<testsuite tests="2" failures="0" name="Test.TestBuild" time="5.359" errors="1" skipped="0">
  <properties>
[...]
</properties>
  <testcase classname="Test.TestBuild" name="testSave" time="4.225">
    <error message="
### Error updating database.  Cause: com.mysql.jdbc.exceptions.jdbc4.MySQLIntegrityConstraintViolationException: Duplicate entry &apos;13&apos; for key &apos;build_number_uk&apos;
### The error may involve cn.hdu.HDU_Minitor.dao.BuildDao.save-Inline
### The error occurred while setting parameters
### SQL: INSERT INTO hdu_monitor_build(build_id,build_number,build_name)    VALUES(?,?,?)
### Cause: com.mysql.jdbc.exceptions.jdbc4.MySQLIntegrityConstraintViolationException: Duplicate entry &apos;13&apos; for key &apos;build_number_uk&apos;
; SQL []; Duplicate entry &apos;13&apos; for key &apos;build_number_uk&apos;; nested exception is com.mysql.jdbc.exceptions.jdbc4.MySQLIntegrityConstraintViolationException: Duplicate entry &apos;13&apos; for key &apos;build_number_uk&apos;" type="org.springframework.dao.DuplicateKeyException">org.springframework.dao.DuplicateKeyException: 
### Error updating database.  Cause: com.mysql.jdbc.exceptions.jdbc4.MySQLIntegrityConstraintViolationException: Duplicate entry &apos;13&apos; for key &apos;build_number_uk&apos;
### The error may involve cn.hdu.HDU_Minitor.dao.BuildDao.save-Inline
### The error occurred while setting parameters
### SQL: INSERT INTO hdu_monitor_build(build_id,build_number,build_name)    VALUES(?,?,?)
### Cause: com.mysql.jdbc.exceptions.jdbc4.MySQLIntegrityConstraintViolationException: Duplicate entry &apos;13&apos; for key &apos;build_number_uk&apos;
; SQL []; Duplicate entry &apos;13&apos; for key &apos;build_number_uk&apos;; nested exception is com.mysql.jdbc.exceptions.jdbc4.MySQLIntegrityConstraintViolationException: Duplicate entry &apos;13&apos; for key &apos;build_number_uk&apos;
	at org.springframework.jdbc.support.SQLErrorCodeSQLExceptionTranslator.doTranslate(SQLErrorCodeSQLExceptionTranslator.java:239)
	at org.springframework.jdbc.support.AbstractFallbackSQLExceptionTranslator.translate(AbstractFallbackSQLExceptionTranslator.java:73)
	at org.mybatis.spring.MyBatisExceptionTranslator.translateExceptionIfPossible(MyBatisExceptionTranslator.java:73)
	at org.mybatis.spring.SqlSessionTemplate$SqlSessionInterceptor.invoke(SqlSessionTemplate.java:446)
	at com.sun.proxy.$Proxy25.insert(Unknown Source)
	at org.mybatis.spring.SqlSessionTemplate.insert(SqlSessionTemplate.java:278)
	at org.apache.ibatis.binding.MapperMethod.execute(MapperMethod.java:58)
	at org.apache.ibatis.binding.MapperProxy.invoke(MapperProxy.java:59)
	at com.sun.proxy.$Proxy26.save(Unknown Source)
	at Test.TestBuild.testSave(TestBuild.java:34)
	at java.base/jdk.internal.reflect.NativeMethodAccessorImpl.invoke0(Native Method)
	at java.base/jdk.internal.reflect.NativeMethodAccessorImpl.invoke(NativeMethodAccessorImpl.java:62)
	at java.base/jdk.internal.reflect.DelegatingMethodAccessorImpl.invoke(DelegatingMethodAccessorImpl.java:43)
	at java.base/java.lang.reflect.Method.invoke(Method.java:564)
	at org.junit.runners.model.FrameworkMethod$1.runReflectiveCall(FrameworkMethod.java:47)
	at org.junit.internal.runners.model.ReflectiveCallable.run(ReflectiveCallable.java:12)
	at org.junit.runners.model.FrameworkMethod.invokeExplosively(FrameworkMethod.java:44)
	at org.junit.internal.runners.statements.InvokeMethod.evaluate(InvokeMethod.java:17)
	at org.junit.internal.runners.statements.RunBefores.evaluate(RunBefores.java:26)
	at org.junit.runners.ParentRunner.runLeaf(ParentRunner.java:271)
	at org.junit.runners.BlockJUnit4ClassRunner.runChild(BlockJUnit4ClassRunner.java:70)
	at org.junit.runners.BlockJUnit4ClassRunner.runChild(BlockJUnit4ClassRunner.java:50)
	at org.junit.runners.ParentRunner$3.run(ParentRunner.java:238)
	at org.junit.runners.ParentRunner$1.schedule(ParentRunner.java:63)
	at org.junit.runners.ParentRunner.runChildren(ParentRunner.java:236)
	at org.junit.runners.ParentRunner.access$000(ParentRunner.java:53)
	at org.junit.runners.ParentRunner$2.evaluate(ParentRunner.java:229)
	at org.junit.runners.ParentRunner.run(ParentRunner.java:309)
	at org.apache.maven.surefire.junit4.JUnit4Provider.execute(JUnit4Provider.java:252)
	at org.apache.maven.surefire.junit4.JUnit4Provider.executeTestSet(JUnit4Provider.java:141)
	at org.apache.maven.surefire.junit4.JUnit4Provider.invoke(JUnit4Provider.java:112)
	at java.base/jdk.internal.reflect.NativeMethodAccessorImpl.invoke0(Native Method)
	at java.base/jdk.internal.reflect.NativeMethodAccessorImpl.invoke(NativeMethodAccessorImpl.java:62)
	at java.base/jdk.internal.reflect.DelegatingMethodAccessorImpl.invoke(DelegatingMethodAccessorImpl.java:43)
	at java.base/java.lang.reflect.Method.invoke(Method.java:564)
	at org.apache.maven.surefire.util.ReflectionUtils.invokeMethodWithArray(ReflectionUtils.java:189)
	at org.apache.maven.surefire.booter.ProviderFactory$ProviderProxy.invoke(ProviderFactory.java:165)
	at org.apache.maven.surefire.booter.ProviderFactory.invokeProvider(ProviderFactory.java:85)
	at org.apache.maven.surefire.booter.ForkedBooter.runSuitesInProcess(ForkedBooter.java:115)
	at org.apache.maven.surefire.booter.ForkedBooter.main(ForkedBooter.java:75)
Caused by: com.mysql.jdbc.exceptions.jdbc4.MySQLIntegrityConstraintViolationException: Duplicate entry &apos;13&apos; for key &apos;build_number_uk&apos;
	at java.base/jdk.internal.reflect.NativeConstructorAccessorImpl.newInstance0(Native Method)
	at java.base/jdk.internal.reflect.NativeConstructorAccessorImpl.newInstance(NativeConstructorAccessorImpl.java:62)
	at java.base/jdk.internal.reflect.DelegatingConstructorAccessorImpl.newInstance(DelegatingConstructorAccessorImpl.java:45)
	at java.base/java.lang.reflect.Constructor.newInstance(Constructor.java:488)
	at com.mysql.jdbc.Util.handleNewInstance(Util.java:404)
	at com.mysql.jdbc.Util.getInstance(Util.java:387)
	at com.mysql.jdbc.SQLError.createSQLException(SQLError.java:934)
	at com.mysql.jdbc.MysqlIO.checkErrorPacket(MysqlIO.java:3870)
	at com.mysql.jdbc.MysqlIO.checkErrorPacket(MysqlIO.java:3806)
	at com.mysql.jdbc.MysqlIO.sendCommand(MysqlIO.java:2470)
	at com.mysql.jdbc.MysqlIO.sqlQueryDirect(MysqlIO.java:2617)
	at com.mysql.jdbc.ConnectionImpl.execSQL(ConnectionImpl.java:2550)
	at com.mysql.jdbc.PreparedStatement.executeInternal(PreparedStatement.java:1861)
	at com.mysql.jdbc.PreparedStatement.execute(PreparedStatement.java:1192)
	at org.apache.commons.dbcp.DelegatingPreparedStatement.execute(DelegatingPreparedStatement.java:172)
	at org.apache.commons.dbcp.DelegatingPreparedStatement.execute(DelegatingPreparedStatement.java:172)
	at java.base/jdk.internal.reflect.NativeMethodAccessorImpl.invoke0(Native Method)
	at java.base/jdk.internal.reflect.NativeMethodAccessorImpl.invoke(NativeMethodAccessorImpl.java:62)
	at java.base/jdk.internal.reflect.DelegatingMethodAccessorImpl.invoke(DelegatingMethodAccessorImpl.java:43)
	at java.base/java.lang.reflect.Method.invoke(Method.java:564)
	at org.apache.ibatis.logging.jdbc.PreparedStatementLogger.invoke(PreparedStatementLogger.java:59)
	at com.sun.proxy.$Proxy29.execute(Unknown Source)
	at org.apache.ibatis.executor.statement.PreparedStatementHandler.update(PreparedStatementHandler.java:46)
	at org.apache.ibatis.executor.statement.RoutingStatementHandler.update(RoutingStatementHandler.java:74)
	at org.apache.ibatis.executor.SimpleExecutor.doUpdate(SimpleExecutor.java:50)
	at org.apache.ibatis.executor.BaseExecutor.update(BaseExecutor.java:117)
	at org.apache.ibatis.executor.CachingExecutor.update(CachingExecutor.java:76)
	at org.apache.ibatis.session.defaults.DefaultSqlSession.update(DefaultSqlSession.java:198)
	at org.apache.ibatis.session.defaults.DefaultSqlSession.insert(DefaultSqlSession.java:185)
	at java.base/jdk.internal.reflect.NativeMethodAccessorImpl.invoke0(Native Method)
	at java.base/jdk.internal.reflect.NativeMethodAccessorImpl.invoke(NativeMethodAccessorImpl.java:62)
	at java.base/jdk.internal.reflect.DelegatingMethodAccessorImpl.invoke(DelegatingMethodAccessorImpl.java:43)
	at java.base/java.lang.reflect.Method.invoke(Method.java:564)
	at org.mybatis.spring.SqlSessionTemplate$SqlSessionInterceptor.invoke(SqlSessionTemplate.java:433)
	... 36 more
</error>
    <system-out>getContext()
14:07:01.015 [main] DEBUG o.s.core.env.StandardEnvironment - Adding PropertySource &apos;systemProperties&apos; with lowest search precedence
14:07:01.023 [main] DEBUG o.s.core.env.StandardEnvironment - Adding PropertySource &apos;systemEnvironment&apos; with lowest search precedence
14:07:01.024 [main] DEBUG o.s.core.env.StandardEnvironment - Initialized StandardEnvironment with PropertySources [MapPropertySource@106374177 {name=&apos;systemProperties&apos;, properties={sun.desktop=windows, awt.toolkit=sun.awt.windows.WToolkit, java.specification.version=9, file.encoding.pkg=sun.io, sun.cpu.isalist=amd64, sun.jnu.encoding=GBK, java.class.path=F:\Git\JAVAProject\HDU_Minitor\target\test-classes;F:\Git\JAVAProject\HDU_Minitor\target\classes;E:\eclipse-workspace\.m2\repository\org\springframework\spring-webmvc\4.3.11.RELEASE\spring-webmvc-4.3.11.RELEASE.jar;E:\eclipse-workspace\.m2\repository\org\springframework\spring-aop\4.3.11.RELEASE\spring-aop-4.3.11.RELEASE.jar;E:\eclipse-workspace\.m2\repository\org\springframework\spring-beans\4.3.11.RELEASE\spring-beans-4.3.11.RELEASE.jar;E:\eclipse-workspace\.m2\repository\org\springframework\spring-context\4.3.11.RELEASE\spring-context-4.3.11.RELEASE.jar;E:\eclipse-workspace\.m2\repository\org\springframework\spring-core\4.3.11.RELEASE\spring-core-4.3.11.RELEASE.jar;E:\eclipse-workspace\.m2\repository\commons-logging\commons-logging\1.2\commons-logging-1.2.jar;E:\eclipse-workspace\.m2\repository\org\springframework\spring-expression\4.3.11.RELEASE\spring-expression-4.3.11.RELEASE.jar;E:\eclipse-workspace\.m2\repository\org\springframework\spring-web\4.3.11.RELEASE\spring-web-4.3.11.RELEASE.jar;E:\eclipse-workspace\.m2\repository\org\springframework\spring-jdbc\4.3.11.RELEASE\spring-jdbc-4.3.11.RELEASE.jar;E:\eclipse-workspace\.m2\repository\org\springframework\spring-tx\4.3.11.RELEASE\spring-tx-4.3.11.RELEASE.jar;E:\eclipse-workspace\.m2\repository\commons-dbcp\commons-dbcp\1.4\commons-dbcp-1.4.jar;E:\eclipse-workspace\.m2\repository\commons-pool\commons-pool\1.5.4\commons-pool-1.5.4.jar;E:\eclipse-workspace\.m2\repository\mysql\mysql-connector-java\5.1.37\mysql-connector-java-5.1.37.jar;E:\eclipse-workspace\.m2\repository\org\mybatis\mybatis\3.4.6\mybatis-3.4.6.jar;E:\eclipse-workspace\.m2\repository\org\mybatis\mybatis-spring\1.3.1\mybatis-spring-1.3.1.jar;E:\eclipse-workspace\.m2\repository\jstl\jstl\1.2\jstl-1.2.jar;E:\eclipse-workspace\.m2\repository\com\mangofactory\swagger-springmvc\1.0.2\swagger-springmvc-1.0.2.jar;E:\eclipse-workspace\.m2\repository\org\slf4j\slf4j-api\1.7.7\slf4j-api-1.7.7.jar;E:\eclipse-workspace\.m2\repository\joda-time\joda-time\2.5\joda-time-2.5.jar;E:\eclipse-workspace\.m2\repository\com\mangofactory\swagger-models\1.0.2\swagger-models-1.0.2.jar;E:\eclipse-workspace\.m2\repository\com\wordnik\swagger-annotations\1.3.11\swagger-annotations-1.3.11.jar;E:\eclipse-workspace\.m2\repository\com\google\guava\guava\15.0\guava-15.0.jar;E:\eclipse-workspace\.m2\repository\com\fasterxml\jackson\core\jackson-annotations\2.6.1\jackson-annotations-2.6.1.jar;E:\eclipse-workspace\.m2\repository\com\fasterxml\jackson\core\jackson-databind\2.6.1\jackson-databind-2.6.1.jar;E:\eclipse-workspace\.m2\repository\com\fasterxml\jackson\core\jackson-core\2.6.1\jackson-core-2.6.1.jar;E:\eclipse-workspace\.m2\repository\com\fasterxml\classmate\1.1.0\classmate-1.1.0.jar;E:\eclipse-workspace\.m2\repository\org\springframework\data\spring-data-redis\1.8.7.RELEASE\spring-data-redis-1.8.7.RELEASE.jar;E:\eclipse-workspace\.m2\repository\org\springframework\data\spring-data-keyvalue\1.2.7.RELEASE\spring-data-keyvalue-1.2.7.RELEASE.jar;E:\eclipse-workspace\.m2\repository\org\springframework\data\spring-data-commons\1.13.7.RELEASE\spring-data-commons-1.13.7.RELEASE.jar;E:\eclipse-workspace\.m2\repository\org\springframework\spring-oxm\4.3.11.RELEASE\spring-oxm-4.3.11.RELEASE.jar;E:\eclipse-workspace\.m2\repository\org\springframework\spring-context-support\4.3.11.RELEASE\spring-context-support-4.3.11.RELEASE.jar;E:\eclipse-workspace\.m2\repository\org\slf4j\jcl-over-slf4j\1.7.25\jcl-over-slf4j-1.7.25.jar;E:\eclipse-workspace\.m2\repository\redis\clients\jedis\2.9.0\jedis-2.9.0.jar;E:\eclipse-workspace\.m2\repository\org\apache\commons\commons-pool2\2.4.2\commons-pool2-2.4.2.jar;E:\eclipse-workspace\.m2\repository\ch\qos\logback\logback-classic\0.9.24\logback-classic-0.9.24.jar;E:\eclipse-workspace\.m2\repository\ch\qos\logback\logback-core\0.9.24\logback-core-0.9.24.jar;E:\eclipse-workspace\.m2\repository\log4j\log4j\1.2.17\log4j-1.2.17.jar;E:\eclipse-workspace\.m2\repository\org\aspectj\aspectjrt\1.8.10\aspectjrt-1.8.10.jar;E:\eclipse-workspace\.m2\repository\org\aspectj\aspectjweaver\1.8.10\aspectjweaver-1.8.10.jar;E:\eclipse-workspace\.m2\repository\junit\junit\4.11\junit-4.11.jar;E:\eclipse-workspace\.m2\repository\org\hamcrest\hamcrest-core\1.3\hamcrest-core-1.3.jar;E:\eclipse-workspace\.m2\repository\javax\servlet\servlet-api\2.5\servlet-api-2.5.jar;E:\eclipse-workspace\.m2\repository\javax\servlet\jsp\jsp-api\2.1.3-b06\jsp-api-2.1.3-b06.jar;E:\eclipse-workspace\.m2\repository\org\glassfish\javax.servlet\3.0-b70\javax.servlet-3.0-b70.jar;E:\eclipse-workspace\.m2\repository\javax\el\el-api\2.1.2-b05\el-api-2.1.2-b05.jar;, java.vm.vendor=Oracle Corporation, sun.arch.data.model=64, user.variant=, java.vendor.url=http://java.oracle.com/, user.timezone=Asia/Shanghai, os.name=Windows 7, java.vm.specification.version=9, sun.java.launcher=SUN_STANDARD, user.country=CN, sun.boot.library.path=E:\Java\jdk 9.01\bin, sun.java.command=F:\Git\JAVAProject\HDU_Minitor\target\surefire\surefirebooter9040375031050353846.jar F:\Git\JAVAProject\HDU_Minitor\target\surefire\surefire6366189002758959061tmp F:\Git\JAVAProject\HDU_Minitor\target\surefire\surefire_013619108730529990772tmp, jdk.debug=release, surefire.test.class.path=F:\Git\JAVAProject\HDU_Minitor\target\test-classes;F:\Git\JAVAProject\HDU_Minitor\target\classes;E:\eclipse-workspace\.m2\repository\org\springframework\spring-webmvc\4.3.11.RELEASE\spring-webmvc-4.3.11.RELEASE.jar;E:\eclipse-workspace\.m2\repository\org\springframework\spring-aop\4.3.11.RELEASE\spring-aop-4.3.11.RELEASE.jar;E:\eclipse-workspace\.m2\repository\org\springframework\spring-beans\4.3.11.RELEASE\spring-beans-4.3.11.RELEASE.jar;E:\eclipse-workspace\.m2\repository\org\springframework\spring-context\4.3.11.RELEASE\spring-context-4.3.11.RELEASE.jar;E:\eclipse-workspace\.m2\repository\org\springframework\spring-core\4.3.11.RELEASE\spring-core-4.3.11.RELEASE.jar;E:\eclipse-workspace\.m2\repository\commons-logging\commons-logging\1.2\commons-logging-1.2.jar;E:\eclipse-workspace\.m2\repository\org\springframework\spring-expression\4.3.11.RELEASE\spring-expression-4.3.11.RELEASE.jar;E:\eclipse-workspace\.m2\repository\org\springframework\spring-web\4.3.11.RELEASE\spring-web-4.3.11.RELEASE.jar;E:\eclipse-workspace\.m2\repository\org\springframework\spring-jdbc\4.3.11.RELEASE\spring-jdbc-4.3.11.RELEASE.jar;E:\eclipse-workspace\.m2\repository\org\springframework\spring-tx\4.3.11.RELEASE\spring-tx-4.3.11.RELEASE.jar;E:\eclipse-workspace\.m2\repository\commons-dbcp\commons-dbcp\1.4\commons-dbcp-1.4.jar;E:\eclipse-workspace\.m2\repository\commons-pool\commons-pool\1.5.4\commons-pool-1.5.4.jar;E:\eclipse-workspace\.m2\repository\mysql\mysql-connector-java\5.1.37\mysql-connector-java-5.1.37.jar;E:\eclipse-workspace\.m2\repository\org\mybatis\mybatis\3.4.6\mybatis-3.4.6.jar;E:\eclipse-workspace\.m2\repository\org\mybatis\mybatis-spring\1.3.1\mybatis-spring-1.3.1.jar;E:\eclipse-workspace\.m2\repository\jstl\jstl\1.2\jstl-1.2.jar;E:\eclipse-workspace\.m2\repository\com\mangofactory\swagger-springmvc\1.0.2\swagger-springmvc-1.0.2.jar;E:\eclipse-workspace\.m2\repository\org\slf4j\slf4j-api\1.7.7\slf4j-api-1.7.7.jar;E:\eclipse-workspace\.m2\repository\joda-time\joda-time\2.5\joda-time-2.5.jar;E:\eclipse-workspace\.m2\repository\com\mangofactory\swagger-models\1.0.2\swagger-models-1.0.2.jar;E:\eclipse-workspace\.m2\repository\com\wordnik\swagger-annotations\1.3.11\swagger-annotations-1.3.11.jar;E:\eclipse-workspace\.m2\repository\com\google\guava\guava\15.0\guava-15.0.jar;E:\eclipse-workspace\.m2\repository\com\fasterxml\jackson\core\jackson-annotations\2.6.1\jackson-annotations-2.6.1.jar;E:\eclipse-workspace\.m2\repository\com\fasterxml\jackson\core\jackson-databind\2.6.1\jackson-databind-2.6.1.jar;E:\eclipse-workspace\.m2\repository\com\fasterxml\jackson\core\jackson-core\2.6.1\jackson-core-2.6.1.jar;E:\eclipse-workspace\.m2\repository\com\fasterxml\classmate\1.1.0\classmate-1.1.0.jar;E:\eclipse-workspace\.m2\repository\org\springframework\data\spring-data-redis\1.8.7.RELEASE\spring-data-redis-1.8.7.RELEASE.jar;E:\eclipse-workspace\.m2\repository\org\springframework\data\spring-data-keyvalue\1.2.7.RELEASE\spring-data-keyvalue-1.2.7.RELEASE.jar;E:\eclipse-workspace\.m2\repository\org\springframework\data\spring-data-commons\1.13.7.RELEASE\spring-data-commons-1.13.7.RELEASE.jar;E:\eclipse-workspace\.m2\repository\org\springframework\spring-oxm\4.3.11.RELEASE\spring-oxm-4.3.11.RELEASE.jar;E:\eclipse-workspace\.m2\repository\org\springframework\spring-context-support\4.3.11.RELEASE\spring-context-support-4.3.11.RELEASE.jar;E:\eclipse-workspace\.m2\repository\org\slf4j\jcl-over-slf4j\1.7.25\jcl-over-slf4j-1.7.25.jar;E:\eclipse-workspace\.m2\repository\redis\clients\jedis\2.9.0\jedis-2.9.0.jar;E:\eclipse-workspace\.m2\repository\org\apache\commons\commons-pool2\2.4.2\commons-pool2-2.4.2.jar;E:\eclipse-workspace\.m2\repository\ch\qos\logback\logback-classic\0.9.24\logback-classic-0.9.24.jar;E:\eclipse-workspace\.m2\repository\ch\qos\logback\logback-core\0.9.24\logback-core-0.9.24.jar;E:\eclipse-workspace\.m2\repository\log4j\log4j\1.2.17\log4j-1.2.17.jar;E:\eclipse-workspace\.m2\repository\org\aspectj\aspectjrt\1.8.10\aspectjrt-1.8.10.jar;E:\eclipse-workspace\.m2\repository\org\aspectj\aspectjweaver\1.8.10\aspectjweaver-1.8.10.jar;E:\eclipse-workspace\.m2\repository\junit\junit\4.11\junit-4.11.jar;E:\eclipse-workspace\.m2\repository\org\hamcrest\hamcrest-core\1.3\hamcrest-core-1.3.jar;E:\eclipse-workspace\.m2\repository\javax\servlet\servlet-api\2.5\servlet-api-2.5.jar;E:\eclipse-workspace\.m2\repository\javax\servlet\jsp\jsp-api\2.1.3-b06\jsp-api-2.1.3-b06.jar;E:\eclipse-workspace\.m2\repository\org\glassfish\javax.servlet\3.0-b70\javax.servlet-3.0-b70.jar;E:\eclipse-workspace\.m2\repository\javax\el\el-api\2.1.2-b05\el-api-2.1.2-b05.jar;, sun.cpu.endian=little, user.home=C:\Users\SunWay, user.language=zh, java.specification.vendor=Oracle Corporation, java.home=E:\Java\jdk 9.01, file.separator=\, basedir=F:\Git\JAVAProject\HDU_Minitor, java.vm.compressedOopsMode=32-bit, line.separator=
, java.vm.specification.vendor=Oracle Corporation, java.specification.name=Java Platform API Specification, java.awt.graphicsenv=sun.awt.Win32GraphicsEnvironment, surefire.real.class.path=F:\Git\JAVAProject\HDU_Minitor\target\surefire\surefirebooter9040375031050353846.jar, user.script=, sun.management.compiler=HotSpot 64-Bit Tiered Compilers, java.runtime.version=9.0.1+11, user.name=SunWay, path.separator=;, os.version=6.1, java.runtime.name=Java(TM) SE Runtime Environment, file.encoding=GBK, java.vm.name=Java HotSpot(TM) 64-Bit Server VM, localRepository=E:\eclipse-workspace\.m2\repository, java.vendor.url.bug=http://bugreport.java.com/bugreport/, java.io.tmpdir=C:\Users\SunWay\AppData\Local\Temp\, java.version=9.0.1, user.dir=F:\Git\JAVAProject\HDU_Minitor, os.arch=amd64, java.vm.specification.name=Java Virtual Machine Specification, java.awt.printerjob=sun.awt.windows.WPrinterJob, sun.os.patch.level=Service Pack 1, java.library.path=E:\Java\jdk 9.01\bin;C:\Windows\Sun\Java\bin;C:\Windows\system32;C:\Windows;E:\OracleXE\OracleInstall\app\oracle\product\10.2.0\server\bin;C:\ProgramData\Oracle\Java\javapath;C:\Program Files (x86)\NVIDIA Corporation\PhysX\Common;C:\Program Files (x86)\Intel\iCLS Client\;C:\Program Files\Intel\iCLS Client\;C:\Windows\system32;C:\Windows;C:\Windows\System32\Wbem;C:\Windows\System32\WindowsPowerShell\v1.0\;C:\Program Files (x86)\Intel\OpenCL SDK\2.0\bin\x86;C:\Program Files (x86)\Intel\OpenCL SDK\2.0\bin\x64;C:\Program Files\Intel\Intel(R) Management Engine Components\DAL;C:\Program Files\Intel\Intel(R) Management Engine Components\IPT;E:\Java\jdk 9.01\bin;E:\Java\jdk 9.01\jre\bin;C:\Program Files (x86)\Intel\Intel(R) Management Engine Components\DAL;C:\Program Files (x86)\Intel\Intel(R) Management Engine Components\IPT;E:\eclipse-workspace\tomcat\bin;%CATLINA_HOME%\lib;F:\Git\cmd;E:\matlab\bin\win32;C:\Program Files (x86)\Microsoft Visual Studio\Common\Tools\WinNT;C:\Program Files (x86)\Microsoft Visual Studio\Common\MSDev98\Bin;C:\Program Files (x86)\Microsoft Visual Studio\Common\Tools;C:\Program Files (x86)\Microsoft Visual Studio\VC98\bin;., java.vm.info=mixed mode, java.vendor=Oracle Corporation, java.vm.version=9.0.1+11, sun.io.unicode.encoding=UnicodeLittle, java.class.version=53.0}}, SystemEnvironmentPropertySource@1803669141 {name=&apos;systemEnvironment&apos;, properties={ACTEL_FOR_ALTIUM_OVERRIDE= , PATH=E:\OracleXE\OracleInstall\app\oracle\product\10.2.0\server\bin;C:\ProgramData\Oracle\Java\javapath;C:\Program Files (x86)\NVIDIA Corporation\PhysX\Common;C:\Program Files (x86)\Intel\iCLS Client\;C:\Program Files\Intel\iCLS Client\;C:\Windows\system32;C:\Windows;C:\Windows\System32\Wbem;C:\Windows\System32\WindowsPowerShell\v1.0\;C:\Program Files (x86)\Intel\OpenCL SDK\2.0\bin\x86;C:\Program Files (x86)\Intel\OpenCL SDK\2.0\bin\x64;C:\Program Files\Intel\Intel(R) Management Engine Components\DAL;C:\Program Files\Intel\Intel(R) Management Engine Components\IPT;E:\Java\jdk 9.01\bin;E:\Java\jdk 9.01\jre\bin;C:\Program Files (x86)\Intel\Intel(R) Management Engine Components\DAL;C:\Program Files (x86)\Intel\Intel(R) Management Engine Components\IPT;E:\eclipse-workspace\tomcat\bin;%CATLINA_HOME%\lib;F:\Git\cmd;E:\matlab\bin\win32;C:\Program Files (x86)\Microsoft Visual Studio\Common\Tools\WinNT;C:\Program Files (x86)\Microsoft Visual Studio\Common\MSDev98\Bin;C:\Program Files (x86)\Microsoft Visual Studio\Common\Tools;C:\Program Files (x86)\Microsoft Visual Studio\VC98\bin, LOCALAPPDATA=C:\Users\SunWay\AppData\Local, PROCESSOR_LEVEL=6, SYSTEMDRIVE=C:, COMMONPROGRAMFILES(X86)=C:\Program Files (x86)\Common Files, FP_NO_HOST_CHECK=NO, USERDOMAIN=SunWay-PC, LOGONSERVER=\\SUNWAY-PC, JAVA_HOME=E:\Java\jdk 9.01, PROMPT=$P$G, SESSIONNAME=Console, ALLUSERSPROFILE=C:\ProgramData, ALTERA_FOR_ALTIUM_OVERRIDE= , PROGRAMFILES(X86)=C:\Program Files (x86), PROCESSOR_ARCHITECTURE=AMD64, PROGRAMFILES=C:\Program Files, APPDATA=C:\Users\SunWay\AppData\Roaming, PSMODULEPATH=C:\Windows\system32\WindowsPowerShell\v1.0\Modules\, PROGRAMW6432=C:\Program Files, PROGRAMDATA=C:\ProgramData, SYSTEMROOT=C:\Windows, USERNAME=SunWay, TOMCAT_HOME=E:\eclipse-workspace\tomcat, INCLUDE=C:\Program Files (x86)\Microsoft Visual Studio\VC98\atl\include;C:\Program Files (x86)\Microsoft Visual Studio\VC98\mfc\include;C:\Program Files (x86)\Microsoft Visual Studio\VC98\include, PATHEXT=.COM;.EXE;.BAT;.CMD;.VBS;.VBE;.JS;.JSE;.WSF;.WSH;.MSC, LIB=C:\Program Files (x86)\Microsoft Visual Studio\VC98\mfc\lib;C:\Program Files (x86)\Microsoft Visual Studio\VC98\lib, OS=Windows_NT, COMMONPROGRAMW6432=C:\Program Files\Common Files, COMPUTERNAME=SUNWAY-PC, COMMONPROGRAMFILES=C:\Program Files\Common Files, COMSPEC=C:\Windows\system32\cmd.exe, CATALINA_HOME=E:\eclipse-workspace\tomcat, PROCESSOR_REVISION=3a09, WINDIR=C:\Windows, =F:=F:\Git\JAVAProject\HDU_Minitor, HOMEPATH=\Users\SunWay, TEMP=C:\Users\SunWay\AppData\Local\Temp, HOMEDRIVE=C:, PROCESSOR_IDENTIFIER=Intel64 Family 6 Model 58 Stepping 9, GenuineIntel, USERPROFILE=C:\Users\SunWay, TMP=C:\Users\SunWay\AppData\Local\Temp, PUBLIC=C:\Users\Public, NUMBER_OF_PROCESSORS=4}}]
14:07:01.039 [main] INFO  o.s.c.s.ClassPathXmlApplicationContext - Refreshing org.springframework.context.support.ClassPathXmlApplicationContext@7ed7259e: startup date [Mon Jun 11 14:07:01 CST 2018]; root of context hierarchy
14:07:01.088 [main] DEBUG o.s.core.env.StandardEnvironment - Adding PropertySource &apos;systemProperties&apos; with lowest search precedence
14:07:01.089 [main] DEBUG o.s.core.env.StandardEnvironment - Adding PropertySource &apos;systemEnvironment&apos; with lowest search precedence
14:07:01.089 [main] DEBUG o.s.core.env.StandardEnvironment - Initialized StandardEnvironment with PropertySources [MapPropertySource@1442726378 {name=&apos;systemProperties&apos;, properties={sun.desktop=windows, awt.toolkit=sun.awt.windows.WToolkit, java.specification.version=9, file.encoding.pkg=sun.io, sun.cpu.isalist=amd64, sun.jnu.encoding=GBK, java.class.path=F:\Git\JAVAProject\HDU_Minitor\target\test-classes;F:\Git\JAVAProject\HDU_Minitor\target\classes;E:\eclipse-workspace\.m2\repository\org\springframework\spring-webmvc\4.3.11.RELEASE\spring-webmvc-4.3.11.RELEASE.jar;E:\eclipse-workspace\.m2\repository\org\springframework\spring-aop\4.3.11.RELEASE\spring-aop-4.3.11.RELEASE.jar;E:\eclipse-workspace\.m2\repository\org\springframework\spring-beans\4.3.11.RELEASE\spring-beans-4.3.11.RELEASE.jar;E:\eclipse-workspace\.m2\repository\org\springframework\spring-context\4.3.11.RELEASE\spring-context-4.3.11.RELEASE.jar;E:\eclipse-workspace\.m2\repository\org\springframework\spring-core\4.3.11.RELEASE\spring-core-4.3.11.RELEASE.jar;E:\eclipse-workspace\.m2\repository\commons-logging\commons-logging\1.2\commons-logging-1.2.jar;E:\eclipse-workspace\.m2\repository\org\springframework\spring-expression\4.3.11.RELEASE\spring-expression-4.3.11.RELEASE.jar;E:\eclipse-workspace\.m2\repository\org\springframework\spring-web\4.3.11.RELEASE\spring-web-4.3.11.RELEASE.jar;E:\eclipse-workspace\.m2\repository\org\springframework\spring-jdbc\4.3.11.RELEASE\spring-jdbc-4.3.11.RELEASE.jar;E:\eclipse-workspace\.m2\repository\org\springframework\spring-tx\4.3.11.RELEASE\spring-tx-4.3.11.RELEASE.jar;E:\eclipse-workspace\.m2\repository\commons-dbcp\commons-dbcp\1.4\commons-dbcp-1.4.jar;E:\eclipse-workspace\.m2\repository\commons-pool\commons-pool\1.5.4\commons-pool-1.5.4.jar;E:\eclipse-workspace\.m2\repository\mysql\mysql-connector-java\5.1.37\mysql-connector-java-5.1.37.jar;E:\eclipse-workspace\.m2\repository\org\mybatis\mybatis\3.4.6\mybatis-3.4.6.jar;E:\eclipse-workspace\.m2\repository\org\mybatis\mybatis-spring\1.3.1\mybatis-spring-1.3.1.jar;E:\eclipse-workspace\.m2\repository\jstl\jstl\1.2\jstl-1.2.jar;E:\eclipse-workspace\.m2\repository\com\mangofactory\swagger-springmvc\1.0.2\swagger-springmvc-1.0.2.jar;E:\eclipse-workspace\.m2\repository\org\slf4j\slf4j-api\1.7.7\slf4j-api-1.7.7.jar;E:\eclipse-workspace\.m2\repository\joda-time\joda-time\2.5\joda-time-2.5.jar;E:\eclipse-workspace\.m2\repository\com\mangofactory\swagger-models\1.0.2\swagger-models-1.0.2.jar;E:\eclipse-workspace\.m2\repository\com\wordnik\swagger-annotations\1.3.11\swagger-annotations-1.3.11.jar;E:\eclipse-workspace\.m2\repository\com\google\guava\guava\15.0\guava-15.0.jar;E:\eclipse-workspace\.m2\repository\com\fasterxml\jackson\core\jackson-annotations\2.6.1\jackson-annotations-2.6.1.jar;E:\eclipse-workspace\.m2\repository\com\fasterxml\jackson\core\jackson-databind\2.6.1\jackson-databind-2.6.1.jar;E:\eclipse-workspace\.m2\repository\com\fasterxml\jackson\core\jackson-core\2.6.1\jackson-core-2.6.1.jar;E:\eclipse-workspace\.m2\repository\com\fasterxml\classmate\1.1.0\classmate-1.1.0.jar;E:\eclipse-workspace\.m2\repository\org\springframework\data\spring-data-redis\1.8.7.RELEASE\spring-data-redis-1.8.7.RELEASE.jar;E:\eclipse-workspace\.m2\repository\org\springframework\data\spring-data-keyvalue\1.2.7.RELEASE\spring-data-keyvalue-1.2.7.RELEASE.jar;E:\eclipse-workspace\.m2\repository\org\springframework\data\spring-data-commons\1.13.7.RELEASE\spring-data-commons-1.13.7.RELEASE.jar;E:\eclipse-workspace\.m2\repository\org\springframework\spring-oxm\4.3.11.RELEASE\spring-oxm-4.3.11.RELEASE.jar;E:\eclipse-workspace\.m2\repository\org\springframework\spring-context-support\4.3.11.RELEASE\spring-context-support-4.3.11.RELEASE.jar;E:\eclipse-workspace\.m2\repository\org\slf4j\jcl-over-slf4j\1.7.25\jcl-over-slf4j-1.7.25.jar;E:\eclipse-workspace\.m2\repository\redis\clients\jedis\2.9.0\jedis-2.9.0.jar;E:\eclipse-workspace\.m2\repository\org\apache\commons\commons-pool2\2.4.2\commons-pool2-2.4.2.jar;E:\eclipse-workspace\.m2\repository\ch\qos\logback\logback-classic\0.9.24\logback-classic-0.9.24.jar;E:\eclipse-workspace\.m2\repository\ch\qos\logback\logback-core\0.9.24\logback-core-0.9.24.jar;E:\eclipse-workspace\.m2\repository\log4j\log4j\1.2.17\log4j-1.2.17.jar;E:\eclipse-workspace\.m2\repository\org\aspectj\aspectjrt\1.8.10\aspectjrt-1.8.10.jar;E:\eclipse-workspace\.m2\repository\org\aspectj\aspectjweaver\1.8.10\aspectjweaver-1.8.10.jar;E:\eclipse-workspace\.m2\repository\junit\junit\4.11\junit-4.11.jar;E:\eclipse-workspace\.m2\repository\org\hamcrest\hamcrest-core\1.3\hamcrest-core-1.3.jar;E:\eclipse-workspace\.m2\repository\javax\servlet\servlet-api\2.5\servlet-api-2.5.jar;E:\eclipse-workspace\.m2\repository\javax\servlet\jsp\jsp-api\2.1.3-b06\jsp-api-2.1.3-b06.jar;E:\eclipse-workspace\.m2\repository\org\glassfish\javax.servlet\3.0-b70\javax.servlet-3.0-b70.jar;E:\eclipse-workspace\.m2\repository\javax\el\el-api\2.1.2-b05\el-api-2.1.2-b05.jar;, java.vm.vendor=Oracle Corporation, sun.arch.data.model=64, user.variant=, java.vendor.url=http://java.oracle.com/, user.timezone=Asia/Shanghai, os.name=Windows 7, java.vm.specification.version=9, sun.java.launcher=SUN_STANDARD, user.country=CN, sun.boot.library.path=E:\Java\jdk 9.01\bin, sun.java.command=F:\Git\JAVAProject\HDU_Minitor\target\surefire\surefirebooter9040375031050353846.jar F:\Git\JAVAProject\HDU_Minitor\target\surefire\surefire6366189002758959061tmp F:\Git\JAVAProject\HDU_Minitor\target\surefire\surefire_013619108730529990772tmp, jdk.debug=release, surefire.test.class.path=F:\Git\JAVAProject\HDU_Minitor\target\test-classes;F:\Git\JAVAProject\HDU_Minitor\target\classes;E:\eclipse-workspace\.m2\repository\org\springframework\spring-webmvc\4.3.11.RELEASE\spring-webmvc-4.3.11.RELEASE.jar;E:\eclipse-workspace\.m2\repository\org\springframework\spring-aop\4.3.11.RELEASE\spring-aop-4.3.11.RELEASE.jar;E:\eclipse-workspace\.m2\repository\org\springframework\spring-beans\4.3.11.RELEASE\spring-beans-4.3.11.RELEASE.jar;E:\eclipse-workspace\.m2\repository\org\springframework\spring-context\4.3.11.RELEASE\spring-context-4.3.11.RELEASE.jar;E:\eclipse-workspace\.m2\repository\org\springframework\spring-core\4.3.11.RELEASE\spring-core-4.3.11.RELEASE.jar;E:\eclipse-workspace\.m2\repository\commons-logging\commons-logging\1.2\commons-logging-1.2.jar;E:\eclipse-workspace\.m2\repository\org\springframework\spring-expression\4.3.11.RELEASE\spring-expression-4.3.11.RELEASE.jar;E:\eclipse-workspace\.m2\repository\org\springframework\spring-web\4.3.11.RELEASE\spring-web-4.3.11.RELEASE.jar;E:\eclipse-workspace\.m2\repository\org\springframework\spring-jdbc\4.3.11.RELEASE\spring-jdbc-4.3.11.RELEASE.jar;E:\eclipse-workspace\.m2\repository\org\springframework\spring-tx\4.3.11.RELEASE\spring-tx-4.3.11.RELEASE.jar;E:\eclipse-workspace\.m2\repository\commons-dbcp\commons-dbcp\1.4\commons-dbcp-1.4.jar;E:\eclipse-workspace\.m2\repository\commons-pool\commons-pool\1.5.4\commons-pool-1.5.4.jar;E:\eclipse-workspace\.m2\repository\mysql\mysql-connector-java\5.1.37\mysql-connector-java-5.1.37.jar;E:\eclipse-workspace\.m2\repository\org\mybatis\mybatis\3.4.6\mybatis-3.4.6.jar;E:\eclipse-workspace\.m2\repository\org\mybatis\mybatis-spring\1.3.1\mybatis-spring-1.3.1.jar;E:\eclipse-workspace\.m2\repository\jstl\jstl\1.2\jstl-1.2.jar;E:\eclipse-workspace\.m2\repository\com\mangofactory\swagger-springmvc\1.0.2\swagger-springmvc-1.0.2.jar;E:\eclipse-workspace\.m2\repository\org\slf4j\slf4j-api\1.7.7\slf4j-api-1.7.7.jar;E:\eclipse-workspace\.m2\repository\joda-time\joda-time\2.5\joda-time-2.5.jar;E:\eclipse-workspace\.m2\repository\com\mangofactory\swagger-models\1.0.2\swagger-models-1.0.2.jar;E:\eclipse-workspace\.m2\repository\com\wordnik\swagger-annotations\1.3.11\swagger-annotations-1.3.11.jar;E:\eclipse-workspace\.m2\repository\com\google\guava\guava\15.0\guava-15.0.jar;E:\eclipse-workspace\.m2\repository\com\fasterxml\jackson\core\jackson-annotations\2.6.1\jackson-annotations-2.6.1.jar;E:\eclipse-workspace\.m2\repository\com\fasterxml\jackson\core\jackson-databind\2.6.1\jackson-databind-2.6.1.jar;E:\eclipse-workspace\.m2\repository\com\fasterxml\jackson\core\jackson-core\2.6.1\jackson-core-2.6.1.jar;E:\eclipse-workspace\.m2\repository\com\fasterxml\classmate\1.1.0\classmate-1.1.0.jar;E:\eclipse-workspace\.m2\repository\org\springframework\data\spring-data-redis\1.8.7.RELEASE\spring-data-redis-1.8.7.RELEASE.jar;E:\eclipse-workspace\.m2\repository\org\springframework\data\spring-data-keyvalue\1.2.7.RELEASE\spring-data-keyvalue-1.2.7.RELEASE.jar;E:\eclipse-workspace\.m2\repository\org\springframework\data\spring-data-commons\1.13.7.RELEASE\spring-data-commons-1.13.7.RELEASE.jar;E:\eclipse-workspace\.m2\repository\org\springframework\spring-oxm\4.3.11.RELEASE\spring-oxm-4.3.11.RELEASE.jar;E:\eclipse-workspace\.m2\repository\org\springframework\spring-context-support\4.3.11.RELEASE\spring-context-support-4.3.11.RELEASE.jar;E:\eclipse-workspace\.m2\repository\org\slf4j\jcl-over-slf4j\1.7.25\jcl-over-slf4j-1.7.25.jar;E:\eclipse-workspace\.m2\repository\redis\clients\jedis\2.9.0\jedis-2.9.0.jar;E:\eclipse-workspace\.m2\repository\org\apache\commons\commons-pool2\2.4.2\commons-pool2-2.4.2.jar;E:\eclipse-workspace\.m2\repository\ch\qos\logback\logback-classic\0.9.24\logback-classic-0.9.24.jar;E:\eclipse-workspace\.m2\repository\ch\qos\logback\logback-core\0.9.24\logback-core-0.9.24.jar;E:\eclipse-workspace\.m2\repository\log4j\log4j\1.2.17\log4j-1.2.17.jar;E:\eclipse-workspace\.m2\repository\org\aspectj\aspectjrt\1.8.10\aspectjrt-1.8.10.jar;E:\eclipse-workspace\.m2\repository\org\aspectj\aspectjweaver\1.8.10\aspectjweaver-1.8.10.jar;E:\eclipse-workspace\.m2\repository\junit\junit\4.11\junit-4.11.jar;E:\eclipse-workspace\.m2\repository\org\hamcrest\hamcrest-core\1.3\hamcrest-core-1.3.jar;E:\eclipse-workspace\.m2\repository\javax\servlet\servlet-api\2.5\servlet-api-2.5.jar;E:\eclipse-workspace\.m2\repository\javax\servlet\jsp\jsp-api\2.1.3-b06\jsp-api-2.1.3-b06.jar;E:\eclipse-workspace\.m2\repository\org\glassfish\javax.servlet\3.0-b70\javax.servlet-3.0-b70.jar;E:\eclipse-workspace\.m2\repository\javax\el\el-api\2.1.2-b05\el-api-2.1.2-b05.jar;, sun.cpu.endian=little, user.home=C:\Users\SunWay, user.language=zh, java.specification.vendor=Oracle Corporation, java.home=E:\Java\jdk 9.01, file.separator=\, basedir=F:\Git\JAVAProject\HDU_Minitor, java.vm.compressedOopsMode=32-bit, line.separator=
, java.vm.specification.vendor=Oracle Corporation, java.specification.name=Java Platform API Specification, java.awt.graphicsenv=sun.awt.Win32GraphicsEnvironment, surefire.real.class.path=F:\Git\JAVAProject\HDU_Minitor\target\surefire\surefirebooter9040375031050353846.jar, user.script=, sun.management.compiler=HotSpot 64-Bit Tiered Compilers, java.runtime.version=9.0.1+11, user.name=SunWay, path.separator=;, os.version=6.1, java.runtime.name=Java(TM) SE Runtime Environment, file.encoding=GBK, java.vm.name=Java HotSpot(TM) 64-Bit Server VM, localRepository=E:\eclipse-workspace\.m2\repository, java.vendor.url.bug=http://bugreport.java.com/bugreport/, java.io.tmpdir=C:\Users\SunWay\AppData\Local\Temp\, java.version=9.0.1, user.dir=F:\Git\JAVAProject\HDU_Minitor, os.arch=amd64, java.vm.specification.name=Java Virtual Machine Specification, java.awt.printerjob=sun.awt.windows.WPrinterJob, sun.os.patch.level=Service Pack 1, java.library.path=E:\Java\jdk 9.01\bin;C:\Windows\Sun\Java\bin;C:\Windows\system32;C:\Windows;E:\OracleXE\OracleInstall\app\oracle\product\10.2.0\server\bin;C:\ProgramData\Oracle\Java\javapath;C:\Program Files (x86)\NVIDIA Corporation\PhysX\Common;C:\Program Files (x86)\Intel\iCLS Client\;C:\Program Files\Intel\iCLS Client\;C:\Windows\system32;C:\Windows;C:\Windows\System32\Wbem;C:\Windows\System32\WindowsPowerShell\v1.0\;C:\Program Files (x86)\Intel\OpenCL SDK\2.0\bin\x86;C:\Program Files (x86)\Intel\OpenCL SDK\2.0\bin\x64;C:\Program Files\Intel\Intel(R) Management Engine Components\DAL;C:\Program Files\Intel\Intel(R) Management Engine Components\IPT;E:\Java\jdk 9.01\bin;E:\Java\jdk 9.01\jre\bin;C:\Program Files (x86)\Intel\Intel(R) Management Engine Components\DAL;C:\Program Files (x86)\Intel\Intel(R) Management Engine Components\IPT;E:\eclipse-workspace\tomcat\bin;%CATLINA_HOME%\lib;F:\Git\cmd;E:\matlab\bin\win32;C:\Program Files (x86)\Microsoft Visual Studio\Common\Tools\WinNT;C:\Program Files (x86)\Microsoft Visual Studio\Common\MSDev98\Bin;C:\Program Files (x86)\Microsoft Visual Studio\Common\Tools;C:\Program Files (x86)\Microsoft Visual Studio\VC98\bin;., java.vm.info=mixed mode, java.vendor=Oracle Corporation, java.vm.version=9.0.1+11, sun.io.unicode.encoding=UnicodeLittle, java.class.version=53.0}}, SystemEnvironmentPropertySource@16503286 {name=&apos;systemEnvironment&apos;, properties={ACTEL_FOR_ALTIUM_OVERRIDE= , PATH=E:\OracleXE\OracleInstall\app\oracle\product\10.2.0\server\bin;C:\ProgramData\Oracle\Java\javapath;C:\Program Files (x86)\NVIDIA Corporation\PhysX\Common;C:\Program Files (x86)\Intel\iCLS Client\;C:\Program Files\Intel\iCLS Client\;C:\Windows\system32;C:\Windows;C:\Windows\System32\Wbem;C:\Windows\System32\WindowsPowerShell\v1.0\;C:\Program Files (x86)\Intel\OpenCL SDK\2.0\bin\x86;C:\Program Files (x86)\Intel\OpenCL SDK\2.0\bin\x64;C:\Program Files\Intel\Intel(R) Management Engine Components\DAL;C:\Program Files\Intel\Intel(R) Management Engine Components\IPT;E:\Java\jdk 9.01\bin;E:\Java\jdk 9.01\jre\bin;C:\Program Files (x86)\Intel\Intel(R) Management Engine Components\DAL;C:\Program Files (x86)\Intel\Intel(R) Management Engine Components\IPT;E:\eclipse-workspace\tomcat\bin;%CATLINA_HOME%\lib;F:\Git\cmd;E:\matlab\bin\win32;C:\Program Files (x86)\Microsoft Visual Studio\Common\Tools\WinNT;C:\Program Files (x86)\Microsoft Visual Studio\Common\MSDev98\Bin;C:\Program Files (x86)\Microsoft Visual Studio\Common\Tools;C:\Program Files (x86)\Microsoft Visual Studio\VC98\bin, LOCALAPPDATA=C:\Users\SunWay\AppData\Local, PROCESSOR_LEVEL=6, SYSTEMDRIVE=C:, COMMONPROGRAMFILES(X86)=C:\Program Files (x86)\Common Files, FP_NO_HOST_CHECK=NO, USERDOMAIN=SunWay-PC, LOGONSERVER=\\SUNWAY-PC, JAVA_HOME=E:\Java\jdk 9.01, PROMPT=$P$G, SESSIONNAME=Console, ALLUSERSPROFILE=C:\ProgramData, ALTERA_FOR_ALTIUM_OVERRIDE= , PROGRAMFILES(X86)=C:\Program Files (x86), PROCESSOR_ARCHITECTURE=AMD64, PROGRAMFILES=C:\Program Files, APPDATA=C:\Users\SunWay\AppData\Roaming, PSMODULEPATH=C:\Windows\system32\WindowsPowerShell\v1.0\Modules\, PROGRAMW6432=C:\Program Files, PROGRAMDATA=C:\ProgramData, SYSTEMROOT=C:\Windows, USERNAME=SunWay, TOMCAT_HOME=E:\eclipse-workspace\tomcat, INCLUDE=C:\Program Files (x86)\Microsoft Visual Studio\VC98\atl\include;C:\Program Files (x86)\Microsoft Visual Studio\VC98\mfc\include;C:\Program Files (x86)\Microsoft Visual Studio\VC98\include, PATHEXT=.COM;.EXE;.BAT;.CMD;.VBS;.VBE;.JS;.JSE;.WSF;.WSH;.MSC, LIB=C:\Program Files (x86)\Microsoft Visual Studio\VC98\mfc\lib;C:\Program Files (x86)\Microsoft Visual Studio\VC98\lib, OS=Windows_NT, COMMONPROGRAMW6432=C:\Program Files\Common Files, COMPUTERNAME=SUNWAY-PC, COMMONPROGRAMFILES=C:\Program Files\Common Files, COMSPEC=C:\Windows\system32\cmd.exe, CATALINA_HOME=E:\eclipse-workspace\tomcat, PROCESSOR_REVISION=3a09, WINDIR=C:\Windows, =F:=F:\Git\JAVAProject\HDU_Minitor, HOMEPATH=\Users\SunWay, TEMP=C:\Users\SunWay\AppData\Local\Temp, HOMEDRIVE=C:, PROCESSOR_IDENTIFIER=Intel64 Family 6 Model 58 Stepping 9, GenuineIntel, USERPROFILE=C:\Users\SunWay, TMP=C:\Users\SunWay\AppData\Local\Temp, PUBLIC=C:\Users\Public, NUMBER_OF_PROCESSORS=4}}]
14:07:01.107 [main] INFO  o.s.b.f.xml.XmlBeanDefinitionReader - Loading XML bean definitions from class path resource [conf/spring-mvc.xml]
14:07:01.197 [main] DEBUG o.s.b.f.xml.DefaultDocumentLoader - Using JAXP provider [com.sun.org.apache.xerces.internal.jaxp.DocumentBuilderFactoryImpl]
14:07:01.274 [main] DEBUG o.s.b.f.xml.PluggableSchemaResolver - Loading schema mappings from [META-INF/spring.schemas]
14:07:01.283 [main] DEBUG o.s.b.f.xml.PluggableSchemaResolver - Loaded schema mappings: {http://www.springframework.org/schema/context/spring-context-3.2.xsd=org/springframework/context/config/spring-context-3.2.xsd, http://www.springframework.org/schema/cache/spring-cache-4.3.xsd=org/springframework/cache/config/spring-cache-4.3.xsd, http://www.springframework.org/schema/beans/spring-beans-4.0.xsd=org/springframework/beans/factory/xml/spring-beans-4.0.xsd, http://www.springframework.org/schema/context/spring-context-2.5.xsd=org/springframework/context/config/spring-context-2.5.xsd, http://www.springframework.org/schema/tx/spring-tx-2.5.xsd=org/springframework/transaction/config/spring-tx-2.5.xsd, http://www.springframework.org/schema/tx/spring-tx-3.2.xsd=org/springframework/transaction/config/spring-tx-3.2.xsd, http://www.springframework.org/schema/tool/spring-tool-4.3.xsd=org/springframework/beans/factory/xml/spring-tool-4.3.xsd, http://www.springframework.org/schema/data/repository/spring-repository-1.11.xsd=org/springframework/data/repository/config/spring-repository-1.11.xsd, http://www.springframework.org/schema/tool/spring-tool-2.0.xsd=org/springframework/beans/factory/xml/spring-tool-2.0.xsd, http://www.springframework.org/schema/util/spring-util-4.2.xsd=org/springframework/beans/factory/xml/spring-util-4.2.xsd, http://www.springframework.org/schema/oxm/spring-oxm-3.1.xsd=org/springframework/oxm/config/spring-oxm-3.1.xsd, http://www.springframework.org/schema/tx/spring-tx-3.0.xsd=org/springframework/transaction/config/spring-tx-3.0.xsd, http://www.springframework.org/schema/beans/spring-beans-4.2.xsd=org/springframework/beans/factory/xml/spring-beans-4.2.xsd, http://www.springframework.org/schema/cache/spring-cache-4.1.xsd=org/springframework/cache/config/spring-cache-4.1.xsd, http://www.springframework.org/schema/mvc/spring-mvc-4.3.xsd=org/springframework/web/servlet/config/spring-mvc-4.3.xsd, http://www.springframework.org/schema/lang/spring-lang-3.0.xsd=org/springframework/scripting/config/spring-lang-3.0.xsd, http://www.springframework.org/schema/tool/spring-tool-4.1.xsd=org/springframework/beans/factory/xml/spring-tool-4.1.xsd, http://www.springframework.org/schema/task/spring-task-4.3.xsd=org/springframework/scheduling/config/spring-task-4.3.xsd, http://www.springframework.org/schema/data/repository/spring-repository-1.8.xsd=org/springframework/data/repository/config/spring-repository-1.8.xsd, http://www.springframework.org/schema/util/spring-util-4.0.xsd=org/springframework/beans/factory/xml/spring-util-4.0.xsd, http://www.springframework.org/schema/data/repository/spring-repository.xsd=org/springframework/data/repository/config/spring-repository-1.11.xsd, http://www.springframework.org/schema/jdbc/spring-jdbc-4.2.xsd=org/springframework/jdbc/config/spring-jdbc-4.2.xsd, http://www.springframework.org/schema/jdbc/spring-jdbc.xsd=org/springframework/jdbc/config/spring-jdbc-4.3.xsd, http://www.springframework.org/schema/lang/spring-lang.xsd=org/springframework/scripting/config/spring-lang-4.3.xsd, http://www.springframework.org/schema/aop/spring-aop-4.2.xsd=org/springframework/aop/config/spring-aop-4.2.xsd, http://www.springframework.org/schema/context/spring-context-4.1.xsd=org/springframework/context/config/spring-context-4.1.xsd, http://www.springframework.org/schema/jee/spring-jee-4.2.xsd=org/springframework/ejb/config/spring-jee-4.2.xsd, http://www.springframework.org/schema/redis/spring-redis-1.0.xsd=org/springframework/data/redis/config/spring-redis-1.0.xsd, http://www.springframework.org/schema/redis/spring-redis.xsd=org/springframework/data/redis/config/spring-redis-1.0.xsd, http://www.springframework.org/schema/tool/spring-tool-3.1.xsd=org/springframework/beans/factory/xml/spring-tool-3.1.xsd, http://www.springframework.org/schema/jee/spring-jee-4.1.xsd=org/springframework/ejb/config/spring-jee-4.1.xsd, http://www.springframework.org/schema/jdbc/spring-jdbc-3.1.xsd=org/springframework/jdbc/config/spring-jdbc-3.1.xsd, http://www.springframework.org/schema/aop/spring-aop-4.1.xsd=org/springframework/aop/config/spring-aop-4.1.xsd, http://www.springframework.org/schema/util/spring-util.xsd=org/springframework/beans/factory/xml/spring-util-4.3.xsd, http://www.springframework.org/schema/mvc/spring-mvc-3.2.xsd=org/springframework/web/servlet/config/spring-mvc-3.2.xsd, http://www.springframework.org/schema/lang/spring-lang-4.1.xsd=org/springframework/scripting/config/spring-lang-4.1.xsd, http://www.springframework.org/schema/context/spring-context-4.3.xsd=org/springframework/context/config/spring-context-4.3.xsd, http://www.springframework.org/schema/lang/spring-lang-2.5.xsd=org/springframework/scripting/config/spring-lang-2.5.xsd, http://www.springframework.org/schema/jee/spring-jee.xsd=org/springframework/ejb/config/spring-jee-4.3.xsd, http://www.springframework.org/schema/util/spring-util-3.1.xsd=org/springframework/beans/factory/xml/spring-util-3.1.xsd, http://www.springframework.org/schema/jee/spring-jee-2.5.xsd=org/springframework/ejb/config/spring-jee-2.5.xsd, http://www.springframework.org/schema/mvc/spring-mvc-4.0.xsd=org/springframework/web/servlet/config/spring-mvc-4.0.xsd, http://www.springframework.org/schema/aop/spring-aop-2.5.xsd=org/springframework/aop/config/spring-aop-2.5.xsd, http://www.springframework.org/schema/task/spring-task-4.0.xsd=org/springframework/scheduling/config/spring-task-4.0.xsd, http://www.springframework.org/schema/data/repository/spring-repository-1.5.xsd=org/springframework/data/repository/config/spring-repository-1.5.xsd, http://www.springframework.org/schema/cache/spring-cache-3.1.xsd=org/springframework/cache/config/spring-cache-3.1.xsd, http://www.springframework.org/schema/oxm/spring-oxm-4.3.xsd=org/springframework/oxm/config/spring-oxm-4.3.xsd, http://www.springframework.org/schema/tool/spring-tool-2.5.xsd=org/springframework/beans/factory/xml/spring-tool-2.5.xsd, http://www.springframework.org/schema/task/spring-task-3.2.xsd=org/springframework/scheduling/config/spring-task-3.2.xsd, http://www.springframework.org/schema/oxm/spring-oxm-4.1.xsd=org/springframework/oxm/config/spring-oxm-4.1.xsd, http://www.springframework.org/schema/tx/spring-tx-4.2.xsd=org/springframework/transaction/config/spring-tx-4.2.xsd, http://www.springframework.org/schema/aop/spring-aop-3.1.xsd=org/springframework/aop/config/spring-aop-3.1.xsd, http://www.springframework.org/schema/jee/spring-jee-3.1.xsd=org/springframework/ejb/config/spring-jee-3.1.xsd, http://www.springframework.org/schema/lang/spring-lang-4.3.xsd=org/springframework/scripting/config/spring-lang-4.3.xsd, http://www.springframework.org/schema/mvc/spring-mvc-3.0.xsd=org/springframework/web/servlet/config/spring-mvc-3.0.xsd, http://www.springframework.org/schema/beans/spring-beans-3.1.xsd=org/springframework/beans/factory/xml/spring-beans-3.1.xsd, http://www.springframework.org/schema/tx/spring-tx.xsd=org/springframework/transaction/config/spring-tx-4.3.xsd, http://www.springframework.org/schema/lang/spring-lang-2.0.xsd=org/springframework/scripting/config/spring-lang-2.0.xsd, http://www.springframework.org/schema/oxm/spring-oxm.xsd=org/springframework/oxm/config/spring-oxm-4.3.xsd, http://www.springframework.org/schema/task/spring-task-3.0.xsd=org/springframework/scheduling/config/spring-task-3.0.xsd, http://www.springframework.org/schema/context/spring-context-3.0.xsd=org/springframework/context/config/spring-context-3.0.xsd, http://www.springframework.org/schema/cache/spring-cache.xsd=org/springframework/cache/config/spring-cache-4.3.xsd, http://www.springframework.org/schema/tx/spring-tx-4.0.xsd=org/springframework/transaction/config/spring-tx-4.0.xsd, http://www.springframework.org/schema/data/repository/spring-repository-1.0.xsd=org/springframework/data/repository/config/spring-repository-1.0.xsd, http://www.springframework.org/schema/oxm/spring-oxm-3.2.xsd=org/springframework/oxm/config/spring-oxm-3.2.xsd, http://www.springframework.org/schema/util/spring-util-4.3.xsd=org/springframework/beans/factory/xml/spring-util-4.3.xsd, http://www.springframework.org/schema/context/spring-context-4.0.xsd=org/springframework/context/config/spring-context-4.0.xsd, http://www.springframework.org/schema/aop/spring-aop-2.0.xsd=org/springframework/aop/config/spring-aop-2.0.xsd, http://www.springframework.org/schema/jee/spring-jee-2.0.xsd=org/springframework/ejb/config/spring-jee-2.0.xsd, http://www.springframework.org/schema/jdbc/spring-jdbc-4.3.xsd=org/springframework/jdbc/config/spring-jdbc-4.3.xsd, http://www.springframework.org/schema/util/spring-util-2.0.xsd=org/springframework/beans/factory/xml/spring-util-2.0.xsd, http://www.springframework.org/schema/cache/spring-cache-4.2.xsd=org/springframework/cache/config/spring-cache-4.2.xsd, http://www.springframework.org/schema/context/spring-context-3.1.xsd=org/springframework/context/config/spring-context-3.1.xsd, http://www.springframework.org/schema/tx/spring-tx-3.1.xsd=org/springframework/transaction/config/spring-tx-3.1.xsd, http://www.springframework.org/schema/tool/spring-tool.xsd=org/springframework/beans/factory/xml/spring-tool-4.3.xsd, http://www.springframework.org/schema/beans/spring-beans-3.2.xsd=org/springframework/beans/factory/xml/spring-beans-3.2.xsd, http://www.springframework.org/schema/beans/spring-beans-2.5.xsd=org/springframework/beans/factory/xml/spring-beans-2.5.xsd, http://mybatis.org/schema/mybatis-spring.xsd=org/mybatis/spring/config/mybatis-spring-1.2.xsd, http://www.springframework.org/schema/beans/spring-beans.xsd=org/springframework/beans/factory/xml/spring-beans-4.3.xsd, http://www.springframework.org/schema/tool/spring-tool-4.0.xsd=org/springframework/beans/factory/xml/spring-tool-4.0.xsd, http://www.springframework.org/schema/util/spring-util-4.1.xsd=org/springframework/beans/factory/xml/spring-util-4.1.xsd, http://www.springframework.org/schema/jdbc/spring-jdbc-4.1.xsd=org/springframework/jdbc/config/spring-jdbc-4.1.xsd, http://mybatis.org/schema/mybatis-spring-1.2.xsd=org/mybatis/spring/config/mybatis-spring-1.2.xsd, http://www.springframework.org/schema/context/spring-context-4.2.xsd=org/springframework/context/config/spring-context-4.2.xsd, http://www.springframework.org/schema/jee/spring-jee-4.3.xsd=org/springframework/ejb/config/spring-jee-4.3.xsd, http://www.springframework.org/schema/aop/spring-aop-4.3.xsd=org/springframework/aop/config/spring-aop-4.3.xsd, http://www.springframework.org/schema/beans/spring-beans-4.3.xsd=org/springframework/beans/factory/xml/spring-beans-4.3.xsd, http://www.springframework.org/schema/beans/spring-beans-4.1.xsd=org/springframework/beans/factory/xml/spring-beans-4.1.xsd, http://www.springframework.org/schema/oxm/spring-oxm-3.0.xsd=org/springframework/oxm/config/spring-oxm-3.0.xsd, http://www.springframework.org/schema/mvc/spring-mvc-4.2.xsd=org/springframework/web/servlet/config/spring-mvc-4.2.xsd, http://www.springframework.org/schema/cache/spring-cache-4.0.xsd=org/springframework/cache/config/spring-cache-4.0.xsd, http://www.springframework.org/schema/util/spring-util-2.5.xsd=org/springframework/beans/factory/xml/spring-util-2.5.xsd, http://www.springframework.org/schema/tool/spring-tool-4.2.xsd=org/springframework/beans/factory/xml/spring-tool-4.2.xsd, http://www.springframework.org/schema/lang/spring-lang-3.1.xsd=org/springframework/scripting/config/spring-lang-3.1.xsd, http://www.springframework.org/schema/task/spring-task.xsd=org/springframework/scheduling/config/spring-task-4.3.xsd, http://www.springframework.org/schema/task/spring-task-4.2.xsd=org/springframework/scheduling/config/spring-task-4.2.xsd, http://www.springframework.org/schema/aop/spring-aop.xsd=org/springframework/aop/config/spring-aop-4.3.xsd, http://www.springframework.org/schema/data/repository/spring-repository-1.7.xsd=org/springframework/data/repository/config/spring-repository-1.7.xsd, http://www.springframework.org/schema/lang/spring-lang-4.0.xsd=org/springframework/scripting/config/spring-lang-4.0.xsd, http://www.springframework.org/schema/beans/spring-beans-2.0.xsd=org/springframework/beans/factory/xml/spring-beans-2.0.xsd, http://www.springframework.org/schema/mvc/spring-mvc-4.1.xsd=org/springframework/web/servlet/config/spring-mvc-4.1.xsd, http://www.springframework.org/schema/task/spring-task-4.1.xsd=org/springframework/scheduling/config/spring-task-4.1.xsd, http://www.springframework.org/schema/data/repository/spring-repository-1.6.xsd=org/springframework/data/repository/config/spring-repository-1.6.xsd, http://www.springframework.org/schema/util/spring-util-3.2.xsd=org/springframework/beans/factory/xml/spring-util-3.2.xsd, http://www.springframework.org/schema/lang/spring-lang-3.2.xsd=org/springframework/scripting/config/spring-lang-3.2.xsd, http://www.springframework.org/schema/cache/spring-cache-3.2.xsd=org/springframework/cache/config/spring-cache-3.2.xsd, http://www.springframework.org/schema/tx/spring-tx-2.0.xsd=org/springframework/transaction/config/spring-tx-2.0.xsd, http://www.springframework.org/schema/tx/spring-tx-4.3.xsd=org/springframework/transaction/config/spring-tx-4.3.xsd, http://www.springframework.org/schema/data/repository/spring-repository-1.4.xsd=org/springframework/data/repository/config/spring-repository-1.4.xsd, http://www.springframework.org/schema/util/spring-util-3.0.xsd=org/springframework/beans/factory/xml/spring-util-3.0.xsd, http://www.springframework.org/schema/jee/spring-jee-3.2.xsd=org/springframework/ejb/config/spring-jee-3.2.xsd, http://www.springframework.org/schema/tool/spring-tool-3.2.xsd=org/springframework/beans/factory/xml/spring-tool-3.2.xsd, http://www.springframework.org/schema/aop/spring-aop-3.2.xsd=org/springframework/aop/config/spring-aop-3.2.xsd, http://www.springframework.org/schema/mvc/spring-mvc.xsd=org/springframework/web/servlet/config/spring-mvc-4.3.xsd, http://www.springframework.org/schema/jdbc/spring-jdbc-4.0.xsd=org/springframework/jdbc/config/spring-jdbc-4.0.xsd, http://www.springframework.org/schema/jdbc/spring-jdbc-3.2.xsd=org/springframework/jdbc/config/spring-jdbc-3.2.xsd, http://www.springframework.org/schema/context/spring-context.xsd=org/springframework/context/config/spring-context-4.3.xsd, http://www.springframework.org/schema/aop/spring-aop-4.0.xsd=org/springframework/aop/config/spring-aop-4.0.xsd, http://www.springframework.org/schema/jee/spring-jee-4.0.xsd=org/springframework/ejb/config/spring-jee-4.0.xsd, http://www.springframework.org/schema/beans/spring-beans-3.0.xsd=org/springframework/beans/factory/xml/spring-beans-3.0.xsd, http://www.springframework.org/schema/mvc/spring-mvc-3.1.xsd=org/springframework/web/servlet/config/spring-mvc-3.1.xsd, http://www.springframework.org/schema/jee/spring-jee-3.0.xsd=org/springframework/ejb/config/spring-jee-3.0.xsd, http://www.springframework.org/schema/aop/spring-aop-3.0.xsd=org/springframework/aop/config/spring-aop-3.0.xsd, http://www.springframework.org/schema/oxm/spring-oxm-4.2.xsd=org/springframework/oxm/config/spring-oxm-4.2.xsd, http://www.springframework.org/schema/jdbc/spring-jdbc-3.0.xsd=org/springframework/jdbc/config/spring-jdbc-3.0.xsd, http://www.springframework.org/schema/task/spring-task-3.1.xsd=org/springframework/scheduling/config/spring-task-3.1.xsd, http://www.springframework.org/schema/oxm/spring-oxm-4.0.xsd=org/springframework/oxm/config/spring-oxm-4.0.xsd, http://www.springframework.org/schema/tx/spring-tx-4.1.xsd=org/springframework/transaction/config/spring-tx-4.1.xsd, http://www.springframework.org/schema/tool/spring-tool-3.0.xsd=org/springframework/beans/factory/xml/spring-tool-3.0.xsd, http://www.springframework.org/schema/lang/spring-lang-4.2.xsd=org/springframework/scripting/config/spring-lang-4.2.xsd}
14:07:01.295 [main] DEBUG o.s.b.f.xml.PluggableSchemaResolver - Found XML schema [http://www.springframework.org/schema/beans/spring-beans-3.2.xsd] in classpath: org/springframework/beans/factory/xml/spring-beans-3.2.xsd
14:07:01.403 [main] DEBUG o.s.b.f.xml.PluggableSchemaResolver - Found XML schema [http://www.springframework.org/schema/context/spring-context-3.2.xsd] in classpath: org/springframework/context/config/spring-context-3.2.xsd
14:07:01.415 [main] DEBUG o.s.b.f.xml.PluggableSchemaResolver - Found XML schema [http://www.springframework.org/schema/tool/spring-tool-3.2.xsd] in classpath: org/springframework/beans/factory/xml/spring-tool-3.2.xsd
14:07:01.426 [main] DEBUG o.s.b.f.xml.PluggableSchemaResolver - Found XML schema [http://www.springframework.org/schema/mvc/spring-mvc-3.2.xsd] in classpath: org/springframework/web/servlet/config/spring-mvc-3.2.xsd
14:07:01.444 [main] DEBUG o.s.b.f.x.DefaultBeanDefinitionDocumentReader - Loading bean definitions
14:07:01.457 [main] DEBUG o.s.b.f.x.DefaultNamespaceHandlerResolver - Loaded NamespaceHandler mappings: {http://www.springframework.org/schema/aop=org.springframework.aop.config.AopNamespaceHandler, http://www.springframework.org/schema/oxm=org.springframework.oxm.config.OxmNamespaceHandler, http://www.springframework.org/schema/task=org.springframework.scheduling.config.TaskNamespaceHandler, http://mybatis.org/schema/mybatis-spring=org.mybatis.spring.config.NamespaceHandler, http://www.springframework.org/schema/lang=org.springframework.scripting.config.LangNamespaceHandler, http://www.springframework.org/schema/c=org.springframework.beans.factory.xml.SimpleConstructorNamespaceHandler, http://www.springframework.org/schema/jee=org.springframework.ejb.config.JeeNamespaceHandler, http://www.springframework.org/schema/data/repository=org.springframework.data.repository.config.RepositoryNameSpaceHandler, http://www.springframework.org/schema/cache=org.springframework.cache.config.CacheNamespaceHandler, http://www.springframework.org/schema/redis=org.springframework.data.redis.config.RedisNamespaceHandler, http://www.springframework.org/schema/jdbc=org.springframework.jdbc.config.JdbcNamespaceHandler, http://www.springframework.org/schema/p=org.springframework.beans.factory.xml.SimplePropertyNamespaceHandler, http://www.springframework.org/schema/util=org.springframework.beans.factory.xml.UtilNamespaceHandler, http://www.springframework.org/schema/tx=org.springframework.transaction.config.TxNamespaceHandler, http://www.springframework.org/schema/context=org.springframework.context.config.ContextNamespaceHandler, http://www.springframework.org/schema/data/keyvalue=org.springframework.data.keyvalue.repository.config.KeyValueRepositoryNameSpaceHandler, http://www.springframework.org/schema/mvc=org.springframework.web.servlet.config.MvcNamespaceHandler}
14:07:01.484 [main] DEBUG o.s.c.i.s.PathMatchingResourcePatternResolver - Resolved classpath location [cn/hdu/HDU_Minitor/] to resources [URL [file:/F:/Git/JAVAProject/HDU_Minitor/target/classes/cn/hdu/HDU_Minitor/]]
14:07:01.485 [main] DEBUG o.s.c.i.s.PathMatchingResourcePatternResolver - Looking for matching resources in directory tree [F:\Git\JAVAProject\HDU_Minitor\target\classes\cn\hdu\HDU_Minitor]
14:07:01.485 [main] DEBUG o.s.c.i.s.PathMatchingResourcePatternResolver - Searching directory [F:\Git\JAVAProject\HDU_Minitor\target\classes\cn\hdu\HDU_Minitor] for files matching pattern [F:/Git/JAVAProject/HDU_Minitor/target/classes/cn/hdu/HDU_Minitor/**/*.class]
14:07:01.488 [main] DEBUG o.s.c.i.s.PathMatchingResourcePatternResolver - Searching directory [F:\Git\JAVAProject\HDU_Minitor\target\classes\cn\hdu\HDU_Minitor\controller] for files matching pattern [F:/Git/JAVAProject/HDU_Minitor/target/classes/cn/hdu/HDU_Minitor/**/*.class]
14:07:01.489 [main] DEBUG o.s.c.i.s.PathMatchingResourcePatternResolver - Searching directory [F:\Git\JAVAProject\HDU_Minitor\target\classes\cn\hdu\HDU_Minitor\controller\device] for files matching pattern [F:/Git/JAVAProject/HDU_Minitor/target/classes/cn/hdu/HDU_Minitor/**/*.class]
14:07:01.491 [main] DEBUG o.s.c.i.s.PathMatchingResourcePatternResolver - Searching directory [F:\Git\JAVAProject\HDU_Minitor\target\classes\cn\hdu\HDU_Minitor\dao] for files matching pattern [F:/Git/JAVAProject/HDU_Minitor/target/classes/cn/hdu/HDU_Minitor/**/*.class]
14:07:01.492 [main] DEBUG o.s.c.i.s.PathMatchingResourcePatternResolver - Searching directory [F:\Git\JAVAProject\HDU_Minitor\target\classes\cn\hdu\HDU_Minitor\entity] for files matching pattern [F:/Git/JAVAProject/HDU_Minitor/target/classes/cn/hdu/HDU_Minitor/**/*.class]
14:07:01.495 [main] DEBUG o.s.c.i.s.PathMatchingResourcePatternResolver - Searching directory [F:\Git\JAVAProject\HDU_Minitor\target\classes\cn\hdu\HDU_Minitor\service] for files matching pattern [F:/Git/JAVAProject/HDU_Minitor/target/classes/cn/hdu/HDU_Minitor/**/*.class]
14:07:01.496 [main] DEBUG o.s.c.i.s.PathMatchingResourcePatternResolver - Searching directory [F:\Git\JAVAProject\HDU_Minitor\target\classes\cn\hdu\HDU_Minitor\service\ex] for files matching pattern [F:/Git/JAVAProject/HDU_Minitor/target/classes/cn/hdu/HDU_Minitor/**/*.class]
14:07:01.498 [main] DEBUG o.s.c.i.s.PathMatchingResourcePatternResolver - Searching directory [F:\Git\JAVAProject\HDU_Minitor\target\classes\cn\hdu\HDU_Minitor\util] for files matching pattern [F:/Git/JAVAProject/HDU_Minitor/target/classes/cn/hdu/HDU_Minitor/**/*.class]
14:07:01.502 [main] DEBUG o.s.c.i.s.PathMatchingResourcePatternResolver - Resolved location pattern [classpath*:cn/hdu/HDU_Minitor/**/*.class] to resources [file [F:\Git\JAVAProject\HDU_Minitor\target\classes\cn\hdu\HDU_Minitor\controller\AddBuildContorller.class], file [F:\Git\JAVAProject\HDU_Minitor\target\classes\cn\hdu\HDU_Minitor\controller\AddRoomController.class], file [F:\Git\JAVAProject\HDU_Minitor\target\classes\cn\hdu\HDU_Minitor\controller\AddUserController.class], file [F:\Git\JAVAProject\HDU_Minitor\target\classes\cn\hdu\HDU_Minitor\controller\AdminLoadUserController.class], file [F:\Git\JAVAProject\HDU_Minitor\target\classes\cn\hdu\HDU_Minitor\controller\DeleteUserController.class], file [F:\Git\JAVAProject\HDU_Minitor\target\classes\cn\hdu\HDU_Minitor\controller\device\DeviceUploadInfoController.class], file [F:\Git\JAVAProject\HDU_Minitor\target\classes\cn\hdu\HDU_Minitor\controller\LoadBuildController.class], file [F:\Git\JAVAProject\HDU_Minitor\target\classes\cn\hdu\HDU_Minitor\controller\LoadRoomController.class], file [F:\Git\JAVAProject\HDU_Minitor\target\classes\cn\hdu\HDU_Minitor\controller\RemoveBuildController.class], file [F:\Git\JAVAProject\HDU_Minitor\target\classes\cn\hdu\HDU_Minitor\controller\UserGetRdmPwdController.class], file [F:\Git\JAVAProject\HDU_Minitor\target\classes\cn\hdu\HDU_Minitor\controller\UserLoginController.class], file [F:\Git\JAVAProject\HDU_Minitor\target\classes\cn\hdu\HDU_Minitor\dao\BuildDao.class], file [F:\Git\JAVAProject\HDU_Minitor\target\classes\cn\hdu\HDU_Minitor\dao\DeviceDao.class], file [F:\Git\JAVAProject\HDU_Minitor\target\classes\cn\hdu\HDU_Minitor\dao\RoomDao.class], file [F:\Git\JAVAProject\HDU_Minitor\target\classes\cn\hdu\HDU_Minitor\dao\UserBuildDao.class], file [F:\Git\JAVAProject\HDU_Minitor\target\classes\cn\hdu\HDU_Minitor\dao\UserDao.class], file [F:\Git\JAVAProject\HDU_Minitor\target\classes\cn\hdu\HDU_Minitor\dao\UserRoomDao.class], file [F:\Git\JAVAProject\HDU_Minitor\target\classes\cn\hdu\HDU_Minitor\entity\Build.class], file [F:\Git\JAVAProject\HDU_Minitor\target\classes\cn\hdu\HDU_Minitor\entity\Device.class], file [F:\Git\JAVAProject\HDU_Minitor\target\classes\cn\hdu\HDU_Minitor\entity\Room.class], file [F:\Git\JAVAProject\HDU_Minitor\target\classes\cn\hdu\HDU_Minitor\entity\User.class], file [F:\Git\JAVAProject\HDU_Minitor\target\classes\cn\hdu\HDU_Minitor\entity\UserBuild.class], file [F:\Git\JAVAProject\HDU_Minitor\target\classes\cn\hdu\HDU_Minitor\entity\UserRoom.class], file [F:\Git\JAVAProject\HDU_Minitor\target\classes\cn\hdu\HDU_Minitor\service\BuildService.class], file [F:\Git\JAVAProject\HDU_Minitor\target\classes\cn\hdu\HDU_Minitor\service\BuildServiceImpl.class], file [F:\Git\JAVAProject\HDU_Minitor\target\classes\cn\hdu\HDU_Minitor\service\ex\InsertAndUpdateException.class], file [F:\Git\JAVAProject\HDU_Minitor\target\classes\cn\hdu\HDU_Minitor\service\ex\ServiceException.class], file [F:\Git\JAVAProject\HDU_Minitor\target\classes\cn\hdu\HDU_Minitor\service\RoomSericeImpl.class], file [F:\Git\JAVAProject\HDU_Minitor\target\classes\cn\hdu\HDU_Minitor\service\RoomService.class], file [F:\Git\JAVAProject\HDU_Minitor\target\classes\cn\hdu\HDU_Minitor\service\UserService.class], file [F:\Git\JAVAProject\HDU_Minitor\target\classes\cn\hdu\HDU_Minitor\service\UserServiceImpl$1.class], file [F:\Git\JAVAProject\HDU_Minitor\target\classes\cn\hdu\HDU_Minitor\service\UserServiceImpl$2.class], file [F:\Git\JAVAProject\HDU_Minitor\target\classes\cn\hdu\HDU_Minitor\service\UserServiceImpl$3.class], file [F:\Git\JAVAProject\HDU_Minitor\target\classes\cn\hdu\HDU_Minitor\service\UserServiceImpl.class], file [F:\Git\JAVAProject\HDU_Minitor\target\classes\cn\hdu\HDU_Minitor\util\MinitorResult.class], file [F:\Git\JAVAProject\HDU_Minitor\target\classes\cn\hdu\HDU_Minitor\util\MinitorUtil.class], file [F:\Git\JAVAProject\HDU_Minitor\target\classes\cn\hdu\HDU_Minitor\util\SendPhoneMsg.class]]
14:07:01.542 [main] DEBUG o.s.c.a.ClassPathBeanDefinitionScanner - Identified candidate component class: file [F:\Git\JAVAProject\HDU_Minitor\target\classes\cn\hdu\HDU_Minitor\controller\AddBuildContorller.class]
14:07:01.544 [main] DEBUG o.s.c.a.ClassPathBeanDefinitionScanner - Identified candidate component class: file [F:\Git\JAVAProject\HDU_Minitor\target\classes\cn\hdu\HDU_Minitor\controller\AddRoomController.class]
14:07:01.545 [main] DEBUG o.s.c.a.ClassPathBeanDefinitionScanner - Identified candidate component class: file [F:\Git\JAVAProject\HDU_Minitor\target\classes\cn\hdu\HDU_Minitor\controller\AddUserController.class]
14:07:01.547 [main] DEBUG o.s.c.a.ClassPathBeanDefinitionScanner - Identified candidate component class: file [F:\Git\JAVAProject\HDU_Minitor\target\classes\cn\hdu\HDU_Minitor\controller\AdminLoadUserController.class]
14:07:01.549 [main] DEBUG o.s.c.a.ClassPathBeanDefinitionScanner - Identified candidate component class: file [F:\Git\JAVAProject\HDU_Minitor\target\classes\cn\hdu\HDU_Minitor\controller\DeleteUserController.class]
14:07:01.550 [main] DEBUG o.s.c.a.ClassPathBeanDefinitionScanner - Identified candidate component class: file [F:\Git\JAVAProject\HDU_Minitor\target\classes\cn\hdu\HDU_Minitor\controller\device\DeviceUploadInfoController.class]
14:07:01.551 [main] DEBUG o.s.c.a.ClassPathBeanDefinitionScanner - Identified candidate component class: file [F:\Git\JAVAProject\HDU_Minitor\target\classes\cn\hdu\HDU_Minitor\controller\LoadBuildController.class]
14:07:01.553 [main] DEBUG o.s.c.a.ClassPathBeanDefinitionScanner - Identified candidate component class: file [F:\Git\JAVAProject\HDU_Minitor\target\classes\cn\hdu\HDU_Minitor\controller\LoadRoomController.class]
14:07:01.558 [main] DEBUG o.s.c.a.ClassPathBeanDefinitionScanner - Identified candidate component class: file [F:\Git\JAVAProject\HDU_Minitor\target\classes\cn\hdu\HDU_Minitor\controller\RemoveBuildController.class]
14:07:01.559 [main] DEBUG o.s.c.a.ClassPathBeanDefinitionScanner - Identified candidate component class: file [F:\Git\JAVAProject\HDU_Minitor\target\classes\cn\hdu\HDU_Minitor\controller\UserGetRdmPwdController.class]
14:07:01.560 [main] DEBUG o.s.c.a.ClassPathBeanDefinitionScanner - Identified candidate component class: file [F:\Git\JAVAProject\HDU_Minitor\target\classes\cn\hdu\HDU_Minitor\controller\UserLoginController.class]
14:07:01.574 [main] DEBUG o.s.c.a.ClassPathBeanDefinitionScanner - Identified candidate component class: file [F:\Git\JAVAProject\HDU_Minitor\target\classes\cn\hdu\HDU_Minitor\service\BuildServiceImpl.class]
14:07:01.576 [main] DEBUG o.s.c.a.ClassPathBeanDefinitionScanner - Identified candidate component class: file [F:\Git\JAVAProject\HDU_Minitor\target\classes\cn\hdu\HDU_Minitor\service\RoomSericeImpl.class]
14:07:01.589 [main] DEBUG o.s.c.a.ClassPathBeanDefinitionScanner - Identified candidate component class: file [F:\Git\JAVAProject\HDU_Minitor\target\classes\cn\hdu\HDU_Minitor\service\UserServiceImpl.class]
14:07:01.673 [main] DEBUG o.s.b.f.xml.XmlBeanDefinitionReader - Loaded 32 bean definitions from location pattern [conf/spring-mvc.xml]
14:07:01.673 [main] INFO  o.s.b.f.xml.XmlBeanDefinitionReader - Loading XML bean definitions from class path resource [conf/spring-mybatis.xml]
14:07:01.676 [main] DEBUG o.s.b.f.xml.DefaultDocumentLoader - Using JAXP provider [com.sun.org.apache.xerces.internal.jaxp.DocumentBuilderFactoryImpl]
14:07:01.679 [main] DEBUG o.s.b.f.xml.PluggableSchemaResolver - Found XML schema [http://www.springframework.org/schema/beans/spring-beans-3.2.xsd] in classpath: org/springframework/beans/factory/xml/spring-beans-3.2.xsd
14:07:01.755 [main] DEBUG o.s.b.f.x.DefaultBeanDefinitionDocumentReader - Loading bean definitions
14:07:01.760 [main] DEBUG o.s.b.f.xml.XmlBeanDefinitionReader - Loaded 3 bean definitions from location pattern [conf/spring-mybatis.xml]
14:07:01.761 [main] INFO  o.s.b.f.xml.XmlBeanDefinitionReader - Loading XML bean definitions from class path resource [conf/spring-transaction.xml]
14:07:01.763 [main] DEBUG o.s.b.f.xml.DefaultDocumentLoader - Using JAXP provider [com.sun.org.apache.xerces.internal.jaxp.DocumentBuilderFactoryImpl]
14:07:01.766 [main] DEBUG o.s.b.f.xml.PluggableSchemaResolver - Found XML schema [http://www.springframework.org/schema/beans/spring-beans-3.2.xsd] in classpath: org/springframework/beans/factory/xml/spring-beans-3.2.xsd
14:07:01.794 [main] DEBUG o.s.b.f.xml.PluggableSchemaResolver - Found XML schema [http://www.springframework.org/schema/tx/spring-tx-3.2.xsd] in classpath: org/springframework/transaction/config/spring-tx-3.2.xsd
14:07:01.798 [main] DEBUG o.s.b.f.xml.PluggableSchemaResolver - Found XML schema [http://www.springframework.org/schema/tool/spring-tool-3.2.xsd] in classpath: org/springframework/beans/factory/xml/spring-tool-3.2.xsd
14:07:01.803 [main] DEBUG o.s.b.f.x.DefaultBeanDefinitionDocumentReader - Loading bean definitions
14:07:01.818 [main] DEBUG o.s.b.f.xml.XmlBeanDefinitionReader - Loaded 6 bean definitions from location pattern [conf/spring-transaction.xml]
14:07:01.819 [main] DEBUG o.s.c.s.ClassPathXmlApplicationContext - Bean factory for org.springframework.context.support.ClassPathXmlApplicationContext@7ed7259e: org.springframework.beans.factory.support.DefaultListableBeanFactory@39d9314d: defining beans [addBuildContorller,addRoomController,addUserController,adminLoadUserController,deleteUserController,deviceUploadInfoController,loadBuildController,loadRoomController,removeBuildController,userGetRdmPwdController,userLoginController,buildService,roomService,userService,org.springframework.context.annotation.internalConfigurationAnnotationProcessor,org.springframework.context.annotation.internalAutowiredAnnotationProcessor,org.springframework.context.annotation.internalRequiredAnnotationProcessor,org.springframework.context.event.internalEventListenerProcessor,org.springframework.context.event.internalEventListenerFactory,mvcContentNegotiationManager,org.springframework.web.servlet.mvc.method.annotation.RequestMappingHandlerMapping,mvcCorsConfigurations,org.springframework.format.support.FormattingConversionServiceFactoryBean#0,org.springframework.web.servlet.mvc.method.annotation.RequestMappingHandlerAdapter,mvcUriComponentsContributor,org.springframework.web.servlet.handler.MappedInterceptor#0,org.springframework.web.servlet.mvc.method.annotation.ExceptionHandlerExceptionResolver#0,org.springframework.web.servlet.mvc.annotation.ResponseStatusExceptionResolver#0,org.springframework.web.servlet.mvc.support.DefaultHandlerExceptionResolver#0,org.springframework.web.servlet.handler.BeanNameUrlHandlerMapping,org.springframework.web.servlet.mvc.HttpRequestHandlerAdapter,org.springframework.web.servlet.mvc.SimpleControllerHandlerAdapter,dbcp,ssf,mapperScanner,txManger,org.springframework.transaction.config.internalTransactionalEventListenerFactory,org.springframework.aop.config.internalAutoProxyCreator,org.springframework.transaction.annotation.AnnotationTransactionAttributeSource#0,org.springframework.transaction.interceptor.TransactionInterceptor#0,org.springframework.transaction.config.internalTransactionAdvisor]; root of factory hierarchy
14:07:01.883 [main] DEBUG o.s.b.f.s.DefaultListableBeanFactory - Creating shared instance of singleton bean &apos;org.springframework.context.annotation.internalConfigurationAnnotationProcessor&apos;
14:07:01.884 [main] DEBUG o.s.b.f.s.DefaultListableBeanFactory - Creating instance of bean &apos;org.springframework.context.annotation.internalConfigurationAnnotationProcessor&apos;
14:07:01.904 [main] DEBUG o.s.b.f.s.DefaultListableBeanFactory - Eagerly caching bean &apos;org.springframework.context.annotation.internalConfigurationAnnotationProcessor&apos; to allow for resolving potential circular references
14:07:01.906 [main] DEBUG o.s.b.f.s.DefaultListableBeanFactory - Finished creating instance of bean &apos;org.springframework.context.annotation.internalConfigurationAnnotationProcessor&apos;
14:07:02.046 [main] DEBUG o.s.b.f.s.DefaultListableBeanFactory - Creating shared instance of singleton bean &apos;mapperScanner&apos;
14:07:02.046 [main] DEBUG o.s.b.f.s.DefaultListableBeanFactory - Creating instance of bean &apos;mapperScanner&apos;
14:07:02.046 [main] DEBUG o.s.b.f.s.DefaultListableBeanFactory - Eagerly caching bean &apos;mapperScanner&apos; to allow for resolving potential circular references
14:07:02.127 [main] DEBUG o.s.b.f.s.DefaultListableBeanFactory - Invoking afterPropertiesSet() on bean with name &apos;mapperScanner&apos;
14:07:02.127 [main] DEBUG o.s.b.f.s.DefaultListableBeanFactory - Finished creating instance of bean &apos;mapperScanner&apos;
14:07:02.128 [main] DEBUG o.s.core.env.StandardEnvironment - Adding PropertySource &apos;systemProperties&apos; with lowest search precedence
14:07:02.128 [main] DEBUG o.s.core.env.StandardEnvironment - Adding PropertySource &apos;systemEnvironment&apos; with lowest search precedence
14:07:02.129 [main] DEBUG o.s.core.env.StandardEnvironment - Initialized StandardEnvironment with PropertySources [MapPropertySource@1800649922 {name=&apos;systemProperties&apos;, properties={sun.desktop=windows, awt.toolkit=sun.awt.windows.WToolkit, java.specification.version=9, file.encoding.pkg=sun.io, sun.cpu.isalist=amd64, sun.jnu.encoding=GBK, java.class.path=F:\Git\JAVAProject\HDU_Minitor\target\test-classes;F:\Git\JAVAProject\HDU_Minitor\target\classes;E:\eclipse-workspace\.m2\repository\org\springframework\spring-webmvc\4.3.11.RELEASE\spring-webmvc-4.3.11.RELEASE.jar;E:\eclipse-workspace\.m2\repository\org\springframework\spring-aop\4.3.11.RELEASE\spring-aop-4.3.11.RELEASE.jar;E:\eclipse-workspace\.m2\repository\org\springframework\spring-beans\4.3.11.RELEASE\spring-beans-4.3.11.RELEASE.jar;E:\eclipse-workspace\.m2\repository\org\springframework\spring-context\4.3.11.RELEASE\spring-context-4.3.11.RELEASE.jar;E:\eclipse-workspace\.m2\repository\org\springframework\spring-core\4.3.11.RELEASE\spring-core-4.3.11.RELEASE.jar;E:\eclipse-workspace\.m2\repository\commons-logging\commons-logging\1.2\commons-logging-1.2.jar;E:\eclipse-workspace\.m2\repository\org\springframework\spring-expression\4.3.11.RELEASE\spring-expression-4.3.11.RELEASE.jar;E:\eclipse-workspace\.m2\repository\org\springframework\spring-web\4.3.11.RELEASE\spring-web-4.3.11.RELEASE.jar;E:\eclipse-workspace\.m2\repository\org\springframework\spring-jdbc\4.3.11.RELEASE\spring-jdbc-4.3.11.RELEASE.jar;E:\eclipse-workspace\.m2\repository\org\springframework\spring-tx\4.3.11.RELEASE\spring-tx-4.3.11.RELEASE.jar;E:\eclipse-workspace\.m2\repository\commons-dbcp\commons-dbcp\1.4\commons-dbcp-1.4.jar;E:\eclipse-workspace\.m2\repository\commons-pool\commons-pool\1.5.4\commons-pool-1.5.4.jar;E:\eclipse-workspace\.m2\repository\mysql\mysql-connector-java\5.1.37\mysql-connector-java-5.1.37.jar;E:\eclipse-workspace\.m2\repository\org\mybatis\mybatis\3.4.6\mybatis-3.4.6.jar;E:\eclipse-workspace\.m2\repository\org\mybatis\mybatis-spring\1.3.1\mybatis-spring-1.3.1.jar;E:\eclipse-workspace\.m2\repository\jstl\jstl\1.2\jstl-1.2.jar;E:\eclipse-workspace\.m2\repository\com\mangofactory\swagger-springmvc\1.0.2\swagger-springmvc-1.0.2.jar;E:\eclipse-workspace\.m2\repository\org\slf4j\slf4j-api\1.7.7\slf4j-api-1.7.7.jar;E:\eclipse-workspace\.m2\repository\joda-time\joda-time\2.5\joda-time-2.5.jar;E:\eclipse-workspace\.m2\repository\com\mangofactory\swagger-models\1.0.2\swagger-models-1.0.2.jar;E:\eclipse-workspace\.m2\repository\com\wordnik\swagger-annotations\1.3.11\swagger-annotations-1.3.11.jar;E:\eclipse-workspace\.m2\repository\com\google\guava\guava\15.0\guava-15.0.jar;E:\eclipse-workspace\.m2\repository\com\fasterxml\jackson\core\jackson-annotations\2.6.1\jackson-annotations-2.6.1.jar;E:\eclipse-workspace\.m2\repository\com\fasterxml\jackson\core\jackson-databind\2.6.1\jackson-databind-2.6.1.jar;E:\eclipse-workspace\.m2\repository\com\fasterxml\jackson\core\jackson-core\2.6.1\jackson-core-2.6.1.jar;E:\eclipse-workspace\.m2\repository\com\fasterxml\classmate\1.1.0\classmate-1.1.0.jar;E:\eclipse-workspace\.m2\repository\org\springframework\data\spring-data-redis\1.8.7.RELEASE\spring-data-redis-1.8.7.RELEASE.jar;E:\eclipse-workspace\.m2\repository\org\springframework\data\spring-data-keyvalue\1.2.7.RELEASE\spring-data-keyvalue-1.2.7.RELEASE.jar;E:\eclipse-workspace\.m2\repository\org\springframework\data\spring-data-commons\1.13.7.RELEASE\spring-data-commons-1.13.7.RELEASE.jar;E:\eclipse-workspace\.m2\repository\org\springframework\spring-oxm\4.3.11.RELEASE\spring-oxm-4.3.11.RELEASE.jar;E:\eclipse-workspace\.m2\repository\org\springframework\spring-context-support\4.3.11.RELEASE\spring-context-support-4.3.11.RELEASE.jar;E:\eclipse-workspace\.m2\repository\org\slf4j\jcl-over-slf4j\1.7.25\jcl-over-slf4j-1.7.25.jar;E:\eclipse-workspace\.m2\repository\redis\clients\jedis\2.9.0\jedis-2.9.0.jar;E:\eclipse-workspace\.m2\repository\org\apache\commons\commons-pool2\2.4.2\commons-pool2-2.4.2.jar;E:\eclipse-workspace\.m2\repository\ch\qos\logback\logback-classic\0.9.24\logback-classic-0.9.24.jar;E:\eclipse-workspace\.m2\repository\ch\qos\logback\logback-core\0.9.24\logback-core-0.9.24.jar;E:\eclipse-workspace\.m2\repository\log4j\log4j\1.2.17\log4j-1.2.17.jar;E:\eclipse-workspace\.m2\repository\org\aspectj\aspectjrt\1.8.10\aspectjrt-1.8.10.jar;E:\eclipse-workspace\.m2\repository\org\aspectj\aspectjweaver\1.8.10\aspectjweaver-1.8.10.jar;E:\eclipse-workspace\.m2\repository\junit\junit\4.11\junit-4.11.jar;E:\eclipse-workspace\.m2\repository\org\hamcrest\hamcrest-core\1.3\hamcrest-core-1.3.jar;E:\eclipse-workspace\.m2\repository\javax\servlet\servlet-api\2.5\servlet-api-2.5.jar;E:\eclipse-workspace\.m2\repository\javax\servlet\jsp\jsp-api\2.1.3-b06\jsp-api-2.1.3-b06.jar;E:\eclipse-workspace\.m2\repository\org\glassfish\javax.servlet\3.0-b70\javax.servlet-3.0-b70.jar;E:\eclipse-workspace\.m2\repository\javax\el\el-api\2.1.2-b05\el-api-2.1.2-b05.jar;, java.vm.vendor=Oracle Corporation, sun.arch.data.model=64, user.variant=, java.vendor.url=http://java.oracle.com/, user.timezone=Asia/Shanghai, os.name=Windows 7, java.vm.specification.version=9, sun.java.launcher=SUN_STANDARD, user.country=CN, sun.boot.library.path=E:\Java\jdk 9.01\bin, sun.java.command=F:\Git
[...]
sitory\org\springframework\spring-oxm\4.3.11.RELEASE\spring-oxm-4.3.11.RELEASE.jar;E:\eclipse-workspace\.m2\repository\org\springframework\spring-context-support\4.3.11.RELEASE\spring-context-support-4.3.11.RELEASE.jar;E:\eclipse-workspace\.m2\repository\org\slf4j\jcl-over-slf4j\1.7.25\jcl-over-slf4j-1.7.25.jar;E:\eclipse-workspace\.m2\repository\redis\clients\jedis\2.9.0\jedis-2.9.0.jar;E:\eclipse-workspace\.m2\repository\org\apache\commons\commons-pool2\2.4.2\commons-pool2-2.4.2.jar;E:\eclipse-workspace\.m2\repository\ch\qos\logback\logback-classic\0.9.24\logback-classic-0.9.24.jar;E:\eclipse-workspace\.m2\repository\ch\qos\logback\logback-core\0.9.24\logback-core-0.9.24.jar;E:\eclipse-workspace\.m2\repository\log4j\log4j\1.2.17\log4j-1.2.17.jar;E:\eclipse-workspace\.m2\repository\org\aspectj\aspectjrt\1.8.10\aspectjrt-1.8.10.jar;E:\eclipse-workspace\.m2\repository\org\aspectj\aspectjweaver\1.8.10\aspectjweaver-1.8.10.jar;E:\eclipse-workspace\.m2\repository\junit\junit\4.11\junit-4.11.jar;E:\eclipse-workspace\.m2\repository\org\hamcrest\hamcrest-core\1.3\hamcrest-core-1.3.jar;E:\eclipse-workspace\.m2\repository\javax\servlet\servlet-api\2.5\servlet-api-2.5.jar;E:\eclipse-workspace\.m2\repository\javax\servlet\jsp\jsp-api\2.1.3-b06\jsp-api-2.1.3-b06.jar;E:\eclipse-workspace\.m2\repository\org\glassfish\javax.servlet\3.0-b70\javax.servlet-3.0-b70.jar;E:\eclipse-workspace\.m2\repository\javax\el\el-api\2.1.2-b05\el-api-2.1.2-b05.jar;, java.vm.vendor=Oracle Corporation, sun.arch.data.model=64, user.variant=, java.vendor.url=http://java.oracle.com/, user.timezone=Asia/Shanghai, os.name=Windows 7, java.vm.specification.version=9, sun.java.launcher=SUN_STANDARD, user.country=CN, sun.boot.library.path=E:\Java\jdk 9.01\bin, sun.java.command=F:\Git\JAVAProject\HDU_Minitor\target\surefire\surefirebooter9040375031050353846.jar F:\Git\JAVAProject\HDU_Minitor\target\surefire\surefire6366189002758959061tmp F:\Git\JAVAProject\HDU_Minitor\target\surefire\surefire_013619108730529990772tmp, jdk.debug=release, surefire.test.class.path=F:\Git\JAVAProject\HDU_Minitor\target\test-classes;F:\Git\JAVAProject\HDU_Minitor\target\classes;E:\eclipse-workspace\.m2\repository\org\springframework\spring-webmvc\4.3.11.RELEASE\spring-webmvc-4.3.11.RELEASE.jar;E:\eclipse-workspace\.m2\repository\org\springframework\spring-aop\4.3.11.RELEASE\spring-aop-4.3.11.RELEASE.jar;E:\eclipse-workspace\.m2\repository\org\springframework\spring-beans\4.3.11.RELEASE\spring-beans-4.3.11.RELEASE.jar;E:\eclipse-workspace\.m2\repository\org\springframework\spring-context\4.3.11.RELEASE\spring-context-4.3.11.RELEASE.jar;E:\eclipse-workspace\.m2\repository\org\springframework\spring-core\4.3.11.RELEASE\spring-core-4.3.11.RELEASE.jar;E:\eclipse-workspace\.m2\repository\commons-logging\commons-logging\1.2\commons-logging-1.2.jar;E:\eclipse-workspace\.m2\repository\org\springframework\spring-expression\4.3.11.RELEASE\spring-expression-4.3.11.RELEASE.jar;E:\eclipse-workspace\.m2\repository\org\springframework\spring-web\4.3.11.RELEASE\spring-web-4.3.11.RELEASE.jar;E:\eclipse-workspace\.m2\repository\org\springframework\spring-jdbc\4.3.11.RELEASE\spring-jdbc-4.3.11.RELEASE.jar;E:\eclipse-workspace\.m2\repository\org\springframework\spring-tx\4.3.11.RELEASE\spring-tx-4.3.11.RELEASE.jar;E:\eclipse-workspace\.m2\repository\commons-dbcp\commons-dbcp\1.4\commons-dbcp-1.4.jar;E:\eclipse-workspace\.m2\repository\commons-pool\commons-pool\1.5.4\commons-pool-1.5.4.jar;E:\eclipse-workspace\.m2\repository\mysql\mysql-connector-java\5.1.37\mysql-connector-java-5.1.37.jar;E:\eclipse-workspace\.m2\repository\org\mybatis\mybatis\3.4.6\mybatis-3.4.6.jar;E:\eclipse-workspace\.m2\repository\org\mybatis\mybatis-spring\1.3.1\mybatis-spring-1.3.1.jar;E:\eclipse-workspace\.m2\repository\jstl\jstl\1.2\jstl-1.2.jar;E:\eclipse-workspace\.m2\repository\com\mangofactory\swagger-springmvc\1.0.2\swagger-springmvc-1.0.2.jar;E:\eclipse-workspace\.m2\repository\org\slf4j\slf4j-api\1.7.7\slf4j-api-1.7.7.jar;E:\eclipse-workspace\.m2\repository\joda-time\joda-time\2.5\joda-time-2.5.jar;E:\eclipse-workspace\.m2\repository\com\mangofactory\swagger-models\1.0.2\swagger-models-1.0.2.jar;E:\eclipse-workspace\.m2\repository\com\wordnik\swagger-annotations\1.3.11\swagger-annotations-1.3.11.jar;E:\eclipse-workspace\.m2\repository\com\google\guava\guava\15.0\guava-15.0.jar;E:\eclipse-workspace\.m2\repository\com\fasterxml\jackson\core\jackson-annotations\2.6.1\jackson-annotations-2.6.1.jar;E:\eclipse-workspace\.m2\repository\com\fasterxml\jackson\core\jackson-databind\2.6.1\jackson-databind-2.6.1.jar;E:\eclipse-workspace\.m2\repository\com\fasterxml\jackson\core\jackson-core\2.6.1\jackson-core-2.6.1.jar;E:\eclipse-workspace\.m2\repository\com\fasterxml\classmate\1.1.0\classmate-1.1.0.jar;E:\eclipse-workspace\.m2\repository\org\springframework\data\spring-data-redis\1.8.7.RELEASE\spring-data-redis-1.8.7.RELEASE.jar;E:\eclipse-workspace\.m2\repository\org\springframework\data\spring-data-keyvalue\1.2.7.RELEASE\spring-data-keyvalue-1.2.7.RELEASE.jar;E:\eclipse-workspace\.m2\repository\org\springframework\data\spring-data-commons\1.13.7.RELEASE\spring-data-commons-1.13.7.RELEASE.jar;E:\eclipse-workspace\.m2\repository\org\springframework\spring-oxm\4.3.11.RELEASE\spring-oxm-4.3.11.RELEASE.jar;E:\eclipse-workspace\.m2\repository\org\springframework\spring-context-support\4.3.11.RELEASE\spring-context-support-4.3.11.RELEASE.jar;E:\eclipse-workspace\.m2\repository\org\slf4j\jcl-over-slf4j\1.7.25\jcl-over-slf4j-1.7.25.jar;E:\eclipse-workspace\.m2\repository\redis\clients\jedis\2.9.0\jedis-2.9.0.jar;E:\eclipse-workspace\.m2\repository\org\apache\commons\commons-pool2\2.4.2\commons-pool2-2.4.2.jar;E:\eclipse-workspace\.m2\repository\ch\qos\logback\logback-classic\0.9.24\logback-classic-0.9.24.jar;E:\eclipse-workspace\.m2\repository\ch\qos\logback\logback-core\0.9.24\logback-core-0.9.24.jar;E:\eclipse-workspace\.m2\repository\log4j\log4j\1.2.17\log4j-1.2.17.jar;E:\eclipse-workspace\.m2\repository\org\aspectj\aspectjrt\1.8.10\aspectjrt-1.8.10.jar;E:\eclipse-workspace\.m2\repository\org\aspectj\aspectjweaver\1.8.10\aspectjweaver-1.8.10.jar;E:\eclipse-workspace\.m2\repository\junit\junit\4.11\junit-4.11.jar;E:\eclipse-workspace\.m2\repository\org\hamcrest\hamcrest-core\1.3\hamcrest-core-1.3.jar;E:\eclipse-workspace\.m2\repository\javax\servlet\servlet-api\2.5\servlet-api-2.5.jar;E:\eclipse-workspace\.m2\repository\javax\servlet\jsp\jsp-api\2.1.3-b06\jsp-api-2.1.3-b06.jar;E:\eclipse-workspace\.m2\repository\org\glassfish\javax.servlet\3.0-b70\javax.servlet-3.0-b70.jar;E:\eclipse-workspace\.m2\repository\javax\el\el-api\2.1.2-b05\el-api-2.1.2-b05.jar;, sun.cpu.endian=little, user.home=C:\Users\SunWay, user.language=zh, java.specification.vendor=Oracle Corporation, java.home=E:\Java\jdk 9.01, file.separator=\, basedir=F:\Git\JAVAProject\HDU_Minitor, java.vm.compressedOopsMode=32-bit, line.separator=
, java.vm.specification.vendor=Oracle Corporation, java.specification.name=Java Platform API Specification, java.awt.graphicsenv=sun.awt.Win32GraphicsEnvironment, surefire.real.class.path=F:\Git\JAVAProject\HDU_Minitor\target\surefire\surefirebooter9040375031050353846.jar, user.script=, sun.management.compiler=HotSpot 64-Bit Tiered Compilers, java.runtime.version=9.0.1+11, user.name=SunWay, path.separator=;, os.version=6.1, java.runtime.name=Java(TM) SE Runtime Environment, file.encoding=GBK, java.vm.name=Java HotSpot(TM) 64-Bit Server VM, localRepository=E:\eclipse-workspace\.m2\repository, java.vendor.url.bug=http://bugreport.java.com/bugreport/, java.io.tmpdir=C:\Users\SunWay\AppData\Local\Temp\, java.version=9.0.1, user.dir=F:\Git\JAVAProject\HDU_Minitor, os.arch=amd64, java.vm.specification.name=Java Virtual Machine Specification, java.awt.printerjob=sun.awt.windows.WPrinterJob, sun.os.patch.level=Service Pack 1, java.library.path=E:\Java\jdk 9.01\bin;C:\Windows\Sun\Java\bin;C:\Windows\system32;C:\Windows;E:\OracleXE\OracleInstall\app\oracle\product\10.2.0\server\bin;C:\ProgramData\Oracle\Java\javapath;C:\Program Files (x86)\NVIDIA Corporation\PhysX\Common;C:\Program Files (x86)\Intel\iCLS Client\;C:\Program Files\Intel\iCLS Client\;C:\Windows\system32;C:\Windows;C:\Windows\System32\Wbem;C:\Windows\System32\WindowsPowerShell\v1.0\;C:\Program Files (x86)\Intel\OpenCL SDK\2.0\bin\x86;C:\Program Files (x86)\Intel\OpenCL SDK\2.0\bin\x64;C:\Program Files\Intel\Intel(R) Management Engine Components\DAL;C:\Program Files\Intel\Intel(R) Management Engine Components\IPT;E:\Java\jdk 9.01\bin;E:\Java\jdk 9.01\jre\bin;C:\Program Files (x86)\Intel\Intel(R) Management Engine Components\DAL;C:\Program Files (x86)\Intel\Intel(R) Management Engine Components\IPT;E:\eclipse-workspace\tomcat\bin;%CATLINA_HOME%\lib;F:\Git\cmd;E:\matlab\bin\win32;C:\Program Files (x86)\Microsoft Visual Studio\Common\Tools\WinNT;C:\Program Files (x86)\Microsoft Visual Studio\Common\MSDev98\Bin;C:\Program Files (x86)\Microsoft Visual Studio\Common\Tools;C:\Program Files (x86)\Microsoft Visual Studio\VC98\bin;., java.vm.info=mixed mode, java.vendor=Oracle Corporation, java.vm.version=9.0.1+11, sun.io.unicode.encoding=UnicodeLittle, java.class.version=53.0}}, SystemEnvironmentPropertySource@2043702205 {name=&apos;systemEnvironment&apos;, properties={ACTEL_FOR_ALTIUM_OVERRIDE= , PATH=E:\OracleXE\OracleInstall\app\oracle\product\10.2.0\server\bin;C:\ProgramData\Oracle\Java\javapath;C:\Program Files (x86)\NVIDIA Corporation\PhysX\Common;C:\Program Files (x86)\Intel\iCLS Client\;C:\Program Files\Intel\iCLS Client\;C:\Windows\system32;C:\Windows;C:\Windows\System32\Wbem;C:\Windows\System32\WindowsPowerShell\v1.0\;C:\Program Files (x86)\Intel\OpenCL SDK\2.0\bin\x86;C:\Program Files (x86)\Intel\OpenCL SDK\2.0\bin\x64;C:\Program Files\Intel\Intel(R) Management Engine Components\DAL;C:\Program Files\Intel\Intel(R) Management Engine Components\IPT;E:\Java\jdk 9.01\bin;E:\Java\jdk 9.01\jre\bin;C:\Program Files (x86)\Intel\Intel(R) Management Engine Components\DAL;C:\Program Files (x86)\Intel\Intel(R) Management Engine Components\IPT;E:\eclipse-workspace\tomcat\bin;%CATLINA_HOME%\lib;F:\Git\cmd;E:\matlab\bin\win32;C:\Program Files (x86)\Microsoft Visual Studio\Common\Tools\WinNT;C:\Program Files (x86)\Microsoft Visual Studio\Common\MSDev98\Bin;C:\Program Files (x86)\Microsoft Visual Studio\Common\Tools;C:\Program Files (x86)\Microsoft Visual Studio\VC98\bin, LOCALAPPDATA=C:\Users\SunWay\AppData\Local, PROCESSOR_LEVEL=6, SYSTEMDRIVE=C:, COMMONPROGRAMFILES(X86)=C:\Program Files (x86)\Common Files, FP_NO_HOST_CHECK=NO, USERDOMAIN=SunWay-PC, LOGONSERVER=\\SUNWAY-PC, JAVA_HOME=E:\Java\jdk 9.01, PROMPT=$P$G, SESSIONNAME=Console, ALLUSERSPROFILE=C:\ProgramData, ALTERA_FOR_ALTIUM_OVERRIDE= , PROGRAMFILES(X86)=C:\Program Files (x86), PROCESSOR_ARCHITECTURE=AMD64, PROGRAMFILES=C:\Program Files, APPDATA=C:\Users\SunWay\AppData\Roaming, PSMODULEPATH=C:\Windows\system32\WindowsPowerShell\v1.0\Modules\, PROGRAMW6432=C:\Program Files, PROGRAMDATA=C:\ProgramData, SYSTEMROOT=C:\Windows, USERNAME=SunWay, TOMCAT_HOME=E:\eclipse-workspace\tomcat, INCLUDE=C:\Program Files (x86)\Microsoft Visual Studio\VC98\atl\include;C:\Program Files (x86)\Microsoft Visual Studio\VC98\mfc\include;C:\Program Files (x86)\Microsoft Visual Studio\VC98\include, PATHEXT=.COM;.EXE;.BAT;.CMD;.VBS;.VBE;.JS;.JSE;.WSF;.WSH;.MSC, LIB=C:\Program Files (x86)\Microsoft Visual Studio\VC98\mfc\lib;C:\Program Files (x86)\Microsoft Visual Studio\VC98\lib, OS=Windows_NT, COMMONPROGRAMW6432=C:\Program Files\Common Files, COMPUTERNAME=SUNWAY-PC, COMMONPROGRAMFILES=C:\Program Files\Common Files, COMSPEC=C:\Windows\system32\cmd.exe, CATALINA_HOME=E:\eclipse-workspace\tomcat, PROCESSOR_REVISION=3a09, WINDIR=C:\Windows, =F:=F:\Git\JAVAProject\HDU_Minitor, HOMEPATH=\Users\SunWay, TEMP=C:\Users\SunWay\AppData\Local\Temp, HOMEDRIVE=C:, PROCESSOR_IDENTIFIER=Intel64 Family 6 Model 58 Stepping 9, GenuineIntel, USERPROFILE=C:\Users\SunWay, TMP=C:\Users\SunWay\AppData\Local\Temp, PUBLIC=C:\Users\Public, NUMBER_OF_PROCESSORS=4}}]
14:07:04.907 [main] INFO  o.s.b.f.xml.XmlBeanDefinitionReader - Loading XML bean definitions from class path resource [org/springframework/jdbc/support/sql-error-codes.xml]
14:07:04.909 [main] DEBUG o.s.b.f.xml.DefaultDocumentLoader - Using JAXP provider [com.sun.org.apache.xerces.internal.jaxp.DocumentBuilderFactoryImpl]
14:07:04.911 [main] DEBUG o.s.b.factory.xml.BeansDtdResolver - Found beans DTD [http://www.springframework.org/dtd/spring-beans-2.0.dtd] in classpath: spring-beans-2.0.dtd
14:07:04.922 [main] DEBUG o.s.b.f.x.DefaultBeanDefinitionDocumentReader - Loading bean definitions
14:07:04.933 [main] DEBUG o.s.b.f.s.DefaultListableBeanFactory - Creating shared instance of singleton bean &apos;DB2&apos;
14:07:04.933 [main] DEBUG o.s.b.f.s.DefaultListableBeanFactory - Creating instance of bean &apos;DB2&apos;
14:07:04.933 [main] DEBUG o.s.b.f.s.DefaultListableBeanFactory - Eagerly caching bean &apos;DB2&apos; to allow for resolving potential circular references
14:07:04.939 [main] DEBUG o.s.b.f.s.DefaultListableBeanFactory - Finished creating instance of bean &apos;DB2&apos;
14:07:04.939 [main] DEBUG o.s.b.f.s.DefaultListableBeanFactory - Creating shared instance of singleton bean &apos;Derby&apos;
14:07:04.940 [main] DEBUG o.s.b.f.s.DefaultListableBeanFactory - Creating instance of bean &apos;Derby&apos;
14:07:04.940 [main] DEBUG o.s.b.f.s.DefaultListableBeanFactory - Eagerly caching bean &apos;Derby&apos; to allow for resolving potential circular references
14:07:04.941 [main] DEBUG o.s.b.f.s.DefaultListableBeanFactory - Finished creating instance of bean &apos;Derby&apos;
14:07:04.941 [main] DEBUG o.s.b.f.s.DefaultListableBeanFactory - Creating shared instance of singleton bean &apos;H2&apos;
14:07:04.941 [main] DEBUG o.s.b.f.s.DefaultListableBeanFactory - Creating instance of bean &apos;H2&apos;
14:07:04.941 [main] DEBUG o.s.b.f.s.DefaultListableBeanFactory - Eagerly caching bean &apos;H2&apos; to allow for resolving potential circular references
14:07:04.942 [main] DEBUG o.s.b.f.s.DefaultListableBeanFactory - Finished creating instance of bean &apos;H2&apos;
14:07:04.942 [main] DEBUG o.s.b.f.s.DefaultListableBeanFactory - Creating shared instance of singleton bean &apos;HSQL&apos;
14:07:04.942 [main] DEBUG o.s.b.f.s.DefaultListableBeanFactory - Creating instance of bean &apos;HSQL&apos;
14:07:04.942 [main] DEBUG o.s.b.f.s.DefaultListableBeanFactory - Eagerly caching bean &apos;HSQL&apos; to allow for resolving potential circular references
14:07:04.942 [main] DEBUG o.s.b.f.s.DefaultListableBeanFactory - Finished creating instance of bean &apos;HSQL&apos;
14:07:04.942 [main] DEBUG o.s.b.f.s.DefaultListableBeanFactory - Creating shared instance of singleton bean &apos;Informix&apos;
14:07:04.942 [main] DEBUG o.s.b.f.s.DefaultListableBeanFactory - Creating instance of bean &apos;Informix&apos;
14:07:04.943 [main] DEBUG o.s.b.f.s.DefaultListableBeanFactory - Eagerly caching bean &apos;Informix&apos; to allow for resolving potential circular references
14:07:04.943 [main] DEBUG o.s.b.f.s.DefaultListableBeanFactory - Finished creating instance of bean &apos;Informix&apos;
14:07:04.943 [main] DEBUG o.s.b.f.s.DefaultListableBeanFactory - Creating shared instance of singleton bean &apos;MS-SQL&apos;
14:07:04.943 [main] DEBUG o.s.b.f.s.DefaultListableBeanFactory - Creating instance of bean &apos;MS-SQL&apos;
14:07:04.943 [main] DEBUG o.s.b.f.s.DefaultListableBeanFactory - Eagerly caching bean &apos;MS-SQL&apos; to allow for resolving potential circular references
14:07:04.944 [main] DEBUG o.s.b.f.s.DefaultListableBeanFactory - Finished creating instance of bean &apos;MS-SQL&apos;
14:07:04.945 [main] DEBUG o.s.b.f.s.DefaultListableBeanFactory - Creating shared instance of singleton bean &apos;MySQL&apos;
14:07:04.945 [main] DEBUG o.s.b.f.s.DefaultListableBeanFactory - Creating instance of bean &apos;MySQL&apos;
14:07:04.945 [main] DEBUG o.s.b.f.s.DefaultListableBeanFactory - Eagerly caching bean &apos;MySQL&apos; to allow for resolving potential circular references
14:07:04.945 [main] DEBUG o.s.b.f.s.DefaultListableBeanFactory - Finished creating instance of bean &apos;MySQL&apos;
14:07:04.946 [main] DEBUG o.s.b.f.s.DefaultListableBeanFactory - Creating shared instance of singleton bean &apos;Oracle&apos;
14:07:04.946 [main] DEBUG o.s.b.f.s.DefaultListableBeanFactory - Creating instance of bean &apos;Oracle&apos;
14:07:04.946 [main] DEBUG o.s.b.f.s.DefaultListableBeanFactory - Eagerly caching bean &apos;Oracle&apos; to allow for resolving potential circular references
14:07:04.947 [main] DEBUG o.s.b.f.s.DefaultListableBeanFactory - Finished creating instance of bean &apos;Oracle&apos;
14:07:04.947 [main] DEBUG o.s.b.f.s.DefaultListableBeanFactory - Creating shared instance of singleton bean &apos;PostgreSQL&apos;
14:07:04.947 [main] DEBUG o.s.b.f.s.DefaultListableBeanFactory - Creating instance of bean &apos;PostgreSQL&apos;
14:07:04.947 [main] DEBUG o.s.b.f.s.DefaultListableBeanFactory - Eagerly caching bean &apos;PostgreSQL&apos; to allow for resolving potential circular references
14:07:04.948 [main] DEBUG o.s.b.f.s.DefaultListableBeanFactory - Finished creating instance of bean &apos;PostgreSQL&apos;
14:07:04.948 [main] DEBUG o.s.b.f.s.DefaultListableBeanFactory - Creating shared instance of singleton bean &apos;Sybase&apos;
14:07:04.948 [main] DEBUG o.s.b.f.s.DefaultListableBeanFactory - Creating instance of bean &apos;Sybase&apos;
14:07:04.948 [main] DEBUG o.s.b.f.s.DefaultListableBeanFactory - Eagerly caching bean &apos;Sybase&apos; to allow for resolving potential circular references
14:07:04.951 [main] DEBUG o.s.b.f.s.DefaultListableBeanFactory - Finished creating instance of bean &apos;Sybase&apos;
14:07:04.951 [main] DEBUG o.s.b.f.s.DefaultListableBeanFactory - Creating shared instance of singleton bean &apos;Hana&apos;
14:07:04.951 [main] DEBUG o.s.b.f.s.DefaultListableBeanFactory - Creating instance of bean &apos;Hana&apos;
14:07:04.952 [main] DEBUG o.s.b.f.s.DefaultListableBeanFactory - Eagerly caching bean &apos;Hana&apos; to allow for resolving potential circular references
14:07:04.953 [main] DEBUG o.s.b.f.s.DefaultListableBeanFactory - Finished creating instance of bean &apos;Hana&apos;
14:07:04.953 [main] INFO  o.s.j.support.SQLErrorCodesFactory - SQLErrorCodes loaded: [DB2, Derby, H2, HSQL, Informix, MS-SQL, MySQL, Oracle, PostgreSQL, Sybase, Hana]
14:07:04.953 [main] DEBUG o.s.j.support.SQLErrorCodesFactory - Looking up default SQLErrorCodes for DataSource [org.apache.commons.dbcp.BasicDataSource@42c28305]
14:07:04.957 [main] DEBUG o.s.jdbc.datasource.DataSourceUtils - Fetching JDBC Connection from DataSource
14:07:04.961 [main] DEBUG o.s.jdbc.datasource.DataSourceUtils - Returning JDBC Connection to DataSource
14:07:04.962 [main] DEBUG o.s.j.support.SQLErrorCodesFactory - SQL error codes for &apos;MySQL&apos; found
14:07:04.962 [main] DEBUG o.s.j.support.SQLErrorCodesFactory - Caching SQL error codes for DataSource [org.apache.commons.dbcp.BasicDataSource@42c28305]: database product name is &apos;MySQL&apos;
14:07:04.962 [main] DEBUG o.s.j.s.SQLErrorCodeSQLExceptionTranslator - Translating SQLException with SQL state &apos;23000&apos;, error code &apos;1062&apos;, message [Duplicate entry &apos;13&apos; for key &apos;build_number_uk&apos;]; SQL was [] for task [
### Error updating database.  Cause: com.mysql.jdbc.exceptions.jdbc4.MySQLIntegrityConstraintViolationException: Duplicate entry &apos;13&apos; for key &apos;build_number_uk&apos;
### The error may involve cn.hdu.HDU_Minitor.dao.BuildDao.save-Inline
### The error occurred while setting parameters
### SQL: INSERT INTO hdu_monitor_build(build_id,build_number,build_name)    VALUES(?,?,?)
### Cause: com.mysql.jdbc.exceptions.jdbc4.MySQLIntegrityConstraintViolationException: Duplicate entry &apos;13&apos; for key &apos;build_number_uk&apos;
]
</system-out>
  </testcase>
  <testcase classname="Test.TestBuild" name="testFindByNu" time="1.134"/>
</testsuite>