<?xml version="1.0" encoding="UTF-8" ?>
<testsuite tests="5" failures="0" name="Test.TestUser" time="2.928" errors="3" skipped="0">
  <properties>
[...]
</properties>
  <testcase classname="Test.TestUser" name="testSaveUser" time="0.494">
    <error type="java.lang.NullPointerException">java.lang.NullPointerException
	at cn.hdu.HDU_Minitor.service.UserServiceImpl.insertOrUpdateUserInfo(UserServiceImpl.java:123)
	at java.base/jdk.internal.reflect.NativeMethodAccessorImpl.invoke0(Native Method)
	at java.base/jdk.internal.reflect.NativeMethodAccessorImpl.invoke(NativeMethodAccessorImpl.java:62)
	at java.base/jdk.internal.reflect.DelegatingMethodAccessorImpl.invoke(DelegatingMethodAccessorImpl.java:43)
	at java.base/java.lang.reflect.Method.invoke(Method.java:564)
	at org.springframework.aop.support.AopUtils.invokeJoinpointUsingReflection(AopUtils.java:333)
	at org.springframework.aop.framework.ReflectiveMethodInvocation.invokeJoinpoint(ReflectiveMethodInvocation.java:190)
	at org.springframework.aop.framework.ReflectiveMethodInvocation.proceed(ReflectiveMethodInvocation.java:157)
	at org.springframework.transaction.interceptor.TransactionInterceptor$1.proceedWithInvocation(TransactionInterceptor.java:99)
	at org.springframework.transaction.interceptor.TransactionAspectSupport.invokeWithinTransaction(TransactionAspectSupport.java:282)
	at org.springframework.transaction.interceptor.TransactionInterceptor.invoke(TransactionInterceptor.java:96)
	at org.springframework.aop.framework.ReflectiveMethodInvocation.proceed(ReflectiveMethodInvocation.java:179)
	at org.springframework.aop.framework.JdkDynamicAopProxy.invoke(JdkDynamicAopProxy.java:213)
	at com.sun.proxy.$Proxy18.insertOrUpdateUserInfo(Unknown Source)
	at Test.TestUser.testSaveUser(TestUser.java:76)
	at java.base/jdk.internal.reflect.NativeMethodAccessorImpl.invoke0(Native Method)
	at java.base/jdk.internal.reflect.NativeMethodAccessorImpl.invoke(NativeMethodAccessorImpl.java:62)
	at java.base/jdk.internal.reflect.DelegatingMethodAccessorImpl.invoke(DelegatingMethodAccessorImpl.java:43)
	at java.base/java.lang.reflect.Method.invoke(Method.java:564)
	at org.junit.runners.model.FrameworkMethod$1.runReflectiveCall(FrameworkMethod.java:47)
	at org.junit.internal.runners.model.ReflectiveCallable.run(ReflectiveCallable.java:12)
	at org.junit.runners.model.FrameworkMethod.invokeExplosively(FrameworkMethod.java:44)
	at org.junit.internal.runners.statements.InvokeMethod.evaluate(InvokeMethod.java:17)
	at org.junit.internal.runners.statements.RunBefores.evaluate(RunBefores.java:26)
	at org.junit.runners.ParentRunner.runLeaf(ParentRunner.java:271)
	at org.junit.runners.BlockJUnit4ClassRunner.runChild(BlockJUnit4ClassRunner.java:70)
	at org.junit.runners.BlockJUnit4ClassRunner.runChild(BlockJUnit4ClassRunner.java:50)
	at org.junit.runners.ParentRunner$3.run(ParentRunner.java:238)
	at org.junit.runners.ParentRunner$1.schedule(ParentRunner.java:63)
	at org.junit.runners.ParentRunner.runChildren(ParentRunner.java:236)
	at org.junit.runners.ParentRunner.access$000(ParentRunner.java:53)
	at org.junit.runners.ParentRunner$2.evaluate(ParentRunner.java:229)
	at org.junit.runners.ParentRunner.run(ParentRunner.java:309)
	at org.apache.maven.surefire.junit4.JUnit4Provider.execute(JUnit4Provider.java:252)
	at org.apache.maven.surefire.junit4.JUnit4Provider.executeTestSet(JUnit4Provider.java:141)
	at org.apache.maven.surefire.junit4.JUnit4Provider.invoke(JUnit4Provider.java:112)
	at java.base/jdk.internal.reflect.NativeMethodAccessorImpl.invoke0(Native Method)
	at java.base/jdk.internal.reflect.NativeMethodAccessorImpl.invoke(NativeMethodAccessorImpl.java:62)
	at java.base/jdk.internal.reflect.DelegatingMethodAccessorImpl.invoke(DelegatingMethodAccessorImpl.java:43)
	at java.base/java.lang.reflect.Method.invoke(Method.java:564)
	at org.apache.maven.surefire.util.ReflectionUtils.invokeMethodWithArray(ReflectionUtils.java:189)
	at org.apache.maven.surefire.booter.ProviderFactory$ProviderProxy.invoke(ProviderFactory.java:165)
	at org.apache.maven.surefire.booter.ProviderFactory.invokeProvider(ProviderFactory.java:85)
	at org.apache.maven.surefire.booter.ForkedBooter.runSuitesInProcess(ForkedBooter.java:115)
	at org.apache.maven.surefire.booter.ForkedBooter.main(ForkedBooter.java:75)
</error>
    <system-out>getContext()
14:07:09.456 [main] DEBUG o.s.core.env.StandardEnvironment - Adding PropertySource &apos;systemProperties&apos; with lowest search precedence
14:07:09.456 [main] DEBUG o.s.core.env.StandardEnvironment - Adding PropertySource &apos;systemEnvironment&apos; with lowest search precedence
14:07:09.457 [main] DEBUG o.s.core.env.StandardEnvironment - Initialized StandardEnvironment with PropertySources [MapPropertySource@1496999718 {name=&apos;systemProperties&apos;, properties={sun.desktop=windows, awt.toolkit=sun.awt.windows.WToolkit, java.specification.version=9, file.encoding.pkg=sun.io, sun.cpu.isalist=amd64, sun.jnu.encoding=GBK, java.class.path=F:\Git\JAVAProject\HDU_Minitor\target\test-classes;F:\Git\JAVAProject\HDU_Minitor\target\classes;E:\eclipse-workspace\.m2\repository\org\springframework\spring-webmvc\4.3.11.RELEASE\spring-webmvc-4.3.11.RELEASE.jar;E:\eclipse-workspace\.m2\repository\org\springframework\spring-aop\4.3.11.RELEASE\spring-aop-4.3.11.RELEASE.jar;E:\eclipse-workspace\.m2\repository\org\springframework\spring-beans\4.3.11.RELEASE\spring-beans-4.3.11.RELEASE.jar;E:\eclipse-workspace\.m2\repository\org\springframework\spring-context\4.3.11.RELEASE\spring-context-4.3.11.RELEASE.jar;E:\eclipse-workspace\.m2\repository\org\springframework\spring-core\4.3.11.RELEASE\spring-core-4.3.11.RELEASE.jar;E:\eclipse-workspace\.m2\repository\commons-logging\commons-logging\1.2\commons-logging-1.2.jar;E:\eclipse-workspace\.m2\repository\org\springframework\spring-expression\4.3.11.RELEASE\spring-expression-4.3.11.RELEASE.jar;E:\eclipse-workspace\.m2\repository\org\springframework\spring-web\4.3.11.RELEASE\spring-web-4.3.11.RELEASE.jar;E:\eclipse-workspace\.m2\repository\org\springframework\spring-jdbc\4.3.11.RELEASE\spring-jdbc-4.3.11.RELEASE.jar;E:\eclipse-workspace\.m2\repository\org\springframework\spring-tx\4.3.11.RELEASE\spring-tx-4.3.11.RELEASE.jar;E:\eclipse-workspace\.m2\repository\commons-dbcp\commons-dbcp\1.4\commons-dbcp-1.4.jar;E:\eclipse-workspace\.m2\repository\commons-pool\commons-pool\1.5.4\commons-pool-1.5.4.jar;E:\eclipse-workspace\.m2\repository\mysql\mysql-connector-java\5.1.37\mysql-connector-java-5.1.37.jar;E:\eclipse-workspace\.m2\repository\org\mybatis\mybatis\3.4.6\mybatis-3.4.6.jar;E:\eclipse-workspace\.m2\repository\org\mybatis\mybatis-spring\1.3.1\mybatis-spring-1.3.1.jar;E:\eclipse-workspace\.m2\repository\jstl\jstl\1.2\jstl-1.2.jar;E:\eclipse-workspace\.m2\repository\com\mangofactory\swagger-springmvc\1.0.2\swagger-springmvc-1.0.2.jar;E:\eclipse-workspace\.m2\repository\org\slf4j\slf4j-api\1.7.7\slf4j-api-1.7.7.jar;E:\eclipse-workspace\.m2\repository\joda-time\joda-time\2.5\joda-time-2.5.jar;E:\eclipse-workspace\.m2\repository\com\mangofactory\swagger-models\1.0.2\swagger-models-1.0.2.jar;E:\eclipse-workspace\.m2\repository\com\wordnik\swagger-annotations\1.3.11\swagger-annotations-1.3.11.jar;E:\eclipse-workspace\.m2\repository\com\google\guava\guava\15.0\guava-15.0.jar;E:\eclipse-workspace\.m2\repository\com\fasterxml\jackson\core\jackson-annotations\2.6.1\jackson-annotations-2.6.1.jar;E:\eclipse-workspace\.m2\repository\com\fasterxml\jackson\core\jackson-databind\2.6.1\jackson-databind-2.6.1.jar;E:\eclipse-workspace\.m2\repository\com\fasterxml\jackson\core\jackson-core\2.6.1\jackson-core-2.6.1.jar;E:\eclipse-workspace\.m2\repository\com\fasterxml\classmate\1.1.0\classmate-1.1.0.jar;E:\eclipse-workspace\.m2\repository\org\springframework\data\spring-data-redis\1.8.7.RELEASE\spring-data-redis-1.8.7.RELEASE.jar;E:\eclipse-workspace\.m2\repository\org\springframework\data\spring-data-keyvalue\1.2.7.RELEASE\spring-data-keyvalue-1.2.7.RELEASE.jar;E:\eclipse-workspace\.m2\repository\org\springframework\data\spring-data-commons\1.13.7.RELEASE\spring-data-commons-1.13.7.RELEASE.jar;E:\eclipse-workspace\.m2\repository\org\springframework\spring-oxm\4.3.11.RELEASE\spring-oxm-4.3.11.RELEASE.jar;E:\eclipse-workspace\.m2\repository\org\springframework\spring-context-support\4.3.11.RELEASE\spring-context-support-4.3.11.RELEASE.jar;E:\eclipse-workspace\.m2\repository\org\slf4j\jcl-over-slf4j\1.7.25\jcl-over-slf4j-1.7.25.jar;E:\eclipse-workspace\.m2\repository\redis\clients\jedis\2.9.0\jedis-2.9.0.jar;E:\eclipse-workspace\.m2\repository\org\apache\commons\commons-pool2\2.4.2\commons-pool2-2.4.2.jar;E:\eclipse-workspace\.m2\repository\ch\qos\logback\logback-classic\0.9.24\logback-classic-0.9.24.jar;E:\eclipse-workspace\.m2\repository\ch\qos\logback\logback-core\0.9.24\logback-core-0.9.24.jar;E:\eclipse-workspace\.m2\repository\log4j\log4j\1.2.17\log4j-1.2.17.jar;E:\eclipse-workspace\.m2\repository\org\aspectj\aspectjrt\1.8.10\aspectjrt-1.8.10.jar;E:\eclipse-workspace\.m2\repository\org\aspectj\aspectjweaver\1.8.10\aspectjweaver-1.8.10.jar;E:\eclipse-workspace\.m2\repository\junit\junit\4.11\junit-4.11.jar;E:\eclipse-workspace\.m2\repository\org\hamcrest\hamcrest-core\1.3\hamcrest-core-1.3.jar;E:\eclipse-workspace\.m2\repository\javax\servlet\servlet-api\2.5\servlet-api-2.5.jar;E:\eclipse-workspace\.m2\repository\javax\servlet\jsp\jsp-api\2.1.3-b06\jsp-api-2.1.3-b06.jar;E:\eclipse-workspace\.m2\repository\org\glassfish\javax.servlet\3.0-b70\javax.servlet-3.0-b70.jar;E:\eclipse-workspace\.m2\repository\javax\el\el-api\2.1.2-b05\el-api-2.1.2-b05.jar;, java.vm.vendor=Oracle Corporation, sun.arch.data.model=64, user.variant=, java.vendor.url=http://java.oracle.com/, user.timezone=Asia/Shanghai, os.name=Windows 7, java.vm.specification.version=9, sun.java.launcher=SUN_STANDARD, user.country=CN, sun.boot.library.path=E:\Java\jdk 9.01\bin, sun.java.command=F:\Git\JAVAProject\HDU_Minitor\target\surefire\surefirebooter9040375031050353846.jar F:\Git\JAVAProject\HDU_Minitor\target\surefire\surefire6366189002758959061tmp F:\Git\JAVAProject\HDU_Minitor\target\surefire\surefire_013619108730529990772tmp, jdk.debug=release, surefire.test.class.path=F:\Git\JAVAProject\HDU_Minitor\target\test-classes;F:\Git\JAVAProject\HDU_Minitor\target\classes;E:\eclipse-workspace\.m2\repository\org\springframework\spring-webmvc\4.3.11.RELEASE\spring-webmvc-4.3.11.RELEASE.jar;E:\eclipse-workspace\.m2\repository\org\springframework\spring-aop\4.3.11.RELEASE\spring-aop-4.3.11.RELEASE.jar;E:\eclipse-workspace\.m2\repository\org\springframework\spring-beans\4.3.11.RELEASE\spring-beans-4.3.11.RELEASE.jar;E:\eclipse-workspace\.m2\repository\org\springframework\spring-context\4.3.11.RELEASE\spring-context-4.3.11.RELEASE.jar;E:\eclipse-workspace\.m2\repository\org\springframework\spring-core\4.3.11.RELEASE\spring-core-4.3.11.RELEASE.jar;E:\eclipse-workspace\.m2\repository\commons-logging\commons-logging\1.2\commons-logging-1.2.jar;E:\eclipse-workspace\.m2\repository\org\springframework\spring-expression\4.3.11.RELEASE\spring-expression-4.3.11.RELEASE.jar;E:\eclipse-workspace\.m2\repository\org\springframework\spring-web\4.3.11.RELEASE\spring-web-4.3.11.RELEASE.jar;E:\eclipse-workspace\.m2\repository\org\springframework\spring-jdbc\4.3.11.RELEASE\spring-jdbc-4.3.11.RELEASE.jar;E:\eclipse-workspace\.m2\repository\org\springframework\spring-tx\4.3.11.RELEASE\spring-tx-4.3.11.RELEASE.jar;E:\eclipse-workspace\.m2\repository\commons-dbcp\commons-dbcp\1.4\commons-dbcp-1.4.jar;E:\eclipse-workspace\.m2\repository\commons-pool\commons-pool\1.5.4\commons-pool-1.5.4.jar;E:\eclipse-workspace\.m2\repository\mysql\mysql-connector-java\5.1.37\mysql-connector-java-5.1.37.jar;E:\eclipse-workspace\.m2\repository\org\mybatis\mybatis\3.4.6\mybatis-3.4.6.jar;E:\eclipse-workspace\.m2\repository\org\mybatis\mybatis-spring\1.3.1\mybatis-spring-1.3.1.jar;E:\eclipse-workspace\.m2\repository\jstl\jstl\1.2\jstl-1.2.jar;E:\eclipse-workspace\.m2\repository\com\mangofactory\swagger-springmvc\1.0.2\swagger-springmvc-1.0.2.jar;E:\eclipse-workspace\.m2\repository\org\slf4j\slf4j-api\1.7.7\slf4j-api-1.7.7.jar;E:\eclipse-workspace\.m2\repository\joda-time\joda-time\2.5\joda-time-2.5.jar;E:\eclipse-workspace\.m2\repository\com\mangofactory\swagger-models\1.0.2\swagger-models-1.0.2.jar;E:\eclipse-workspace\.m2\repository\com\wordnik\swagger-annotations\1.3.11\swagger-annotations-1.3.11.jar;E:\eclipse-workspace\.m2\repository\com\google\guava\guava\15.0\guava-15.0.jar;E:\eclipse-workspace\.m2\repository\com\fasterxml\jackson\core\jackson-annotations\2.6.1\jackson-annotations-2.6.1.jar;E:\eclipse-workspace\.m2\repository\com\fasterxml\jackson\core\jackson-databind\2.6.1\jackson-databind-2.6.1.jar;E:\eclipse-workspace\.m2\repository\com\fasterxml\jackson\core\jackson-core\2.6.1\jackson-core-2.6.1.jar;E:\eclipse-workspace\.m2\repository\com\fasterxml\classmate\1.1.0\classmate-1.1.0.jar;E:\eclipse-workspace\.m2\repository\org\springframework\data\spring-data-redis\1.8.7.RELEASE\spring-data-redis-1.8.7.RELEASE.jar;E:\eclipse-workspace\.m2\repository\org\springframework\data\spring-data-keyvalue\1.2.7.RELEASE\spring-data-keyvalue-1.2.7.RELEASE.jar;E:\eclipse-workspace\.m2\repository\org\springframework\data\spring-data-commons\1.13.7.RELEASE\spring-data-commons-1.13.7.RELEASE.jar;E:\eclipse-workspace\.m2\repository\org\springframework\spring-oxm\4.3.11.RELEASE\spring-oxm-4.3.11.RELEASE.jar;E:\eclipse-workspace\.m2\repository\org\springframework\spring-context-support\4.3.11.RELEASE\spring-context-support-4.3.11.RELEASE.jar;E:\eclipse-workspace\.m2\repository\org\slf4j\jcl-over-slf4j\1.7.25\jcl-over-slf4j-1.7.25.jar;E:\eclipse-workspace\.m2\repository\redis\clients\jedis\2.9.0\jedis-2.9.0.jar;E:\eclipse-workspace\.m2\repository\org\apache\commons\commons-pool2\2.4.2\commons-pool2-2.4.2.jar;E:\eclipse-workspace\.m2\repository\ch\qos\logback\logback-classic\0.9.24\logback-classic-0.9.24.jar;E:\eclipse-workspace\.m2\repository\ch\qos\logback\logback-core\0.9.24\logback-core-0.9.24.jar;E:\eclipse-workspace\.m2\repository\log4j\log4j\1.2.17\log4j-1.2.17.jar;E:\eclipse-workspace\.m2\repository\org\aspectj\aspectjrt\1.8.10\aspectjrt-1.8.10.jar;E:\eclipse-workspace\.m2\repository\org\aspectj\aspectjweaver\1.8.10\aspectjweaver-1.8.10.jar;E:\eclipse-workspace\.m2\repository\junit\junit\4.11\junit-4.11.jar;E:\eclipse-workspace\.m2\repository\org\hamcrest\hamcrest-core\1.3\hamcrest-core-1.3.jar;E:\eclipse-workspace\.m2\repository\javax\servlet\servlet-api\2.5\servlet-api-2.5.jar;E:\eclipse-workspace\.m2\repository\javax\servlet\jsp\jsp-api\2.1.3-b06\jsp-api-2.1.3-b06.jar;E:\eclipse-workspace\.m2\repository\org\glassfish\javax.servlet\3.0-b70\javax.servlet-3.0-b70.jar;E:\eclipse-workspace\.m2\repository\javax\el\el-api\2.1.2-b05\el-api-2.1.2-b05.jar;, sun.cpu.endian=little, user.home=C:\Users\SunWay, user.language=zh, java.specification.vendor=Oracle Corporation, java.home=E:\Java\jdk 9.01, file.separator=\, basedir=F:\Git\JAVAProject\HDU_Minitor, java.vm.compressedOopsMode=32-bit, line.separator=
, java.vm.specification.vendor=Oracle Corporation, java.specification.name=Java Platform API Specification, java.awt.graphicsenv=sun.awt.Win32GraphicsEnvironment, surefire.real.class.path=F:\Git\JAVAProject\HDU_Minitor\target\surefire\surefirebooter9040375031050353846.jar, user.script=, sun.management.compiler=HotSpot 64-Bit Tiered Compilers, java.runtime.version=9.0.1+11, user.name=SunWay, path.separator=;, os.version=6.1, java.runtime.name=Java(TM) SE Runtime Environment, file.encoding=GBK, java.vm.name=Java HotSpot(TM) 64-Bit Server VM, localRepository=E:\eclipse-workspace\.m2\repository, java.vendor.url.bug=http://bugreport.java.com/bugreport/, java.io.tmpdir=C:\Users\SunWay\AppData\Local\Temp\, java.version=9.0.1, user.dir=F:\Git\JAVAProject\HDU_Minitor, os.arch=amd64, java.vm.specification.name=Java Virtual Machine Specification, java.awt.printerjob=sun.awt.windows.WPrinterJob, sun.os.patch.level=Service Pack 1, java.library.path=E:\Java\jdk 9.01\bin;C:\Windows\Sun\Java\bin;C:\Windows\system32;C:\Windows;E:\OracleXE\OracleInstall\app\oracle\product\10.2.0\server\bin;C:\ProgramData\Oracle\Java\javapath;C:\Program Files (x86)\NVIDIA Corporation\PhysX\Common;C:\Program Files (x86)\Intel\iCLS Client\;C:\Program Files\Intel\iCLS Client\;C:\Windows\system32;C:\Windows;C:\Windows\System32\Wbem;C:\Windows\System32\WindowsPowerShell\v1.0\;C:\Program Files (x86)\Intel\OpenCL SDK\2.0\bin\x86;C:\Program Files (x86)\Intel\OpenCL SDK\2.0\bin\x64;C:\Program Files\Intel\Intel(R) Management Engine Components\DAL;C:\Program Files\Intel\Intel(R) Management Engine Components\IPT;E:\Java\jdk 9.01\bin;E:\Java\jdk 9.01\jre\bin;C:\Program Files (x86)\Intel\Intel(R) Management Engine Components\DAL;C:\Program Files (x86)\Intel\Intel(R) Management Engine Components\IPT;E:\eclipse-workspace\tomcat\bin;%CATLINA_HOME%\lib;F:\Git\cmd;E:\matlab\bin\win32;C:\Program Files (x86)\Microsoft Visual Studio\Common\Tools\WinNT;C:\Program Files (x86)\Microsoft Visual Studio\Common\MSDev98\Bin;C:\Program Files (x86)\Microsoft Visual Studio\Common\Tools;C:\Program Files (x86)\Microsoft Visual Studio\VC98\bin;., java.vm.info=mixed mode, java.vendor=Oracle Corporation, java.vm.version=9.0.1+11, sun.io.unicode.encoding=UnicodeLittle, java.class.version=53.0}}, SystemEnvironmentPropertySource@1500151620 {name=&apos;systemEnvironment&apos;, properties={ACTEL_FOR_ALTIUM_OVERRIDE= , PATH=E:\OracleXE\OracleInstall\app\oracle\product\10.2.0\server\bin;C:\ProgramData\Oracle\Java\javapath;C:\Program Files (x86)\NVIDIA Corporation\PhysX\Common;C:\Program Files (x86)\Intel\iCLS Client\;C:\Program Files\Intel\iCLS Client\;C:\Windows\system32;C:\Windows;C:\Windows\System32\Wbem;C:\Windows\System32\WindowsPowerShell\v1.0\;C:\Program Files (x86)\Intel\OpenCL SDK\2.0\bin\x86;C:\Program Files (x86)\Intel\OpenCL SDK\2.0\bin\x64;C:\Program Files\Intel\Intel(R) Management Engine Components\DAL;C:\Program Files\Intel\Intel(R) Management Engine Components\IPT;E:\Java\jdk 9.01\bin;E:\Java\jdk 9.01\jre\bin;C:\Program Files (x86)\Intel\Intel(R) Management Engine Components\DAL;C:\Program Files (x86)\Intel\Intel(R) Management Engine Components\IPT;E:\eclipse-workspace\tomcat\bin;%CATLINA_HOME%\lib;F:\Git\cmd;E:\matlab\bin\win32;C:\Program Files (x86)\Microsoft Visual Studio\Common\Tools\WinNT;C:\Program Files (x86)\Microsoft Visual Studio\Common\MSDev98\Bin;C:\Program Files (x86)\Microsoft Visual Studio\Common\Tools;C:\Program Files (x86)\Microsoft Visual Studio\VC98\bin, LOCALAPPDATA=C:\Users\SunWay\AppData\Local, PROCESSOR_LEVEL=6, SYSTEMDRIVE=C:, COMMONPROGRAMFILES(X86)=C:\Program Files (x86)\Common Files, FP_NO_HOST_CHECK=NO, USERDOMAIN=SunWay-PC, LOGONSERVER=\\SUNWAY-PC, JAVA_HOME=E:\Java\jdk 9.01, PROMPT=$P$G, SESSIONNAME=Console, ALLUSERSPROFILE=C:\ProgramData, ALTERA_FOR_ALTIUM_OVERRIDE= , PROGRAMFILES(X86)=C:\Program Files (x86), PROCESSOR_ARCHITECTURE=AMD64, PROGRAMFILES=C:\Program Files, APPDATA=C:\Users\SunWay\AppData\Roaming, PSMODULEPATH=C:\Windows\system32\WindowsPowerShell\v1.0\Modules\, PROGRAMW6432=C:\Program Files, PROGRAMDATA=C:\ProgramData, SYSTEMROOT=C:\Windows, USERNAME=SunWay, TOMCAT_HOME=E:\eclipse-workspace\tomcat, INCLUDE=C:\Program Files (x86)\Microsoft Visual Studio\VC98\atl\include;C:\Program Files (x86)\Microsoft Visual Studio\VC98\mfc\include;C:\Program Files (x86)\Microsoft Visual Studio\VC98\include, PATHEXT=.COM;.EXE;.BAT;.CMD;.VBS;.VBE;.JS;.JSE;.WSF;.WSH;.MSC, LIB=C:\Program Files (x86)\Microsoft Visual Studio\VC98\mfc\lib;C:\Program Files (x86)\Microsoft Visual Studio\VC98\lib, OS=Windows_NT, COMMONPROGRAMW6432=C:\Program Files\Common Files, COMPUTERNAME=SUNWAY-PC, COMMONPROGRAMFILES=C:\Program Files\Common Files, COMSPEC=C:\Windows\system32\cmd.exe, CATALINA_HOME=E:\eclipse-workspace\tomcat, PROCESSOR_REVISION=3a09, WINDIR=C:\Windows, =F:=F:\Git\JAVAProject\HDU_Minitor, HOMEPATH=\Users\SunWay, TEMP=C:\Users\SunWay\AppData\Local\Temp, HOMEDRIVE=C:, PROCESSOR_IDENTIFIER=Intel64 Family 6 Model 58 Stepping 9, GenuineIntel, USERPROFILE=C:\Users\SunWay, TMP=C:\Users\SunWay\AppData\Local\Temp, PUBLIC=C:\Users\Public, NUMBER_OF_PROCESSORS=4}}]
14:07:09.459 [main] INFO  o.s.c.s.ClassPathXmlApplicationContext - Refreshing org.springframework.context.support.ClassPathXmlApplicationContext@4c447c09: startup date [Mon Jun 11 14:07:09 CST 2018]; root of context hierarchy
14:07:09.459 [main] DEBUG o.s.core.env.StandardEnvironment - Adding PropertySource &apos;systemProperties&apos; with lowest search precedence
14:07:09.459 [main] DEBUG o.s.core.env.StandardEnvironment - Adding PropertySource &apos;systemEnvironment&apos; with lowest search precedence
14:07:09.460 [main] DEBUG o.s.core.env.StandardEnvironment - Initialized StandardEnvironment with PropertySources [MapPropertySource@1839923673 {name=&apos;systemProperties&apos;, properties={sun.desktop=windows, awt.toolkit=sun.awt.windows.WToolkit, java.specification.version=9, file.encoding.pkg=sun.io, sun.cpu.isalist=amd64, sun.jnu.encoding=GBK, java.class.path=F:\Git\JAVAProject\HDU_Minitor\target\test-classes;F:\Git\JAVAProject\HDU_Minitor\target\classes;E:\eclipse-workspace\.m2\repository\org\springframework\spring-webmvc\4.3.11.RELEASE\spring-webmvc-4.3.11.RELEASE.jar;E:\eclipse-workspace\.m2\repository\org\springframework\spring-aop\4.3.11.RELEASE\spring-aop-4.3.11.RELEASE.jar;E:\eclipse-workspace\.m2\repository\org\springframework\spring-beans\4.3.11.RELEASE\spring-beans-4.3.11.RELEASE.jar;E:\eclipse-workspace\.m2\repository\org\springframework\spring-context\4.3.11.RELEASE\spring-context-4.3.11.RELEASE.jar;E:\eclipse-workspace\.m2\repository\org\springframework\spring-core\4.3.11.RELEASE\spring-core-4.3.11.RELEASE.jar;E:\eclipse-workspace\.m2\repository\commons-logging\commons-logging\1.2\commons-logging-1.2.jar;E:\eclipse-workspace\.m2\repository\org\springframework\spring-expression\4.3.11.RELEASE\spring-expression-4.3.11.RELEASE.jar;E:\eclipse-workspace\.m2\repository\org\springframework\spring-web\4.3.11.RELEASE\spring-web-4.3.11.RELEASE.jar;E:\eclipse-workspace\.m2\repository\org\springframework\spring-jdbc\4.3.11.RELEASE\spring-jdbc-4.3.11.RELEASE.jar;E:\eclipse-workspace\.m2\repository\org\springframework\spring-tx\4.3.11.RELEASE\spring-tx-4.3.11.RELEASE.jar;E:\eclipse-workspace\.m2\repository\commons-dbcp\commons-dbcp\1.4\commons-dbcp-1.4.jar;E:\eclipse-workspace\.m2\repository\commons-pool\commons-pool\1.5.4\commons-pool-1.5.4.jar;E:\eclipse-workspace\.m2\repository\mysql\mysql-connector-java\5.1.37\mysql-connector-java-5.1.37.jar;E:\eclipse-workspace\.m2\repository\org\mybatis\mybatis\3.4.6\mybatis-3.4.6.jar;E:\eclipse-workspace\.m2\repository\org\mybatis\mybatis-spring\1.3.1\mybatis-spring-1.3.1.jar;E:\eclipse-workspace\.m2\repository\jstl\jstl\1.2\jstl-1.2.jar;E:\eclipse-workspace\.m2\repository\com\mangofactory\swagger-springmvc\1.0.2\swagger-springmvc-1.0.2.jar;E:\eclipse-workspace\.m2\repository\org\slf4j\slf4j-api\1.7.7\slf4j-api-1.7.7.jar;E:\eclipse-workspace\.m2\repository\joda-time\joda-time\2.5\joda-time-2.5.jar;E:\eclipse-workspace\.m2\repository\com\mangofactory\swagger-models\1.0.2\swagger-models-1.0.2.jar;E:\eclipse-workspace\.m2\repository\com\wordnik\swagger-annotations\1.3.11\swagger-annotations-1.3.11.jar;E:\eclipse-workspace\.m2\repository\com\google\guava\guava\15.0\guava-15.0.jar;E:\eclipse-workspace\.m2\repository\com\fasterxml\jackson\core\jackson-annotations\2.6.1\jackson-annotations-2.6.1.jar;E:\eclipse-workspace\.m2\repository\com\fasterxml\jackson\core\jackson-databind\2.6.1\jackson-databind-2.6.1.jar;E:\eclipse-workspace\.m2\repository\com\fasterxml\jackson\core\jackson-core\2.6.1\jackson-core-2.6.1.jar;E:\eclipse-workspace\.m2\repository\com\fasterxml\classmate\1.1.0\classmate-1.1.0.jar;E:\eclipse-workspace\.m2\repository\org\springframework\data\spring-data-redis\1.8.7.RELEASE\spring-data-redis-1.8.7.RELEASE.jar;E:\eclipse-workspace\.m2\repository\org\springframework\data\spring-data-keyvalue\1.2.7.RELEASE\spring-data-keyvalue-1.2.7.RELEASE.jar;E:\eclipse-workspace\.m2\repository\org\springframework\data\spring-data-commons\1.13.7.RELEASE\spring-data-commons-1.13.7.RELEASE.jar;E:\eclipse-workspace\.m2\repository\org\springframework\spring-oxm\4.3.11.RELEASE\spring-oxm-4.3.11.RELEASE.jar;E:\eclipse-workspace\.m2\repository\org\springframework\spring-context-support\4.3.11.RELEASE\spring-context-support-4.3.11.RELEASE.jar;E:\eclipse-workspace\.m2\repository\org\slf4j\jcl-over-slf4j\1.7.25\jcl-over-slf4j-1.7.25.jar;E:\eclipse-workspace\.m2\repository\redis\clients\jedis\2.9.0\jedis-2.9.0.jar;E:\eclipse-workspace\.m2\repository\org\apache\commons\commons-pool2\2.4.2\commons-pool2-2.4.2.jar;E:\eclipse-workspace\.m2\repository\ch\qos\logback\logback-classic\0.9.24\logback-classic-0.9.24.jar;E:\eclipse-workspace\.m2\repository\ch\qos\logback\logback-core\0.9.24\logback-core-0.9.24.jar;E:\eclipse-workspace\.m2\repository\log4j\log4j\1.2.17\log4j-1.2.17.jar;E:\eclipse-workspace\.m2\repository\org\aspectj\aspectjrt\1.8.10\aspectjrt-1.8.10.jar;E:\eclipse-workspace\.m2\repository\org\aspectj\aspectjweaver\1.8.10\aspectjweaver-1.8.10.jar;E:\eclipse-workspace\.m2\repository\junit\junit\4.11\junit-4.11.jar;E:\eclipse-workspace\.m2\repository\org\hamcrest\hamcrest-core\1.3\hamcrest-core-1.3.jar;E:\eclipse-workspace\.m2\repository\javax\servlet\servlet-api\2.5\servlet-api-2.5.jar;E:\eclipse-workspace\.m2\repository\javax\servlet\jsp\jsp-api\2.1.3-b06\jsp-api-2.1.3-b06.jar;E:\eclipse-workspace\.m2\repository\org\glassfish\javax.servlet\3.0-b70\javax.servlet-3.0-b70.jar;E:\eclipse-workspace\.m2\repository\javax\el\el-api\2.1.2-b05\el-api-2.1.2-b05.jar;, java.vm.vendor=Oracle Corporation, sun.arch.data.model=64, user.variant=, java.vendor.url=http://java.oracle.com/, user.timezone=Asia/Shanghai, os.name=Windows 7, java.vm.specification.version=9, sun.java.launcher=SUN_STANDARD, user.country=CN, sun.boot.library.path=E:\Java\jdk 9.01\bin, sun.java.command=F:\Git\JAVAProject\HDU_Minitor\target\surefire\surefirebooter9040375031050353846.jar F:\Git\JAVAProject\HDU_Minitor\target\surefire\surefire6366189002758959061tmp F:\Git\JAVAProject\HDU_Minitor\target\surefire\surefire_013619108730529990772tmp, jdk.debug=release, surefire.test.class.path=F:\Git\JAVAProject\HDU_Minitor\target\test-classes;F:\Git\JAVAProject\HDU_Minitor\target\classes;E:\eclipse-workspace\.m2\repository\org\springframework\spring-webmvc\4.3.11.RELEASE\spring-webmvc-4.3.11.RELEASE.jar;E:\eclipse-workspace\.m2\repository\org\springframework\spring-aop\4.3.11.RELEASE\spring-aop-4.3.11.RELEASE.jar;E:\eclipse-workspace\.m2\repository\org\springframework\spring-beans\4.3.11.RELEASE\spring-beans-4.3.11.RELEASE.jar;E:\eclipse-workspace\.m2\repository\org\springframework\spring-context\4.3.11.RELEASE\spring-context-4.3.11.RELEASE.jar;E:\eclipse-workspace\.m2\repository\org\springframework\spring-core\4.3.11.RELEASE\spring-core-4.3.11.RELEASE.jar;E:\eclipse-workspace\.m2\repository\commons-logging\commons-logging\1.2\commons-logging-1.2.jar;E:\eclipse-workspace\.m2\repository\org\springframework\spring-expression\4.3.11.RELEASE\spring-expression-4.3.11.RELEASE.jar;E:\eclipse-workspace\.m2\repository\org\springframework\spring-web\4.3.11.RELEASE\spring-web-4.3.11.RELEASE.jar;E:\eclipse-workspace\.m2\repository\org\springframework\spring-jdbc\4.3.11.RELEASE\spring-jdbc-4.3.11.RELEASE.jar;E:\eclipse-workspace\.m2\repository\org\springframework\spring-tx\4.3.11.RELEASE\spring-tx-4.3.11.RELEASE.jar;E:\eclipse-workspace\.m2\repository\commons-dbcp\commons-dbcp\1.4\commons-dbcp-1.4.jar;E:\eclipse-workspace\.m2\repository\commons-pool\commons-pool\1.5.4\commons-pool-1.5.4.jar;E:\eclipse-workspace\.m2\repository\mysql\mysql-connector-java\5.1.37\mysql-connector-java-5.1.37.jar;E:\eclipse-workspace\.m2\repository\org\mybatis\mybatis\3.4.6\mybatis-3.4.6.jar;E:\eclipse-workspace\.m2\repository\org\mybatis\mybatis-spring\1.3.1\mybatis-spring-1.3.1.jar;E:\eclipse-workspace\.m2\repository\jstl\jstl\1.2\jstl-1.2.jar;E:\eclipse-workspace\.m2\repository\com\mangofactory\swagger-springmvc\1.0.2\swagger-springmvc-1.0.2.jar;E:\eclipse-workspace\.m2\repository\org\slf4j\slf4j-api\1.7.7\slf4j-api-1.7.7.jar;E:\eclipse-workspace\.m2\repository\joda-time\joda-time\2.5\joda-time-2.5.jar;E:\eclipse-workspace\.m2\repository\com\mangofactory\swagger-models\1.0.2\swagger-models-1.0.2.jar;E:\eclipse-workspace\.m2\repository\com\wordnik\swagger-annotations\1.3.11\swagger-annotations-1.3.11.jar;E:\eclipse-workspace\.m2\repository\com\google\guava\guava\15.0\guava-15.0.jar;E:\eclipse-workspace\.m2\repository\com\fasterxml\jackson\core\jackson-annotations\2.6.1\jackson-annotations-2.6.1.jar;E:\eclipse-workspace\.m2\repository\com\fasterxml\jackson\core\jackson-databind\2.6.1\jackson-databind-2.6.1.jar;E:\eclipse-workspace\.m2\repository\com\fasterxml\jackson\core\jackson-core\2.6.1\jackson-core-2.6.1.jar;E:\eclipse-workspace\.m2\repository\com\fasterxml\classmate\1.1.0\classmate-1.1.0.jar;E:\eclipse-workspace\.m2\repository\org\springframework\data\spring-data-redis\1.8.7.RELEASE\spring-data-redis-1.8.7.RELEASE.jar;E:\eclipse-workspace\.m2\repository\org\springframework\data\spring-data-keyvalue\1.2.7.RELEASE\spring-data-keyvalue-1.2.7.RELEASE.jar;E:\eclipse-workspace\.m2\repository\org\springframework\data\spring-data-commons\1.13.7.RELEASE\spring-data-commons-1.13.7.RELEASE.jar;E:\eclipse-workspace\.m2\repository\org\springframework\spring-oxm\4.3.11.RELEASE\spring-oxm-4.3.11.RELEASE.jar;E:\eclipse-workspace\.m2\repository\org\springframework\spring-context-support\4.3.11.RELEASE\spring-context-support-4.3.11.RELEASE.jar;E:\eclipse-workspace\.m2\repository\org\slf4j\jcl-over-slf4j\1.7.25\jcl-over-slf4j-1.7.25.jar;E:\eclipse-workspace\.m2\repository\redis\clients\jedis\2.9.0\jedis-2.9.0.jar;E:\eclipse-workspace\.m2\repository\org\apache\commons\commons-pool2\2.4.2\commons-pool2-2.4.2.jar;E:\eclipse-workspace\.m2\repository\ch\qos\logback\logback-classic\0.9.24\logback-classic-0.9.24.jar;E:\eclipse-workspace\.m2\repository\ch\qos\logback\logback-core\0.9.24\logback-core-0.9.24.jar;E:\eclipse-workspace\.m2\repository\log4j\log4j\1.2.17\log4j-1.2.17.jar;E:\eclipse-workspace\.m2\repository\org\aspectj\aspectjrt\1.8.10\aspectjrt-1.8.10.jar;E:\eclipse-workspace\.m2\repository\org\aspectj\aspectjweaver\1.8.10\aspectjweaver-1.8.10.jar;E:\eclipse-workspace\.m2\repository\junit\junit\4.11\junit-4.11.jar;E:\eclipse-workspace\.m2\repository\org\hamcrest\hamcrest-core\1.3\hamcrest-core-1.3.jar;E:\eclipse-workspace\.m2\repository\javax\servlet\servlet-api\2.5\servlet-api-2.5.jar;E:\eclipse-workspace\.m2\repository\javax\servlet\jsp\jsp-api\2.1.3-b06\jsp-api-2.1.3-b06.jar;E:\eclipse-workspace\.m2\repository\org\glassfish\javax.servlet\3.0-b70\javax.servlet-3.0-b70.jar;E:\eclipse-workspace\.m2\repository\javax\el\el-api\2.1.2-b05\el-api-2.1.2-b05.jar;, sun.cpu.endian=little, user.home=C:\Users\SunWay, user.language=zh, java.specification.vendor=Oracle Corporation, java.home=E:\Java\jdk 9.01, file.separator=\, basedir=F:\Git\JAVAProject\HDU_Minitor, java.vm.compressedOopsMode=32-bit, line.separator=
, java.vm.specification.vendor=Oracle Corporation, java.specification.name=Java Platform API Specification, java.awt.graphicsenv=sun.awt.Win32GraphicsEnvironment, surefire.real.class.path=F:\Git\JAVAProject\HDU_Minitor\target\surefire\surefirebooter9040375031050353846.jar, user.script=, sun.management.compiler=HotSpot 64-Bit Tiered Compilers, java.runtime.version=9.0.1+11, user.name=SunWay, path.separator=;, os.version=6.1, java.runtime.name=Java(TM) SE Runtime Environment, file.encoding=GBK, java.vm.name=Java HotSpot(TM) 64-Bit Server VM, localRepository=E:\eclipse-workspace\.m2\repository, java.vendor.url.bug=http://bugreport.java.com/bugreport/, java.io.tmpdir=C:\Users\SunWay\AppData\Local\Temp\, java.version=9.0.1, user.dir=F:\Git\JAVAProject\HDU_Minitor, os.arch=amd64, java.vm.specification.name=Java Virtual Machine Specification, java.awt.printerjob=sun.awt.windows.WPrinterJob, sun.os.patch.level=Service Pack 1, java.library.path=E:\Java\jdk 9.01\bin;C:\Windows\Sun\Java\bin;C:\Windows\system32;C:\Windows;E:\OracleXE\OracleInstall\app\oracle\product\10.2.0\server\bin;C:\ProgramData\Oracle\Java\javapath;C:\Program Files (x86)\NVIDIA Corporation\PhysX\Common;C:\Program Files (x86)\Intel\iCLS Client\;C:\Program Files\Intel\iCLS Client\;C:\Windows\system32;C:\Windows;C:\Windows\System32\Wbem;C:\Windows\System32\WindowsPowerShell\v1.0\;C:\Program Files (x86)\Intel\OpenCL SDK\2.0\bin\x86;C:\Program Files (x86)\Intel\OpenCL SDK\2.0\bin\x64;C:\Program Files\Intel\Intel(R) Management Engine Components\DAL;C:\Program Files\Intel\Intel(R) Management Engine Components\IPT;E:\Java\jdk 9.01\bin;E:\Java\jdk 9.01\jre\bin;C:\Program Files (x86)\Intel\Intel(R) Management Engine Components\DAL;C:\Program Files (x86)\Intel\Intel(R) Management Engine Components\IPT;E:\eclipse-workspace\tomcat\bin;%CATLINA_HOME%\lib;F:\Git\cmd;E:\matlab\bin\win32;C:\Program Files (x86)\Microsoft Visual Studio\Common\Tools\WinNT;C:\Program Files (x86)\Microsoft Visual Studio\Common\MSDev98\Bin;C:\Program Files (x86)\Microsoft Visual Studio\Common\Tools;C:\Program Files (x86)\Microsoft Visual Studio\VC98\bin;., java.vm.info=mixed mode, java.vendor=Oracle Corporation, java.vm.version=9.0.1+11, sun.io.unicode.encoding=UnicodeLittle, java.class.version=53.0}}, SystemEnvironmentPropertySource@48274513 {name=&apos;systemEnvironment&apos;, properties={ACTEL_FOR_ALTIUM_OVERRIDE= , PATH=E:\OracleXE\OracleInstall\app\oracle\product\10.2.0\server\bin;C:\ProgramData\Oracle\Java\javapath;C:\Program Files (x86)\NVIDIA Corporation\PhysX\Common;C:\Program Files (x86)\Intel\iCLS Client\;C:\Program Files\Intel\iCLS Client\;C:\Windows\system32;C:\Windows;C:\Windows\System32\Wbem;C:\Windows\System32\WindowsPowerShell\v1.0\;C:\Program Files (x86)\Intel\OpenCL SDK\2.0\bin\x86;C:\Program Files (x86)\Intel\OpenCL SDK\2.0\bin\x64;C:\Program Files\Intel\Intel(R) Management Engine Components\DAL;C:\Program Files\Intel\Intel(R) Management Engine Components\IPT;E:\Java\jdk 9.01\bin;E:\Java\jdk 9.01\jre\bin;C:\Program Files (x86)\Intel\Intel(R) Management Engine Components\DAL;C:\Program Files (x86)\Intel\Intel(R) Management Engine Components\IPT;E:\eclipse-workspace\tomcat\bin;%CATLINA_HOME%\lib;F:\Git\cmd;E:\matlab\bin\win32;C:\Program Files (x86)\Microsoft Visual Studio\Common\Tools\WinNT;C:\Program Files (x86)\Microsoft Visual Studio\Common\MSDev98\Bin;C:\Program Files (x86)\Microsoft Visual Studio\Common\Tools;C:\Program Files (x86)\Microsoft Visual Studio\VC98\bin, LOCALAPPDATA=C:\Users\SunWay\AppData\Local, PROCESSOR_LEVEL=6, SYSTEMDRIVE=C:, COMMONPROGRAMFILES(X86)=C:\Program Files (x86)\Common Files, FP_NO_HOST_CHECK=NO, USERDOMAIN=SunWay-PC, LOGONSERVER=\\SUNWAY-PC, JAVA_HOME=E:\Java\jdk 9.01, PROMPT=$P$G, SESSIONNAME=Console, ALLUSERSPROFILE=C:\ProgramData, ALTERA_FOR_ALTIUM_OVERRIDE= , PROGRAMFILES(X86)=C:\Program Files (x86), PROCESSOR_ARCHITECTURE=AMD64, PROGRAMFILES=C:\Program Files, APPDATA=C:\Users\SunWay\AppData\Roaming, PSMODULEPATH=C:\Windows\system32\WindowsPowerShell\v1.0\Modules\, PROGRAMW6432=C:\Program Files, PROGRAMDATA=C:\ProgramData, SYSTEMROOT=C:\Windows, USERNAME=SunWay, TOMCAT_HOME=E:\eclipse-workspace\tomcat, INCLUDE=C:\Program Files (x86)\Microsoft Visual Studio\VC98\atl\include;C:\Program Files (x86)\Microsoft Visual Studio\VC98\mfc\include;C:\Program Files (x86)\Microsoft Visual Studio\VC98\include, PATHEXT=.COM;.EXE;.BAT;.CMD;.VBS;.VBE;.JS;.JSE;.WSF;.WSH;.MSC, LIB=C:\Program Files (x86)\Microsoft Visual Studio\VC98\mfc\lib;C:\Program Files (x86)\Microsoft Visual Studio\VC98\lib, OS=Windows_NT, COMMONPROGRAMW6432=C:\Program Files\Common Files, COMPUTERNAME=SUNWAY-PC, COMMONPROGRAMFILES=C:\Program Files\Common Files, COMSPEC=C:\Windows\system32\cmd.exe, CATALINA_HOME=E:\eclipse-workspace\tomcat, PROCESSOR_REVISION=3a09, WINDIR=C:\Windows, =F:=F:\Git\JAVAProject\HDU_Minitor, HOMEPATH=\Users\SunWay, TEMP=C:\Users\SunWay\AppData\Local\Temp, HOMEDRIVE=C:, PROCESSOR_IDENTIFIER=Intel64 Family 6 Model 58 Stepping 9, GenuineIntel, USERPROFILE=C:\Users\SunWay, TMP=C:\Users\SunWay\AppData\Local\Temp, PUBLIC=C:\Users\Public, NUMBER_OF_PROCESSORS=4}}]
14:07:09.461 [main] INFO  o.s.b.f.xml.XmlBeanDefinitionReader - Loading XML bean definitions from class path resource [conf/spring-mvc.xml]
14:07:09.463 [main] DEBUG o.s.b.f.xml.DefaultDocumentLoader - Using JAXP provider [com.sun.org.apache.xerces.internal.jaxp.DocumentBuilderFactoryImpl]
14:07:09.464 [main] DEBUG o.s.b.f.xml.PluggableSchemaResolver - Loading schema mappings from [META-INF/spring.schemas]
14:07:09.471 [main] DEBUG o.s.b.f.xml.PluggableSchemaResolver - Loaded schema mappings: {http://www.springframework.org/schema/context/spring-context-3.2.xsd=org/springframework/context/config/spring-context-3.2.xsd, http://www.springframework.org/schema/cache/spring-cache-4.3.xsd=org/springframework/cache/config/spring-cache-4.3.xsd, http://www.springframework.org/schema/beans/spring-beans-4.0.xsd=org/springframework/beans/factory/xml/spring-beans-4.0.xsd, http://www.springframework.org/schema/context/spring-context-2.5.xsd=org/springframework/context/config/spring-context-2.5.xsd, http://www.springframework.org/schema/tx/spring-tx-2.5.xsd=org/springframework/transaction/config/spring-tx-2.5.xsd, http://www.springframework.org/schema/tx/spring-tx-3.2.xsd=org/springframework/transaction/config/spring-tx-3.2.xsd, http://www.springframework.org/schema/tool/spring-tool-4.3.xsd=org/springframework/beans/factory/xml/spring-tool-4.3.xsd, http://www.springframework.org/schema/data/repository/spring-repository-1.11.xsd=org/springframework/data/repository/config/spring-repository-1.11.xsd, http://www.springframework.org/schema/tool/spring-tool-2.0.xsd=org/springframework/beans/factory/xml/spring-tool-2.0.xsd, http://www.springframework.org/schema/util/spring-util-4.2.xsd=org/springframework/beans/factory/xml/spring-util-4.2.xsd, http://www.springframework.org/schema/oxm/spring-oxm-3.1.xsd=org/springframework/oxm/config/spring-oxm-3.1.xsd, http://www.springframework.org/schema/tx/spring-tx-3.0.xsd=org/springframework/transaction/config/spring-tx-3.0.xsd, http://www.springframework.org/schema/beans/spring-beans-4.2.xsd=org/springframework/beans/factory/xml/spring-beans-4.2.xsd, http://www.springframework.org/schema/cache/spring-cache-4.1.xsd=org/springframework/cache/config/spring-cache-4.1.xsd, http://www.springframework.org/schema/mvc/spring-mvc-4.3.xsd=org/springframework/web/servlet/config/spring-mvc-4.3.xsd, http://www.springframework.org/schema/lang/spring-lang-3.0.xsd=org/springframework/scripting/config/spring-lang-3.0.xsd, http://www.springframework.org/schema/tool/spring-tool-4.1.xsd=org/springframework/beans/factory/xml/spring-tool-4.1.xsd, http://www.springframework.org/schema/task/spring-task-4.3.xsd=org/springframework/scheduling/config/spring-task-4.3.xsd, http://www.springframework.org/schema/data/repository/spring-repository-1.8.xsd=org/springframework/data/repository/config/spring-repository-1.8.xsd, http://www.springframework.org/schema/util/spring-util-4.0.xsd=org/springframework/beans/factory/xml/spring-util-4.0.xsd, http://www.springframework.org/schema/data/repository/spring-repository.xsd=org/springframework/data/repository/config/spring-repository-1.11.xsd, http://www.springframework.org/schema/jdbc/spring-jdbc-4.2.xsd=org/springframework/jdbc/config/spring-jdbc-4.2.xsd, http://www.springframework.org/schema/jdbc/spring-jdbc.xsd=org/springframework/jdbc/config/spring-jdbc-4.3.xsd, http://www.springframework.org/schema/lang/spring-lang.xsd=org/springframework/scripting/config/spring-lang-4.3.xsd, http://www.springframework.org/schema/aop/spring-aop-4.2.xsd=org/springframework/aop/config/spring-aop-4.2.xsd, http://www.springframework.org/schema/context/spring-context-4.1.xsd=org/springframework/context/config/spring-context-4.1.xsd, http://www.springframework.org/schema/jee/spring-jee-4.2.xsd=org/springframework/ejb/config/spring-jee-4.2.xsd, http://www.springframework.org/schema/redis/spring-redis-1.0.xsd=org/springframework/data/redis/config/spring-redis-1.0.xsd, http://www.springframework.org/schema/redis/spring-redis.xsd=org/springframework/data/redis/config/spring-redis-1.0.xsd, http://www.springframework.org/schema/tool/spring-tool-3.1.xsd=org/springframework/beans/factory/xml/spring-tool-3.1.xsd, http://www.springframework.org/schema/jee/spring-jee-4.1.xsd=org/springframework/ejb/config/spring-jee-4.1.xsd, http://www.springframework.org/schema/jdbc/spring-jdbc-3.1.xsd=org/springframework/jdbc/config/spring-jdbc-3.1.xsd, http://www.springframework.org/schema/aop/spring-aop-4.1.xsd=org/springframework/aop/config/spring-aop-4.1.xsd, http://www.springframework.org/schema/util/spring-util.xsd=org/springframework/beans/factory/xml/spring-util-4.3.xsd, http://www.springframework.org/schema/mvc/spring-mvc-3.2.xsd=org/springframework/web/servlet/config/spring-mvc-3.2.xsd, http://www.springframework.org/schema/lang/spring-lang-4.1.xsd=org/springframework/scripting/config/spring-lang-4.1.xsd, http://www.springframework.org/schema/context/spring-context-4.3.xsd=org/springframework/context/config/spring-context-4.3.xsd, http://www.springframework.org/schema/lang/spring-lang-2.5.xsd=org/springframework/scripting/config/spring-lang-2.5.xsd, http://www.springframework.org/schema/jee/spring-jee.xsd=org/springframework/ejb/config/spring-jee-4.3.xsd, http://www.springframework.org/schema/util/spring-util-3.1.xsd=org/springframework/beans/factory/xml/spring-util-3.1.xsd, http://www.springframework.org/schema/jee/spring-jee-2.5.xsd=org/springframework/ejb/config/spring-jee-2.5.xsd, http://www.springframework.org/schema/mvc/spring-mvc-4.0.xsd=org/springframework/web/servlet/config/spring-mvc-4.0.xsd, http://www.springframework.org/schema/aop/spring-aop-2.5.xsd=org/springframework/aop/config/spring-aop-2.5.xsd, http://www.springframework.org/schema/task/spring-task-4.0.xsd=org/springframework/scheduling/config/spring-task-4.0.xsd, http://www.springframework.org/schema/data/repository/spring-repository-1.5.xsd=org/springframework/data/repository/config/spring-repository-1.5.xsd, http://www.springframework.org/schema/cache/spring-cache-3.1.xsd=org/springframework/cache/config/spring-cache-3.1.xsd, http://www.springframework.org/schema/oxm/spring-oxm-4.3.xsd=org/springframework/oxm/config/spring-oxm-4.3.xsd, http://www.springframework.org/schema/tool/spring-tool-2.5.xsd=org/springframework/beans/factory/xml/spring-tool-2.5.xsd, http://www.springframework.org/schema/task/spring-task-3.2.xsd=org/springframework/scheduling/config/spring-task-3.2.xsd, http://www.springframework.org/schema/oxm/spring-oxm-4.1.xsd=org/springframework/oxm/config/spring-oxm-4.1.xsd, http://www.springframework.org/schema/tx/spring-tx-4.2.xsd=org/springframework/transaction/config/spring-tx-4.2.xsd, http://www.springframework.org/schema/aop/spring-aop-3.1.xsd=org/springframework/aop/config/spring-aop-3.1.xsd, http://www.springframework.org/schema/jee/spring-jee-3.1.xsd=org/springframework/ejb/config/spring-jee-3.1.xsd, http://www.springframework.org/schema/lang/spring-lang-4.3.xsd=org/springframework/scripting/config/spring-lang-4.3.xsd, http://www.springframework.org/schema/mvc/spring-mvc-3.0.xsd=org/springframework/web/servlet/config/spring-mvc-3.0.xsd, http://www.springframework.org/schema/beans/spring-beans-3.1.xsd=org/springframework/beans/factory/xml/spring-beans-3.1.xsd, http://www.springframework.org/schema/tx/spring-tx.xsd=org/springframework/transaction/config/spring-tx-4.3.xsd, http://www.springframework.org/schema/lang/spring-lang-2.0.xsd=org/springframework/scripting/config/spring-lang-2.0.xsd, http://www.springframework.org/schema/oxm/spring-oxm.xsd=org/springframework/oxm/config/spring-oxm-4.3.xsd, http://www.springframework.org/schema/task/spring-task-3.0.xsd=org/springframework/scheduling/config/spring-task-3.0.xsd, http://www.springframework.org/schema/context/spring-context-3.0.xsd=org/springframework/context/config/spring-context-3.0.xsd, http://www.springframework.org/schema/cache/spring-cache.xsd=org/springframework/cache/config/spring-cache-4.3.xsd, http://www.springframework.org/schema/tx/spring-tx-4.0.xsd=org/springframework/transaction/config/spring-tx-4.0.xsd, http://www.springframework.org/schema/data/repository/spring-repository-1.0.xsd=org/springframework/data/repository/config/spring-repository-1.0.xsd, http://www.springframework.org/schema/oxm/spring-oxm-3.2.xsd=org/springframework/oxm/config/spring-oxm-3.2.xsd, http://www.springframework.org/schema/util/spring-util-4.3.xsd=org/springframework/beans/factory/xml/spring-util-4.3.xsd, http://www.springframework.org/schema/context/spring-context-4.0.xsd=org/springframework/context/config/spring-context-4.0.xsd, http://www.springframework.org/schema/aop/spring-aop-2.0.xsd=org/springframework/aop/config/spring-aop-2.0.xsd, http://www.springframework.org/schema/jee/spring-jee-2.0.xsd=org/springframework/ejb/config/spring-jee-2.0.xsd, http://www.springframework.org/schema/jdbc/spring-jdbc-4.3.xsd=org/springframework/jdbc/config/spring-jdbc-4.3.xsd, http://www.springframework.org/schema/util/spring-util-2.0.xsd=org/springframework/beans/factory/xml/spring-util-2.0.xsd, http://www.springframework.org/schema/cache/spring-cache-4.2.xsd=org/springframework/cache/config/spring-cache-4.2.xsd, http://www.springframework.org/schema/context/spring-context-3.1.xsd=org/springframework/context/config/spring-context-3.1.xsd, http://www.springframework.org/schema/tx/spring-tx-3.1.xsd=org/springframework/transaction/config/spring-tx-3.1.xsd, http://www.springframework.org/schema/tool/spring-tool.xsd=org/springframework/beans/factory/xml/spring-tool-4.3.xsd, http://www.springframework.org/schema/beans/spring-beans-3.2.xsd=org/springframework/beans/factory/xml/spring-beans-3.2.xsd, http://www.springframework.org/schema/beans/spring-beans-2.5.xsd=org/springframework/beans/factory/xml/spring-beans-2.5.xsd, http://mybatis.org/schema/mybatis-spring.xsd=org/mybatis/spring/config/mybatis-spring-1.2.xsd, http://www.springframework.org/schema/beans/spring-beans.xsd=org/springframework/beans/factory/xml/spring-beans-4.3.xsd, http://www.springframework.org/schema/tool/spring-tool-4.0.xsd=org/springframework/beans/factory/xml/spring-tool-4.0.xsd, http://www.springframework.org/schema/util/spring-util-4.1.xsd=org/springframework/beans/factory/xml/spring-util-4.1.xsd, http://www.springframework.org/schema/jdbc/spring-jdbc-4.1.xsd=org/springframework/jdbc/config/spring-jdbc-4.1.xsd, http://mybatis.org/schema/mybatis-spring-1.2.xsd=org/mybatis/spring/config/mybatis-spring-1.2.xsd, http://www.springframework.org/schema/context/spring-context-4.2.xsd=org/springframework/context/config/spring-context-4.2.xsd, http://www.springframework.org/schema/jee/spring-jee-4.3.xsd=org/springframework/ejb/config/spring-jee-4.3.xsd, http://www.springframework.org/schema/aop/spring-aop-4.3.xsd=org/springframework/aop/config/spring-aop-4.3.xsd, http://www.springframework.org/schema/beans/spring-beans-4.3.xsd=org/springframework/beans/factory/xml/spring-beans-4.3.xsd, http://www.springframework.org/schema/beans/spring-beans-4.1.xsd=org/springframework/beans/factory/xml/spring-beans-4.1.xsd, http://www.springframework.org/schema/oxm/spring-oxm-3.0.xsd=org/springframework/oxm/config/spring-oxm-3.0.xsd, http://www.springframework.org/schema/mvc/spring-mvc-4.2.xsd=org/springframework/web/servlet/config/spring-mvc-4.2.xsd, http://www.springframework.org/schema/cache/spring-cache-4.0.xsd=org/springframework/cache/config/spring-cache-4.0.xsd, http://www.springframework.org/schema/util/spring-util-2.5.xsd=org/springframework/beans/factory/xml/spring-util-2.5.xsd, http://www.springframework.org/schema/tool/spring-tool-4.2.xsd=org/springframework/beans/factory/xml/spring-tool-4.2.xsd, http://www.springframework.org/schema/lang/spring-lang-3.1.xsd=org/springframework/scripting/config/spring-lang-3.1.xsd, http://www.springframework.org/schema/task/spring-task.xsd=org/springframework/scheduling/config/spring-task-4.3.xsd, http://www.springframework.org/schema/task/spring-task-4.2.xsd=org/springframework/scheduling/config/spring-task-4.2.xsd, http://www.springframework.org/schema/aop/spring-aop.xsd=org/springframework/aop/config/spring-aop-4.3.xsd, http://www.springframework.org/schema/data/repository/spring-repository-1.7.xsd=org/springframework/data/repository/config/spring-repository-1.7.xsd, http://www.springframework.org/schema/lang/spring-lang-4.0.xsd=org/springframework/scripting/config/spring-lang-4.0.xsd, http://www.springframework.org/schema/beans/spring-beans-2.0.xsd=org/springframework/beans/factory/xml/spring-beans-2.0.xsd, http://www.springframework.org/schema/mvc/spring-mvc-4.1.xsd=org/springframework/web/servlet/config/spring-mvc-4.1.xsd, http://www.springframework.org/schema/task/spring-task-4.1.xsd=org/springframework/scheduling/config/spring-task-4.1.xsd, http://www.springframework.org/schema/data/repository/spring-repository-1.6.xsd=org/springframework/data/repository/config/spring-repository-1.6.xsd, http://www.springframework.org/schema/util/spring-util-3.2.xsd=org/springframework/beans/factory/xml/spring-util-3.2.xsd, http://www.springframework.org/schema/lang/spring-lang-3.2.xsd=org/springframework/scripting/config/spring-lang-3.2.xsd, http://www.springframework.org/schema/cache/spring-cache-3.2.xsd=org/springframework/cache/config/spring-cache-3.2.xsd, http://www.springframework.org/schema/tx/spring-tx-2.0.xsd=org/springframework/transaction/config/spring-tx-2.0.xsd, http://www.springframework.org/schema/tx/spring-tx-4.3.xsd=org/springframework/transaction/config/spring-tx-4.3.xsd, http://www.springframework.org/schema/data/repository/spring-repository-1.4.xsd=org/springframework/data/repository/config/spring-repository-1.4.xsd, http://www.springframework.org/schema/util/spring-util-3.0.xsd=org/springframework/beans/factory/xml/spring-util-3.0.xsd, http://www.springframework.org/schema/jee/spring-jee-3.2.xsd=org/springframework/ejb/config/spring-jee-3.2.xsd, http://www.springframework.org/schema/tool/spring-tool-3.2.xsd=org/springframework/beans/factory/xml/spring-tool-3.2.xsd, http://www.springframework.org/schema/aop/spring-aop-3.2.xsd=org/springframework/aop/config/spring-aop-3.2.xsd, http://www.springframework.org/schema/mvc/spring-mvc.xsd=org/springframework/web/servlet/config/spring-mvc-4.3.xsd, http://www.springframework.org/schema/jdbc/spring-jdbc-4.0.xsd=org/springframework/jdbc/config/spring-jdbc-4.0.xsd, http://www.springframework.org/schema/jdbc/spring-jdbc-3.2.xsd=org/springframework/jdbc/config/spring-jdbc-3.2.xsd, http://www.springframework.org/schema/context/spring-context.xsd=org/springframework/context/config/spring-context-4.3.xsd, http://www.springframework.org/schema/aop/spring-aop-4.0.xsd=org/springframework/aop/config/spring-aop-4.0.xsd, http://www.springframework.org/schema/jee/spring-jee-4.0.xsd=org/springframework/ejb/config/spring-jee-4.0.xsd, http://www.springframework.org/schema/beans/spring-beans-3.0.xsd=org/springframework/beans/factory/xml/spring-beans-3.0.xsd, http://www.springframework.org/schema/mvc/spring-mvc-3.1.xsd=org/springframework/web/servlet/config/spring-mvc-3.1.xsd, http://www.springframework.org/schema/jee/spring-jee-3.0.xsd=org/springframework/ejb/config/spring-jee-3.0.xsd, http://www.springframework.org/schema/aop/spring-aop-3.0.xsd=org/springframework/aop/config/spring-aop-3.0.xsd, http://www.springframework.org/schema/oxm/spring-oxm-4.2.xsd=org/springframework/oxm/config/spring-oxm-4.2.xsd, http://www.springframework.org/schema/jdbc/spring-jdbc-3.0.xsd=org/springframework/jdbc/config/spring-jdbc-3.0.xsd, http://www.springframework.org/schema/task/spring-task-3.1.xsd=org/springframework/scheduling/config/spring-task-3.1.xsd, http://www.springframework.org/schema/oxm/spring-oxm-4.0.xsd=org/springframework/oxm/config/spring-oxm-4.0.xsd, http://www.springframework.org/schema/tx/spring-tx-4.1.xsd=org/springframework/transaction/config/spring-tx-4.1.xsd, http://www.springframework.org/schema/tool/spring-tool-3.0.xsd=org/springframework/beans/factory/xml/spring-tool-3.0.xsd, http://www.springframework.org/schema/lang/spring-lang-4.2.xsd=org/springframework/scripting/config/spring-lang-4.2.xsd}
14:07:09.473 [main] DEBUG o.s.b.f.xml.PluggableSchemaResolver - Found XML schema [http://www.springframework.org/schema/beans/spring-beans-3.2.xsd] in classpath: org/springframework/beans/factory/xml/spring-beans-3.2.xsd
14:07:09.481 [main] DEBUG o.s.b.f.xml.PluggableSchemaResolver - Found XML schema [http://www.springframework.org/schema/context/spring-context-3.2.xsd] in classpath: org/springframework/context/config/spring-context-3.2.xsd
14:07:09.486 [main] DEBUG o.s.b.f.xml.PluggableSchemaResolver - Found XML schema [http://www.springframework.org/schema/tool/spring-tool-3.2.xsd] in classpath: org/springframework/beans/factory/xml/spring-tool-3.2.xsd
14:07:09.489 [main] DEBUG o.s.b.f.xml.PluggableSchemaResolver - Found XML schema [http://www.springframework.org/schema/mvc/spring-mvc-3.2.xsd] in classpath: org/springframework/web/servlet/config/spring-mvc-3.2.xsd
14:07:09.495 [main] DEBUG o.s.b.f.x.DefaultBeanDefinitionDocumentReader - Loading bean definitions
14:07:09.499 [main] DEBUG o.s.b.f.x.DefaultNamespaceHandlerResolver - Loaded NamespaceHandler mappings: {http://www.springframework.org/schema/aop=org.springframework.aop.config.AopNamespaceHandler, http://www.springframework.org/schema/oxm=org.springframework.oxm.config.OxmNamespaceHandler, http://www.springframework.org/schema/task=org.springframework.scheduling.config.TaskNamespaceHandler, http://mybatis.org/schema/mybatis-spring=org.mybatis.spring.config.NamespaceHandler, http://www.springframework.org/schema/lang=org.springframework.scripting.config.LangNamespaceHandler, http://www.springframework.org/schema/c=org.springframework.beans.factory.xml.SimpleConstructorNamespaceHandler, http://www.springframework.org/schema/jee=org.springframework.ejb.config.JeeNamespaceHandler, http://www.springframework.org/schema/data/repository=org.springframework.data.repository.config.RepositoryNameSpaceHandler, http://www.springframework.org/schema/cache=org.springframework.cache.config.CacheNamespaceHandler, http://www.springframework.org/schema/redis=org.springframework.data.redis.config.RedisNamespaceHandler, http://www.springframework.org/schema/jdbc=org.springframework.jdbc.config.JdbcNamespaceHandler, http://www.springframework.org/schema/p=org.springframework.beans.factory.xml.SimplePropertyNamespaceHandler, http://www.springframework.org/schema/util=org.springframework.beans.factory.xml.UtilNamespaceHandler, http://www.springframework.org/schema/tx=org.springframework.transaction.config.TxNamespaceHandler, http://www.springframework.org/schema/context=org.springframework.context.config.ContextNamespaceHandler, http://www.springframework.org/schema/data/keyvalue=org.springframework.data.keyvalue.repository.config.KeyValueRepositoryNameSpaceHandler, http://www.springframework.org/schema/mvc=org.springframework.web.servlet.config.MvcNamespaceHandler}
14:07:09.501 [main] DEBUG o.s.c.i.s.PathMatchingResourcePatternResolver - Resolved classpath location [cn/hdu/HDU_Minitor/] to resources [URL [file:/F:/Git/JAVAProject/HDU_Minitor/target/classes/cn/hdu/HDU_Minitor/]]
14:07:09.502 [main] DEBUG o.s.c.i.s.PathMatchingResourcePatternResolver - Looking for matching resources in directory tree [F:\Git\JAVAProject\HDU_Minitor\target\classes\cn\hdu\HDU_Minitor]
14:07:09.502 [main] DEBUG o.s.c.i.s.PathMatchingResourcePatternResolver - Searching directory [F:\Git\JAVAProject\HDU_Minitor\target\classes\cn\hdu\HDU_Minitor] for files matching pattern [F:/Git/JAVAProject/HDU_Minitor/target/classes/cn/hdu/HDU_Minitor/**/*.class]
14:07:09.502 [main] DEBUG o.s.c.i.s.PathMatchingResourcePatternResolver - Searching directory [F:\Git\JAVAProject\HDU_Minitor\target\classes\cn\hdu\HDU_Minitor\controller] for files matching pattern [F:/Git/JAVAProject/HDU_Minitor/target/classes/cn/hdu/HDU_Minitor/**/*.class]
14:07:09.506 [main] DEBUG o.s.c.i.s.PathMatchingResourcePatternResolver - Searching directory [F:\Git\JAVAProject\HDU_Minitor\target\classes\cn\hdu\HDU_Minitor\controller\device] for files matching pattern [F:/Git/JAVAProject/HDU_Minitor/target/classes/cn/hdu/HDU_Minitor/**/*.class]
14:07:09.507 [main] DEBUG o.s.c.i.s.PathMatchingResourcePatternResolver - Searching directory [F:\Git\JAVAProject\HDU_Minitor\target\classes\cn\hdu\HDU_Minitor\dao] for files matching pattern [F:/Git/JAVAProject/HDU_Minitor/target/classes/cn/hdu/HDU_Minitor/**/*.class]
14:07:09.507 [main] DEBUG o.s.c.i.s.PathMatchingResourcePatternResolver - Searching directory [F:\Git\JAVAProject\HDU_Minitor\target\classes\cn\hdu\HDU_Minitor\entity] for files matching pattern [F:/Git/JAVAProject/HDU_Minitor/target/classes/cn/hdu/HDU_Minitor/**/*.class]
14:07:09.508 [main] DEBUG o.s.c.i.s.PathMatchingResourcePatternResolver - Searching directory [F:\Git\JAVAProject\HDU_Minitor\target\classes\cn\hdu\HDU_Minitor\service] for files matching pattern [F:/Git/JAVAProject/HDU_Minitor/target/classes/cn/hdu/HDU_Minitor/**/*.class]
14:07:09.508 [main] DEBUG o.s.c.i.s.PathMatchingResourcePatternResolver - Searching directory [F:\Git\JAVAProject\HDU_Minitor\target\classes\cn\hdu\HDU_Minitor\service\ex] for files matching pattern [F:/Git/JAVAProject/HDU_Minitor/target/classes/cn/hdu/HDU_Minitor/**/*.class]
14:07:09.509 [main] DEBUG o.s.c.i.s.PathMatchingResourcePatternResolver - Searching directory [F:\Git\JAVAProject\HDU_Minitor\target\classes\cn\hdu\HDU_Minitor\util] for files matching pattern [F:/Git/JAVAProject/HDU_Minitor/target/classes/cn/hdu/HDU_Minitor/**/*.class]
14:07:09.510 [main] DEBUG o.s.c.i.s.PathMatchingResourcePatternResolver - Resolved location pattern [classpath*:cn/hdu/HDU_Minitor/**/*.class] to resources [file [F:\Git\JAVAProject\HDU_Minitor\target\classes\cn\hdu\HDU_Minitor\controller\AddBuildContorller.class], file [F:\Git\JAVAProject\HDU_Minitor\target\classes\cn\hdu\HDU_Minitor\controller\AddRoomController.class], file [F:\Git\JAVAProject\HDU_Minitor\target\classes\cn\hdu\HDU_Minitor\controller\AddUserController.class], file [F:\Git\JAVAProject\HDU_Minitor\target\classes\cn\hdu\HDU_Minitor\controller\AdminLoadUserController.class], file [F:\Git\JAVAProject\HDU_Minitor\target\classes\cn\hdu\HDU_Minitor\controller\DeleteUserController.class], file [F:\Git\JAVAProject\HDU_Minitor\target\classes\cn\hdu\HDU_Minitor\controller\device\DeviceUploadInfoController.class], file [F:\Git\JAVAProject\HDU_Minitor\target\classes\cn\hdu\HDU_Minitor\controller\LoadBuildController.class], file [F:\Git\JAVAProject\HDU_Minitor\target\classes\cn\hdu\HDU_Minitor\controller\LoadRoomController.class], file [F:\Git\JAVAProject\HDU_Minitor\target\classes\cn\hdu\HDU_Minitor\controller\RemoveBuildController.class], file [F:\Git\JAVAProject\HDU_Minitor\target\classes\cn\hdu\HDU_Minitor\controller\UserGetRdmPwdController.class], file [F:\Git\JAVAProject\HDU_Minitor\target\classes\cn\hdu\HDU_Minitor\controller\UserLoginController.class], file [F:\Git\JAVAProject\HDU_Minitor\target\classes\cn\hdu\HDU_Minitor\dao\BuildDao.class], file [F:\Git\JAVAProject\HDU_Minitor\target\classes\cn\hdu\HDU_Minitor\dao\DeviceDao.class], file [F:\Git\JAVAProject\HDU_Minitor\target\classes\cn\hdu\HDU_Minitor\dao\RoomDao.class], file [F:\Git\JAVAProject\HDU_Minitor\target\classes\cn\hdu\HDU_Minitor\dao\UserBuildDao.class], file [F:\Git\JAVAProject\HDU_Minitor\target\classes\cn\hdu\HDU_Minitor\dao\UserDao.class], file [F:\Git\JAVAProject\HDU_Minitor\target\classes\cn\hdu\HDU_Minitor\dao\UserRoomDao.class], file [F:\Git\JAVAProject\HDU_Minitor\target\classes\cn\hdu\HDU_Minitor\entity\Build.class], file [F:\Git\JAVAProject\HDU_Minitor\target\classes\cn\hdu\HDU_Minitor\entity\Device.class], file [F:\Git\JAVAProject\HDU_Minitor\target\classes\cn\hdu\HDU_Minitor\entity\Room.class], file [F:\Git\JAVAProject\HDU_Minitor\target\classes\cn\hdu\HDU_Minitor\entity\User.class], file [F:\Git\JAVAProject\HDU_Minitor\target\classes\cn\hdu\HDU_Minitor\entity\UserBuild.class], file [F:\Git\JAVAProject\HDU_Minitor\target\classes\cn\hdu\HDU_Minitor\entity\UserRoom.class], file [F:\Git\JAVAProject\HDU_Minitor\target\classes\cn\hdu\HDU_Minitor\service\BuildService.class], file [F:\Git\JAVAProject\HDU_Minitor\target\classes\cn\hdu\HDU_Minitor\service\BuildServiceImpl.class], file [F:\Git\JAVAProject\HDU_Minitor\target\classes\cn\hdu\HDU_Minitor\service\ex\InsertAndUpdateException.class], file [F:\Git\JAVAProject\HDU_Minitor\target\classes\cn\hdu\HDU_Minitor\service\ex\ServiceException.class], file [F:\Git\JAVAProject\HDU_Minitor\target\classes\cn\hdu\HDU_Minitor\service\RoomSericeImpl.class], file [F:\Git\JAVAProject\HDU_Minitor\target\classes\cn\hdu\HDU_Minitor\service\RoomService.class], file [F:\Git\JAVAProject\HDU_Minitor\target\classes\cn\hdu\HDU_Minitor\service\UserService.class], file [F:\Git\JAVAProject\HDU_Minitor\target\classes\cn\hdu\HDU_Minitor\service\UserServiceImpl$1.class], file [F:\Git\JAVAProject\HDU_Minitor\target\classes\cn\hdu\HDU_Minitor\service\UserServiceImpl$2.class], file [F:\Git\JAVAProject\HDU_Minitor\target\classes\cn\hdu\HDU_Minitor\service\UserServiceImpl$3.class], file [F:\Git\JAVAProject\HDU_Minitor\target\classes\cn\hdu\HDU_Minitor\service\UserServiceImpl.class], file [F:\Git\JAVAProject\HDU_Minitor\target\classes\cn\hdu\HDU_Minitor\util\MinitorResult.class], file [F:\Git\JAVAProject\HDU_Minitor\target\classes\cn\hdu\HDU_Minitor\util\MinitorUtil.class], file [F:\Git\JAVAProject\HDU_Minitor\target\classes\cn\hdu\HDU_Minitor\util\SendPhoneMsg.class]]
14:07:09.511 [main] DEBUG o.s.c.a.ClassPathBeanDefinitionScanner - Identified candidate component class: file [F:\Git\JAVAProject\HDU_Minitor\target\classes\cn\hdu\HDU_Minitor\controller\AddBuildContorller.class]
14:07:09.512 [main] DEBUG o.s.c.a.ClassPathBeanDefinitionScanner - Identified candidate component class: file [F:\Git\JAVAProject\HDU_Minitor\target\classes\cn\hdu\HDU_Minitor\controller\AddRoomController.class]
14:07:09.513 [main] DEBUG o.s.c.a.ClassPathBeanDefinitionScanner - Identified candidate component class: file [F:\Git\JAVAProject\HDU_Minitor\target\classes\cn\hdu\HDU_Minitor\controller\AddUserController.class]
14:07:09.514 [main] DEBUG o.s.c.a.ClassPathBeanDefinitionScanner - Identified candidate component class: file [F:\Git\JAVAProject\HDU_Minitor\target\classes\cn\hdu\HDU_Minitor\controller\AdminLoadUserController.class]
14:07:09.514 [main] DEBUG o.s.c.a.ClassPathBeanDefinitionScanner - Identified candidate component class: file [F:\Git\JAVAProject\HDU_Minitor\target\classes\cn\hdu\HDU_Minitor\controller\DeleteUserController.class]
14:07:09.515 [main] DEBUG o.s.c.a.ClassPathBeanDefinitionScanner - Identified candidate component class: file [F:\Git\JAVAProject\HDU_Minitor\target\classes\cn\hdu\HDU_Minitor\controller\device\DeviceUploadInfoController.class]
14:07:09.515 [main] DEBUG o.s.c.a.ClassPathBeanDefinitionScanner - Identified candidate component class: file [F:\Git\JAVAProject\HDU_Minitor\target\classes\cn\hdu\HDU_Minitor\controller\LoadBuildController.class]
14:07:09.517 [main] DEBUG o.s.c.a.ClassPathBeanDefinitionScanner - Identified candidate component class: file [F:\Git\JAVAProject\HDU_Minitor\target\classes\cn\hdu\HDU_Minitor\controller\LoadRoomController.class]
14:07:09.518 [main] DEBUG o.s.c.a.ClassPathBeanDefinitionScanner - Identified candidate component class: file [F:\Git\JAVAProject\HDU_Minitor\target\classes\cn\hdu\HDU_Minitor\controller\RemoveBuildController.class]
14:07:09.519 [main] DEBUG o.s.c.a.ClassPathBeanDefinitionScanner - Identified candidate component class: file [F:\Git\JAVAProject\HDU_Minitor\target\classes\cn\hdu\HDU_Minitor\controller\UserGetRdmPwdController.class]
14:07:09.520 [main] DEBUG o.s.c.a.ClassPathBeanDefinitionScanner - Identified candidate component class: file [F:\Git\JAVAProject\HDU_Minitor\target\classes\cn\hdu\HDU_Minitor\controller\UserLoginController.class]
14:07:09.524 [main] DEBUG o.s.c.a.ClassPathBeanDefinitionScanner - Identified candidate component class: file [F:\Git\JAVAProject\HDU_Minitor\target\classes\cn\hdu\HDU_Minitor\service\BuildServiceImpl.class]
14:07:09.525 [main] DEBUG o.s.c.a.ClassPathBeanDefinitionScanner - Identified candidate component class: file [F:\Git\JAVAProject\HDU_Minitor\target\classes\cn\hdu\HDU_Minitor\service\RoomSericeImpl.class]
14:07:09.528 [main] DEBUG o.s.c.a.ClassPathBeanDefinitionScanner - Identified candidate component class: file [F:\Git\JAVAProject\HDU_Minitor\target\classes\cn\hdu\HDU_Minitor\service\UserServiceImpl.class]
14:07:09.532 [main] DEBUG o.s.b.f.xml.XmlBeanDefinitionReader - Loaded 32 bean definitions from location pattern [conf/spring-mvc.xml]
14:07:09.532 [main] INFO  o.s.b.f.xml.XmlBeanDefinitionReader - Loading XML bean definitions from class path resource [conf/spring-mybatis.xml]
14:07:09.541 [main] DEBUG o.s.b.f.xml.DefaultDocumentLoader - Using JAXP provider [com.sun.org.apache.xerces.internal.jaxp.DocumentBuilderFactoryImpl]
14:07:09.543 [main] DEBUG o.s.b.f.xml.PluggableSchemaResolver - Found XML schema [http://www.springframework.org/schema/beans/spring-beans-3.2.xsd] in classpath: org/springframework/beans/factory/xml/spring-beans-3.2.xsd
14:07:09.552 [main] DEBUG o.s.b.f.x.DefaultBeanDefinitionDocumentReader - Loading bean definitions
14:07:09.553 [main] DEBUG o.s.b.f.xml.XmlBeanDefinitionReader - Loaded 3 bean definitions from location pattern [conf/spring-mybatis.xml]
14:07:09.553 [main] INFO  o.s.b.f.xml.XmlBeanDefinitionReader - Loading XML bean definitions from class path resource [conf/spring-transaction.xml]
14:07:09.574 [main] DEBUG o.s.b.f.xml.DefaultDocumentLoader - Using JAXP provider [com.sun.org.apache.xerces.internal.jaxp.DocumentBuilderFactoryImpl]
14:07:09.576 [main] DEBUG o.s.b.f.xml.PluggableSchemaResolver - Found XML schema [http://www.springframework.org/schema/beans/spring-beans-3.2.xsd] in classpath: org/springframework/beans/factory/xml/spring-beans-3.2.xsd
14:07:09.600 [main] DEBUG o.s.b.f.xml.PluggableSchemaResolver - Found XML schema [http://www.springframework.org/schema/tx/spring-tx-3.2.xsd] in classpath: org/springframework/transaction/config/spring-tx-3.2.xsd
14:07:09.602 [main] DEBUG o.s.b.f.xml.PluggableSchemaResolver - Found XML schema [http://www.springframework.org/schema/tool/spring-tool-3.2.xsd] in classpath: org/springframework/beans/factory/xml/spring-tool-3.2.xsd
14:07:09.605 [main] DEBUG o.s.b.f.x.DefaultBeanDefinitionDocumentReader - Loading bean definitions
14:07:09.606 [main] DEBUG o.s.b.f.xml.XmlBeanDefinitionReader - Loaded 6 bean definitions from location pattern [conf/spring-transaction.xml]
14:07:09.606 [main] DEBUG o.s.c.s.ClassPathXmlApplicationContext - Bean factory for org.springframework.context.support.ClassPathXmlApplicationContext@4c447c09: org.springframework.beans.factory.support.DefaultListableBeanFactory@38f77cd9: defining beans [addBuildContorller,addRoomController,addUserController,adminLoadUserController,deleteUserController,deviceUploadInfoController,loadBuildController,loadRoomController,removeBuildController,userGetRdmPwdController,userLoginController,buildService,roomService,userService,org.springframework.context.annotation.internalConfigurationAnnotationProcessor,org.springframework.context.annotation.internalAutowiredAnnotationProcessor,org.springframework.context.annotation.internalRequiredAnnotationProcessor,org.springframework.context.event.internalEventListenerProcessor,org.springframework.context.event.internalEventListenerFactory,mvcContentNegotiationManager,org.springframework.web.servlet.mvc.method.annotation.RequestMappingHandlerMapping,mvcCorsConfigurations,org.springframework.format.support.FormattingConversionServiceFactoryBean#0,org.springframework.web.servlet.mvc.method.annotation.RequestMappingHandlerAdapter,mvcUriComponentsContributor,org.springframework.web.servlet.handler.MappedInterceptor#0,org.springframework.web.servlet.mvc.method.annotation.ExceptionHandlerExceptionResolver#0,org.springframework.web.servlet.mvc.annotation.ResponseStatusExceptionResolver#0,org.springframework.web.servlet.mvc.support.DefaultHandlerExceptionResolver#0,org.springframework.web.servlet.handler.BeanNameUrlHandlerMapping,org.springframework.web.servlet.mvc.HttpRequestHandlerAdapter,org.springframework.web.servlet.mvc.SimpleControllerHandlerAdapter,dbcp,ssf,mapperScanner,txManger,org.springframework.transaction.config.internalTransactionalEventListenerFactory,org.springframework.aop.config.internalAutoProxyCreator,org.springframework.transaction.annotation.AnnotationTransactionAttributeSource#0,org.springframework.transaction.interceptor.TransactionInterceptor#0,org.springframework.transaction.config.internalTransactionAdvisor]; root of factory hierarchy
14:07:09.607 [main] DEBUG o.s.b.f.s.DefaultListableBeanFactory - Creating shared instance of singleton bean &apos;org.springframework.context.annotation.internalConfigurationAnnotationProcessor&apos;
14:07:09.607 [main] DEBUG o.s.b.f.s.DefaultListableBeanFactory - Creating instance of bean &apos;org.springframework.context.annotation.internalConfigurationAnnotationProcessor&apos;
14:07:09.608 [main] DEBUG o.s.b.f.s.DefaultListableBeanFactory - Eagerly caching bean &apos;org.springframework.context.annotation.internalConfigurationAnnotationProcessor&apos; to allow for resolving potential circular references
14:07:09.608 [main] DEBUG o.s.b.f.s.DefaultListableBeanFactory - Finished creating instance of bean &apos;org.springframework.context.annotation.internalConfigurationAnnotationProcessor&apos;
14:07:09.637 [main] DEBUG o.s.b.f.s.DefaultListableBeanFactory - Creating shared instance of singleton bean &apos;mapperScanner&apos;
14:07:09.637 [main] DEBUG o.s.b.f.s.DefaultListableBeanFactory - Creating instance of bean &apos;mapperScanner&apos;
14:07:09.637 [main] DEBUG o.s.b.f.s.DefaultListableBeanFactory - Eagerly caching bean &apos;mapperScanner&apos; to allow for resolving potential circular references
14:07:09.640 [main] DEBUG o.s.b.f.s.DefaultListableBeanFactory - Invoking afterPropertiesSet() on bean with name &apos;mapperScanner&apos;
14:07:09.640 [main] DEBUG o.s.b.f.s.DefaultListableBeanFactory - Finished creating instance of bean &apos;mapperScanner&apos;
14:07:09.640 [main] DEBUG o.s.core.env.StandardEnvironment - Adding PropertySource &apos;systemProperties&apos; with lowest search precedence
14:07:09.640 [main] DEBUG o.s.core.env.StandardEnvironment - Adding PropertySource &apos;systemEnvironment&apos; with lowest search precedence
14:07:09.640 [main] DEBUG o.s.core.env.StandardEnvironment - Initialized StandardEnvironment with PropertySources [MapPropertySource@1295803795 {name=&apos;systemProperties&apos;, properties={sun.desktop=windows, awt.toolkit=sun.awt.windows.WToolkit, java.specification.version=9, file.encoding.pkg=sun.io, sun.cpu.isalist=amd64, sun.jnu.encoding=GBK, java.class.path=F:\Git\JAVAProject\HDU_Minitor\target\test-classes;F:\Git\JAVAProject\HDU_Minitor\target\classes;E:\eclipse-workspace\.m2\repository\org\springframework\spring-webmvc\4.3.11.RELEASE\spring-webmvc-4.3.11.RELEASE.jar;E:\eclipse-workspace\.m2\repository\org\springframework\spring-aop\4.3.11.RELEASE\spring-aop-4.3.11.RELEASE.jar;E:\eclipse-workspace\.m2\repository\org\springframework\spring-beans\4.3.11.RELEASE\spring-beans-4.3.11.RELEASE.jar;E:\eclipse-workspace\.m2\repository\org\springframework\spring-context\4.3.11.RELEASE\spring-context-4.3.11.RELEASE.jar;E:\eclipse-workspace\.m2\repository\org\springframework\spring-core\4.3.11.RELEASE\spring-core-4.3.11.RELEASE.jar;E:\eclipse-workspace\.m2\repository\commons-logging\commons-logging\1.2\commons-logging-1.2.jar;E:\eclipse-workspace\.m2\repository\org\springframework\spring-expression\4.3.11.RELEASE\spring-expression-4.3.11.RELEASE.jar;E:\eclipse-workspace\.m2\repository\org\springframework\spring-web\4.3.11.RELEASE\spring-web-4.3.11.RELEASE.jar;E:\eclipse-workspace\.m2\repository\org\springframework\spring-jdbc\4.3.11.RELEASE\spring-jdbc-4.3.11.RELEASE.jar;E:\eclipse-workspace\.m2\repository\org\springframework\spring-tx\4.3.11.RELEASE\spring-tx-4.3.11.RELEASE.jar;E:\eclipse-workspace\.m2\repository\commons-dbcp\commons-dbcp\1.4\commons-dbcp-1.4.jar;E:\eclipse-workspace\.m2\repository\commons-pool\commons-pool\1.5.4\commons-pool-1.5.4.jar;E:\eclipse-workspace\.m2\repository\mysql\mysql-connector-java\5.1.37\mysql-connector-java-5.1.37.jar;E:\eclipse-workspace\.m2\repository\org\mybatis\mybatis\3.4.6\mybatis-3.4.6.jar;E:\eclipse-workspace\.m2\repository\org\mybatis\mybatis-spring\1.3.1\mybatis-spring-1.3.1.jar;E:\eclipse-workspace\.m2\repository\jstl\jstl\1.2\jstl-1.2.jar;E:\eclipse-workspace\.m2\repository\com\mangofactory\swagger-springmvc\1.0.2\swagger-springmvc-1.0.2.jar;E:\eclipse-workspace\.m2\repository\org\slf4j\slf4j-api\1.7.7\slf4j-api-1.7.7.jar;E:\eclipse-workspace\.m2\repository\joda-time\joda-time\2.5\joda-time-2.5.jar;E:\eclipse-workspace\.m2\repository\com\mangofactory\swagger-models\1.0.2\swagger-models-1.0.2.jar;E:\eclipse-workspace\.m2\repository\com\wordnik\swagger-annotations\1.3.11\swagger-annotations-1.3.11.jar;E:\eclipse-workspace\.m2\repository\com\google\guava\guava\15.0\guava-15.0.jar;E:\eclipse-workspace\.m2\repository\com\fasterxml\jackson\core\jackson-annotations\2.6.1\jackson-annotations-2.6.1.jar;E:\eclipse-workspace\.m2\repository\com\fasterxml\jackson\core\jackson-databind\2.6.1\jackson-databind-2.6.1.jar;E:\eclipse-workspace\.m2\repository\com\fasterxml\jackson\core\jackson-core\2.6.1\jackson-core-2.6.1.jar;E:\eclipse-workspace\.m2\repository\com\fasterxml\classmate\1.1.0\classmate-1.1.0.jar;E:\eclipse-workspace\.m2\repository\org\springframework\data\spring-data-redis\1.8.7.RELEASE\spring-data-redis-1.8.7.RELEASE.jar;E:\eclipse-workspace\.m2\repository\org\springframework\data\spring-data-keyvalue\1.2.7.RELEASE\spring-data-keyvalue-1.2.7.RELEASE.jar;E:\eclipse-workspace\.m2\repository\org\springframework\data\spring-data-commons\1.13.7.RELEASE\spring-data-commons-1.13.7.RELEASE.jar;E:\eclipse-workspace\.m2\repository\org\springframework\spring-oxm\4.3.11.RELEASE\spring-oxm-4.3.11.RELEASE.jar;E:\eclipse-workspace\.m2\repository\org\springframework\spring-context-support\4.3.11.RELEASE\spring-context-support-4.3.11.RELEASE.jar;E:\eclipse-workspace\.m2\repository\org\slf4j\jcl-over-slf4j\1.7.25\jcl-over-slf4j-1.7.25.jar;E:\eclipse-workspace\.m2\repository\redis\clients\jedis\2.9.0\jedis-2.9.0.jar;E:\eclipse-workspace\.m2\repository\org\apache\commons\commons-pool2\2.4.2\commons-pool2-2.4.2.jar;E:\eclipse-workspace\.m2\repository\ch\qos\logback\logback-classic\0.9.24\logback-classic-0.9.24.jar;E:\eclipse-workspace\.m2\repository\ch\qos\logback\logback-core\0.9.24\logback-core-0.9.24.jar;E:\eclipse-workspace\.m2\repository\log4j\log4j\1.2.17\log4j-1.2.17.jar;E:\eclipse-workspace\.m2\repository\org\aspectj\aspectjrt\1.8.10\aspectjrt-1.8.10.jar;E:\eclipse-workspace\.m2\repository\org\aspectj\aspectjweaver\1.8.10\aspectjweaver-1.8.10.jar;E:\eclipse-workspace\.m2\repository\junit\junit\4.11\junit-4.11.jar;E:\eclipse-workspace\.m2\repository\org\hamcrest\hamcrest-core\1.3\hamcrest-core-1.3.jar;E:\eclipse-workspace\.m2\repository\javax\servlet\servlet-api\2.5\servlet-api-2.5.jar;E:\eclipse-workspace\.m2\repository\javax\servlet\jsp\jsp-api\2.1.3-b06\jsp-api-2.1.3-b06.jar;E:\eclipse-workspace\.m2\repository\org\glassfish\javax.servlet\3.0-b70\javax.servlet-3.0-b70.jar;E:\eclipse-workspace\.m2\repository\javax\el\el-api\2.1.2-b05\el-api-2.1.2-b05.jar;, java.vm.vendor=Oracle Corporation, sun.arch.data.model=64, user.variant=, java.vendor.url=http://java.oracle.com/, user.timezone=Asia/Shanghai, os.name=Windows 7, java.vm.specification.version=9, sun.java.launcher=SUN_STANDARD, user.country=CN, sun.boot.library.path=E:\Java\jdk 9.01\bin, sun.java.command=F:\Git\JAVAProject\HDU_Minitor\target\surefire\surefirebooter9040375031050353846.jar F:\Git\JAVAProject\HDU_Minitor\target\surefire\surefire6366189002758959061tmp F:\Git\JAVAProject\HDU_Minitor\target\surefire\surefire_013619108730529990772tmp, jdk.debug=release, surefire.test.class.path=F:\Git\JAVAProject\HDU_Minitor\target\test-classes;F:\Git\JAVAProject\HDU_Minitor\target\classes;E:\eclipse-workspace\.m2\repository\org\springframework\spring-webmvc\4.3.11.RELEASE\spring-webmvc-4.3.11.RELEASE.jar;E:\eclipse-workspace\.m2\repository\org\springframework\spring-aop\4.3.11.RELEASE\spring-aop-4.3.11.RELEASE.jar;E:\eclipse-workspace\.m2\repository\org\springframework\spring-beans\4.3.11.RELEASE\spring-beans-4.3.11.RELEASE.jar;E:\eclipse-workspace\.m2\repository\org\springframework\spring-context\4.3.11.RELEASE\spring-context-4.3.11.RELEASE.jar;E:\eclipse-workspace\.m2\repository\org\springframework\spring-core\4.3.11.RELEASE\spring-core-4.3.11.RELEASE.jar;E:\eclipse-workspace\.m2\repository\commons-logging\commons-logging\1.2\commons-logging-1.2.jar;E:\eclipse-workspace\.m2\repository\org\springframework\spring-expression\4.3.11.RELEASE\spring-expression-4.3.11.RELEASE.jar;E:\eclipse-workspace\.m2\repository\org\springframework\spring-web\4.3.11.RELEASE\spring-web-4.3.11.RELEASE.jar;E:\eclipse-workspace\.m2\repository\org\springframework\spring-jdbc\4.3.11.RELEASE\spring-jdbc-4.3.11.RELEASE.jar;E:\eclipse-workspace\.m2\repository\org\springframework\spring-tx\4.3.11.RELEASE\spring-tx-4.3.11.RELEASE.jar;E:\eclipse-workspace\.m2\repository\commons-dbcp\commons-dbcp\1.4\commons-dbcp-1.4.jar;E:\eclipse-workspace\.m2\repository\commons-pool\commons-pool\1.5.4\commons-pool-1.5.4.jar;E:\eclipse-workspace\.m2\repository\mysql\mysql-connector-java\5.1.37\mysql-connector-java-5.1.37.jar;E:\eclipse-workspace\.m2\repository\org\mybatis\mybatis\3.4.6\mybatis-3.4.6.jar;E:\eclipse-workspace\.m2\repository\org\mybatis\mybatis-spring\1.3.1\mybatis-spring-1.3.1.jar;E:\eclipse-workspace\.m2\repository\jstl\jstl\1.2\jstl-1.2.jar;E:\eclipse-workspace\.m2\repository\com\mangofactory\swagger-springmvc\1.0.2\swagger-springmvc-1.0.2.jar;E:\eclipse-workspace\.m2\repository\org\slf4j\slf4j-api\1.7.7\slf4j-api-1.7.7.jar;E:\eclipse-workspace\.m2\repository\joda-time\joda-time\2.5\joda-time-2.5.jar;E:\eclipse-workspace\.m2\repository\com\mangofactory\swagger-models\1.0.2\swagger-models-1.0.2.jar;E:\eclipse-workspace\.m2\repository\com\wordnik\swagger-annotations\1.3.11\swagger-annotations-1.3.11.jar;E:\eclipse-workspace\.m2\repository\com\google\guava\guava\15.0\guava-15.0.jar;E:\eclipse-workspace\.m2\repository\com\fasterxml\jackson\core\jackson-annotations\2.6.1\jackson-annotations-2.6.1.jar;E:\eclipse-workspace\.m2\repository\com\fasterxml\jackson\core\jackson-databind\2.6.1\jackson-databind-2.6.1.jar;E:\eclipse-workspace\.m2\repository\com\fasterxml\jackson\core\jackson-core\2.6.1\jackson-core-2.6.1.jar;E:\eclipse-workspace\.m2\repository\com\fasterxml\classmate\1.1.0\classmate-1.1.0.jar;E:\eclipse-workspace\.m2\repository\org\springframework\data\spring-data-redis\1.8.7.RELEASE\spring-data-redis-1.8.7.RELEASE.jar;E:\eclipse-workspace\.m2\repository\org\springframework\data\spring-data-keyvalue\1.2.7.RELEASE\spring-data-keyvalue-1.2.7.RELEASE.jar;E:\eclipse-workspace\.m2\repository\org\springframework\data\spring-data-commons\1.13.7.RELEASE\spring-data-commons-1.13.7.RELEASE.jar;E:\eclipse-workspace\.m2\repository\org\springframework\spring-oxm\4.3.11.RELEASE\spring-oxm-4.3.11.RELEASE.jar;E:\eclipse-workspace\.m2\repository\org\springframework\spring-context-support\4.3.11.RELEASE\spring-context-support-4.3.11.RELEASE.jar;E:\eclipse-workspace\.m2\repository\org\slf4j\jcl-over-slf4j\1.7.25\jcl-over-slf4j-1.7.25.jar;E:\eclipse-workspace\.m2\repository\redis\clients\jedis\2.9.0\jedis-2.9.0.jar;E:\eclipse-workspace\.m2\repository\org\apache\commons\commons-pool2\2.4.2\commons-pool2-2.4.2.jar;E:\eclipse-workspace\.m2\repository\ch\qos\logback\logback-classic\0.9.24\logb
[...]
14:07:12.475 [main] DEBUG o.s.b.f.s.DefaultListableBeanFactory - Creating instance of bean &apos;org.springframework.web.servlet.mvc.HttpRequestHandlerAdapter&apos;
14:07:12.475 [main] DEBUG o.s.b.f.s.DefaultListableBeanFactory - Eagerly caching bean &apos;org.springframework.web.servlet.mvc.HttpRequestHandlerAdapter&apos; to allow for resolving potential circular references
14:07:12.476 [main] DEBUG o.s.b.f.s.DefaultListableBeanFactory - Returning cached instance of singleton bean &apos;org.springframework.transaction.config.internalTransactionAdvisor&apos;
14:07:12.476 [main] DEBUG o.s.b.f.s.DefaultListableBeanFactory - Finished creating instance of bean &apos;org.springframework.web.servlet.mvc.HttpRequestHandlerAdapter&apos;
14:07:12.477 [main] DEBUG o.s.b.f.s.DefaultListableBeanFactory - Creating shared instance of singleton bean &apos;org.springframework.web.servlet.mvc.SimpleControllerHandlerAdapter&apos;
14:07:12.477 [main] DEBUG o.s.b.f.s.DefaultListableBeanFactory - Creating instance of bean &apos;org.springframework.web.servlet.mvc.SimpleControllerHandlerAdapter&apos;
14:07:12.477 [main] DEBUG o.s.b.f.s.DefaultListableBeanFactory - Eagerly caching bean &apos;org.springframework.web.servlet.mvc.SimpleControllerHandlerAdapter&apos; to allow for resolving potential circular references
14:07:12.477 [main] DEBUG o.s.b.f.s.DefaultListableBeanFactory - Returning cached instance of singleton bean &apos;org.springframework.transaction.config.internalTransactionAdvisor&apos;
14:07:12.478 [main] DEBUG o.s.b.f.s.DefaultListableBeanFactory - Finished creating instance of bean &apos;org.springframework.web.servlet.mvc.SimpleControllerHandlerAdapter&apos;
14:07:12.478 [main] DEBUG o.s.b.f.s.DefaultListableBeanFactory - Creating shared instance of singleton bean &apos;dbcp&apos;
14:07:12.478 [main] DEBUG o.s.b.f.s.DefaultListableBeanFactory - Creating instance of bean &apos;dbcp&apos;
14:07:12.478 [main] DEBUG o.s.b.f.s.DefaultListableBeanFactory - Eagerly caching bean &apos;dbcp&apos; to allow for resolving potential circular references
14:07:12.479 [main] DEBUG o.s.b.f.s.DefaultListableBeanFactory - Returning cached instance of singleton bean &apos;org.springframework.transaction.config.internalTransactionAdvisor&apos;
14:07:12.479 [main] DEBUG o.s.b.f.s.DefaultListableBeanFactory - Finished creating instance of bean &apos;dbcp&apos;
14:07:12.479 [main] DEBUG o.s.b.f.s.DefaultListableBeanFactory - Creating shared instance of singleton bean &apos;ssf&apos;
14:07:12.479 [main] DEBUG o.s.b.f.s.DefaultListableBeanFactory - Creating instance of bean &apos;ssf&apos;
14:07:12.480 [main] DEBUG o.s.b.f.s.DefaultListableBeanFactory - Eagerly caching bean &apos;ssf&apos; to allow for resolving potential circular references
14:07:12.481 [main] DEBUG o.s.b.f.s.DefaultListableBeanFactory - Returning cached instance of singleton bean &apos;dbcp&apos;
14:07:12.482 [main] DEBUG o.s.c.i.s.PathMatchingResourcePatternResolver - Looking for matching resources in directory tree [F:\Git\JAVAProject\HDU_Minitor\target\classes\mapper]
14:07:12.482 [main] DEBUG o.s.c.i.s.PathMatchingResourcePatternResolver - Searching directory [F:\Git\JAVAProject\HDU_Minitor\target\classes\mapper] for files matching pattern [F:/Git/JAVAProject/HDU_Minitor/target/classes/mapper/*.xml]
14:07:12.483 [main] DEBUG o.s.c.i.s.PathMatchingResourcePatternResolver - Resolved location pattern [classpath:mapper/*.xml] to resources [file [F:\Git\JAVAProject\HDU_Minitor\target\classes\mapper\BuildMapper.xml], file [F:\Git\JAVAProject\HDU_Minitor\target\classes\mapper\DeviceMapper.xml], file [F:\Git\JAVAProject\HDU_Minitor\target\classes\mapper\RoomMapper.xml], file [F:\Git\JAVAProject\HDU_Minitor\target\classes\mapper\UserBuildMapper.xml], file [F:\Git\JAVAProject\HDU_Minitor\target\classes\mapper\UserMapper.xml], file [F:\Git\JAVAProject\HDU_Minitor\target\classes\mapper\UserRoomMapper.xml]]
14:07:12.483 [main] DEBUG o.s.b.f.s.DefaultListableBeanFactory - Invoking afterPropertiesSet() on bean with name &apos;ssf&apos;
14:07:12.494 [main] DEBUG o.m.spring.SqlSessionFactoryBean - Parsed configuration file: &apos;class path resource [conf/mybatis-config.xml]&apos;
14:07:12.502 [main] DEBUG o.m.spring.SqlSessionFactoryBean - Parsed mapper file: &apos;file [F:\Git\JAVAProject\HDU_Minitor\target\classes\mapper\BuildMapper.xml]&apos;
14:07:12.510 [main] DEBUG o.m.spring.SqlSessionFactoryBean - Parsed mapper file: &apos;file [F:\Git\JAVAProject\HDU_Minitor\target\classes\mapper\DeviceMapper.xml]&apos;
14:07:12.523 [main] DEBUG o.m.spring.SqlSessionFactoryBean - Parsed mapper file: &apos;file [F:\Git\JAVAProject\HDU_Minitor\target\classes\mapper\RoomMapper.xml]&apos;
14:07:12.531 [main] DEBUG o.m.spring.SqlSessionFactoryBean - Parsed mapper file: &apos;file [F:\Git\JAVAProject\HDU_Minitor\target\classes\mapper\UserBuildMapper.xml]&apos;
14:07:12.545 [main] DEBUG o.m.spring.SqlSessionFactoryBean - Parsed mapper file: &apos;file [F:\Git\JAVAProject\HDU_Minitor\target\classes\mapper\UserMapper.xml]&apos;
14:07:12.584 [main] DEBUG o.m.spring.SqlSessionFactoryBean - Parsed mapper file: &apos;file [F:\Git\JAVAProject\HDU_Minitor\target\classes\mapper\UserRoomMapper.xml]&apos;
14:07:12.584 [main] DEBUG o.s.b.f.s.DefaultListableBeanFactory - Returning cached instance of singleton bean &apos;org.springframework.transaction.config.internalTransactionAdvisor&apos;
14:07:12.584 [main] DEBUG o.s.b.f.s.DefaultListableBeanFactory - Finished creating instance of bean &apos;ssf&apos;
14:07:12.584 [main] DEBUG o.s.b.f.s.DefaultListableBeanFactory - Returning cached instance of singleton bean &apos;mapperScanner&apos;
14:07:12.584 [main] DEBUG o.s.b.f.s.DefaultListableBeanFactory - Creating shared instance of singleton bean &apos;txManger&apos;
14:07:12.584 [main] DEBUG o.s.b.f.s.DefaultListableBeanFactory - Creating instance of bean &apos;txManger&apos;
14:07:12.584 [main] DEBUG o.s.b.f.s.DefaultListableBeanFactory - Eagerly caching bean &apos;txManger&apos; to allow for resolving potential circular references
14:07:12.586 [main] DEBUG o.s.b.f.s.DefaultListableBeanFactory - Returning cached instance of singleton bean &apos;dbcp&apos;
14:07:12.586 [main] DEBUG o.s.b.f.s.DefaultListableBeanFactory - Invoking afterPropertiesSet() on bean with name &apos;txManger&apos;
14:07:12.586 [main] DEBUG o.s.b.f.s.DefaultListableBeanFactory - Returning cached instance of singleton bean &apos;org.springframework.transaction.config.internalTransactionAdvisor&apos;
14:07:12.587 [main] DEBUG o.s.b.f.s.DefaultListableBeanFactory - Finished creating instance of bean &apos;txManger&apos;
14:07:12.587 [main] DEBUG o.s.b.f.s.DefaultListableBeanFactory - Creating shared instance of singleton bean &apos;org.springframework.transaction.config.internalTransactionalEventListenerFactory&apos;
14:07:12.587 [main] DEBUG o.s.b.f.s.DefaultListableBeanFactory - Creating instance of bean &apos;org.springframework.transaction.config.internalTransactionalEventListenerFactory&apos;
14:07:12.587 [main] DEBUG o.s.b.f.s.DefaultListableBeanFactory - Eagerly caching bean &apos;org.springframework.transaction.config.internalTransactionalEventListenerFactory&apos; to allow for resolving potential circular references
14:07:12.588 [main] DEBUG o.s.b.f.s.DefaultListableBeanFactory - Returning cached instance of singleton bean &apos;org.springframework.transaction.config.internalTransactionAdvisor&apos;
14:07:12.588 [main] DEBUG o.s.b.f.s.DefaultListableBeanFactory - Finished creating instance of bean &apos;org.springframework.transaction.config.internalTransactionalEventListenerFactory&apos;
14:07:12.588 [main] DEBUG o.s.b.f.s.DefaultListableBeanFactory - Returning cached instance of singleton bean &apos;org.springframework.aop.config.internalAutoProxyCreator&apos;
14:07:12.588 [main] DEBUG o.s.b.f.s.DefaultListableBeanFactory - Returning cached instance of singleton bean &apos;org.springframework.transaction.annotation.AnnotationTransactionAttributeSource#0&apos;
14:07:12.588 [main] DEBUG o.s.b.f.s.DefaultListableBeanFactory - Creating shared instance of singleton bean &apos;org.springframework.transaction.interceptor.TransactionInterceptor#0&apos;
14:07:12.588 [main] DEBUG o.s.b.f.s.DefaultListableBeanFactory - Creating instance of bean &apos;org.springframework.transaction.interceptor.TransactionInterceptor#0&apos;
14:07:12.589 [main] DEBUG o.s.b.f.s.DefaultListableBeanFactory - Eagerly caching bean &apos;org.springframework.transaction.interceptor.TransactionInterceptor#0&apos; to allow for resolving potential circular references
14:07:12.590 [main] DEBUG o.s.b.f.s.DefaultListableBeanFactory - Returning cached instance of singleton bean &apos;org.springframework.transaction.annotation.AnnotationTransactionAttributeSource#0&apos;
14:07:12.591 [main] DEBUG o.s.b.f.s.DefaultListableBeanFactory - Invoking afterPropertiesSet() on bean with name &apos;org.springframework.transaction.interceptor.TransactionInterceptor#0&apos;
14:07:12.591 [main] DEBUG o.s.b.f.s.DefaultListableBeanFactory - Finished creating instance of bean &apos;org.springframework.transaction.interceptor.TransactionInterceptor#0&apos;
14:07:12.592 [main] DEBUG o.s.b.f.s.DefaultListableBeanFactory - Returning cached instance of singleton bean &apos;org.springframework.transaction.config.internalTransactionAdvisor&apos;
14:07:12.592 [main] DEBUG o.s.b.f.s.DefaultListableBeanFactory - Creating shared instance of singleton bean &apos;buildDao&apos;
14:07:12.592 [main] DEBUG o.s.b.f.s.DefaultListableBeanFactory - Creating instance of bean &apos;buildDao&apos;
14:07:12.592 [main] DEBUG o.s.b.f.s.DefaultListableBeanFactory - Eagerly caching bean &apos;buildDao&apos; to allow for resolving potential circular references
14:07:12.596 [main] DEBUG o.s.b.f.s.DefaultListableBeanFactory - Returning cached instance of singleton bean &apos;ssf&apos;
14:07:12.596 [main] DEBUG o.s.b.f.s.DefaultListableBeanFactory - Returning cached instance of singleton bean &apos;org.springframework.transaction.config.internalTransactionAdvisor&apos;
14:07:12.597 [main] DEBUG o.s.b.f.s.DefaultListableBeanFactory - Autowiring by type from bean name &apos;buildDao&apos; via property &apos;sqlSessionFactory&apos; to bean named &apos;ssf&apos;
14:07:12.597 [main] DEBUG o.s.b.f.s.DefaultListableBeanFactory - Invoking afterPropertiesSet() on bean with name &apos;buildDao&apos;
14:07:12.597 [main] DEBUG o.s.b.f.s.DefaultListableBeanFactory - Returning cached instance of singleton bean &apos;org.springframework.transaction.config.internalTransactionAdvisor&apos;
14:07:12.598 [main] DEBUG o.s.b.f.s.DefaultListableBeanFactory - Finished creating instance of bean &apos;buildDao&apos;
14:07:12.598 [main] DEBUG o.s.b.f.s.DefaultListableBeanFactory - Creating shared instance of singleton bean &apos;deviceDao&apos;
14:07:12.598 [main] DEBUG o.s.b.f.s.DefaultListableBeanFactory - Creating instance of bean &apos;deviceDao&apos;
14:07:12.598 [main] DEBUG o.s.b.f.s.DefaultListableBeanFactory - Eagerly caching bean &apos;deviceDao&apos; to allow for resolving potential circular references
14:07:12.598 [main] DEBUG o.s.b.f.s.DefaultListableBeanFactory - Returning cached instance of singleton bean &apos;ssf&apos;
14:07:12.598 [main] DEBUG o.s.b.f.s.DefaultListableBeanFactory - Autowiring by type from bean name &apos;deviceDao&apos; via property &apos;sqlSessionFactory&apos; to bean named &apos;ssf&apos;
14:07:12.598 [main] DEBUG o.s.b.f.s.DefaultListableBeanFactory - Invoking afterPropertiesSet() on bean with name &apos;deviceDao&apos;
14:07:12.598 [main] DEBUG o.s.b.f.s.DefaultListableBeanFactory - Returning cached instance of singleton bean &apos;org.springframework.transaction.config.internalTransactionAdvisor&apos;
14:07:12.598 [main] DEBUG o.s.b.f.s.DefaultListableBeanFactory - Finished creating instance of bean &apos;deviceDao&apos;
14:07:12.598 [main] DEBUG o.s.b.f.s.DefaultListableBeanFactory - Creating shared instance of singleton bean &apos;roomDao&apos;
14:07:12.598 [main] DEBUG o.s.b.f.s.DefaultListableBeanFactory - Creating instance of bean &apos;roomDao&apos;
14:07:12.598 [main] DEBUG o.s.b.f.s.DefaultListableBeanFactory - Eagerly caching bean &apos;roomDao&apos; to allow for resolving potential circular references
14:07:12.599 [main] DEBUG o.s.b.f.s.DefaultListableBeanFactory - Returning cached instance of singleton bean &apos;ssf&apos;
14:07:12.599 [main] DEBUG o.s.b.f.s.DefaultListableBeanFactory - Autowiring by type from bean name &apos;roomDao&apos; via property &apos;sqlSessionFactory&apos; to bean named &apos;ssf&apos;
14:07:12.599 [main] DEBUG o.s.b.f.s.DefaultListableBeanFactory - Invoking afterPropertiesSet() on bean with name &apos;roomDao&apos;
14:07:12.599 [main] DEBUG o.s.b.f.s.DefaultListableBeanFactory - Returning cached instance of singleton bean &apos;org.springframework.transaction.config.internalTransactionAdvisor&apos;
14:07:12.599 [main] DEBUG o.s.b.f.s.DefaultListableBeanFactory - Finished creating instance of bean &apos;roomDao&apos;
14:07:12.599 [main] DEBUG o.s.b.f.s.DefaultListableBeanFactory - Creating shared instance of singleton bean &apos;userBuildDao&apos;
14:07:12.599 [main] DEBUG o.s.b.f.s.DefaultListableBeanFactory - Creating instance of bean &apos;userBuildDao&apos;
14:07:12.599 [main] DEBUG o.s.b.f.s.DefaultListableBeanFactory - Eagerly caching bean &apos;userBuildDao&apos; to allow for resolving potential circular references
14:07:12.599 [main] DEBUG o.s.b.f.s.DefaultListableBeanFactory - Returning cached instance of singleton bean &apos;ssf&apos;
14:07:12.599 [main] DEBUG o.s.b.f.s.DefaultListableBeanFactory - Autowiring by type from bean name &apos;userBuildDao&apos; via property &apos;sqlSessionFactory&apos; to bean named &apos;ssf&apos;
14:07:12.599 [main] DEBUG o.s.b.f.s.DefaultListableBeanFactory - Invoking afterPropertiesSet() on bean with name &apos;userBuildDao&apos;
14:07:12.600 [main] DEBUG o.s.b.f.s.DefaultListableBeanFactory - Returning cached instance of singleton bean &apos;org.springframework.transaction.config.internalTransactionAdvisor&apos;
14:07:12.600 [main] DEBUG o.s.b.f.s.DefaultListableBeanFactory - Finished creating instance of bean &apos;userBuildDao&apos;
14:07:12.601 [main] DEBUG o.s.b.f.s.DefaultListableBeanFactory - Creating shared instance of singleton bean &apos;userDao&apos;
14:07:12.601 [main] DEBUG o.s.b.f.s.DefaultListableBeanFactory - Creating instance of bean &apos;userDao&apos;
14:07:12.601 [main] DEBUG o.s.b.f.s.DefaultListableBeanFactory - Eagerly caching bean &apos;userDao&apos; to allow for resolving potential circular references
14:07:12.601 [main] DEBUG o.s.b.f.s.DefaultListableBeanFactory - Returning cached instance of singleton bean &apos;ssf&apos;
14:07:12.601 [main] DEBUG o.s.b.f.s.DefaultListableBeanFactory - Autowiring by type from bean name &apos;userDao&apos; via property &apos;sqlSessionFactory&apos; to bean named &apos;ssf&apos;
14:07:12.601 [main] DEBUG o.s.b.f.s.DefaultListableBeanFactory - Invoking afterPropertiesSet() on bean with name &apos;userDao&apos;
14:07:12.601 [main] DEBUG o.s.b.f.s.DefaultListableBeanFactory - Returning cached instance of singleton bean &apos;org.springframework.transaction.config.internalTransactionAdvisor&apos;
14:07:12.601 [main] DEBUG o.s.b.f.s.DefaultListableBeanFactory - Finished creating instance of bean &apos;userDao&apos;
14:07:12.601 [main] DEBUG o.s.b.f.s.DefaultListableBeanFactory - Creating shared instance of singleton bean &apos;userRoomDao&apos;
14:07:12.601 [main] DEBUG o.s.b.f.s.DefaultListableBeanFactory - Creating instance of bean &apos;userRoomDao&apos;
14:07:12.601 [main] DEBUG o.s.b.f.s.DefaultListableBeanFactory - Eagerly caching bean &apos;userRoomDao&apos; to allow for resolving potential circular references
14:07:12.602 [main] DEBUG o.s.b.f.s.DefaultListableBeanFactory - Returning cached instance of singleton bean &apos;ssf&apos;
14:07:12.602 [main] DEBUG o.s.b.f.s.DefaultListableBeanFactory - Autowiring by type from bean name &apos;userRoomDao&apos; via property &apos;sqlSessionFactory&apos; to bean named &apos;ssf&apos;
14:07:12.602 [main] DEBUG o.s.b.f.s.DefaultListableBeanFactory - Invoking afterPropertiesSet() on bean with name &apos;userRoomDao&apos;
14:07:12.602 [main] DEBUG o.s.b.f.s.DefaultListableBeanFactory - Returning cached instance of singleton bean &apos;org.springframework.transaction.config.internalTransactionAdvisor&apos;
14:07:12.602 [main] DEBUG o.s.b.f.s.DefaultListableBeanFactory - Finished creating instance of bean &apos;userRoomDao&apos;
14:07:12.603 [main] DEBUG o.s.b.f.s.DefaultListableBeanFactory - Returning cached instance of singleton bean &apos;org.springframework.context.event.internalEventListenerFactory&apos;
14:07:12.603 [main] DEBUG o.s.b.f.s.DefaultListableBeanFactory - Returning cached instance of singleton bean &apos;org.springframework.transaction.config.internalTransactionalEventListenerFactory&apos;
14:07:12.642 [main] DEBUG o.s.c.s.ClassPathXmlApplicationContext - Unable to locate LifecycleProcessor with name &apos;lifecycleProcessor&apos;: using default [org.springframework.context.support.DefaultLifecycleProcessor@49fb0bbd]
14:07:12.643 [main] DEBUG o.s.b.f.s.DefaultListableBeanFactory - Returning cached instance of singleton bean &apos;lifecycleProcessor&apos;
14:07:12.643 [main] DEBUG o.s.b.f.s.DefaultListableBeanFactory - Returning cached instance of singleton bean &apos;ssf&apos;
14:07:12.643 [main] DEBUG o.s.c.e.PropertySourcesPropertyResolver - Could not find key &apos;spring.liveBeansView.mbeanDomain&apos; in any property source
14:07:12.643 [main] DEBUG o.s.b.f.s.DefaultListableBeanFactory - Returning cached instance of singleton bean &apos;userDao&apos;
14:07:12.643 [main] DEBUG o.s.b.f.s.DefaultListableBeanFactory - Returning cached instance of singleton bean &apos;org.springframework.transaction.config.internalTransactionAdvisor&apos;
14:07:12.644 [main] DEBUG o.s.b.f.s.DefaultListableBeanFactory - Returning cached instance of singleton bean &apos;userService&apos;
14:07:12.644 [main] DEBUG o.s.b.f.s.DefaultListableBeanFactory - Returning cached instance of singleton bean &apos;org.springframework.transaction.interceptor.TransactionInterceptor#0&apos;
14:07:12.644 [main] DEBUG o.s.b.f.s.DefaultListableBeanFactory - Returning cached instance of singleton bean &apos;txManger&apos;
14:07:12.644 [main] DEBUG o.s.j.d.DataSourceTransactionManager - Creating new transaction with name [cn.hdu.HDU_Minitor.service.UserServiceImpl.insertOrUpdateUserInfo]: PROPAGATION_REQUIRED,ISOLATION_DEFAULT; &apos;&apos;
14:07:12.667 [main] DEBUG o.s.j.d.DataSourceTransactionManager - Acquired Connection [jdbc:mysql://192.168.1.188:3306/hdu_monitor?useUnicode=true&amp;characterEncoding=utf8&amp;allowMultiQueries=true, UserName=root@192.168.1.158, MySQL Connector Java] for JDBC transaction
14:07:12.668 [main] DEBUG o.s.j.d.DataSourceTransactionManager - Switching JDBC Connection [jdbc:mysql://192.168.1.188:3306/hdu_monitor?useUnicode=true&amp;characterEncoding=utf8&amp;allowMultiQueries=true, UserName=root@192.168.1.158, MySQL Connector Java] to manual commit
14:07:12.668 [main] DEBUG o.s.j.d.DataSourceTransactionManager - Initiating transaction rollback
14:07:12.670 [main] DEBUG o.s.j.d.DataSourceTransactionManager - Rolling back JDBC transaction on Connection [jdbc:mysql://192.168.1.188:3306/hdu_monitor?useUnicode=true&amp;characterEncoding=utf8&amp;allowMultiQueries=true, UserName=root@192.168.1.158, MySQL Connector Java]
14:07:12.672 [main] DEBUG o.s.j.d.DataSourceTransactionManager - Releasing JDBC Connection [jdbc:mysql://192.168.1.188:3306/hdu_monitor?useUnicode=true&amp;characterEncoding=utf8&amp;allowMultiQueries=true, UserName=root@192.168.1.158, MySQL Connector Java] after transaction
14:07:12.672 [main] DEBUG o.s.jdbc.datasource.DataSourceUtils - Returning JDBC Connection to DataSource
</system-out>
  </testcase>
</testsuite>